<html>
<head>
<title>TestNG:  Command line test</title>
<link href="../testng.css" rel="stylesheet" type="text/css" />
<link href="../my-testng.css" rel="stylesheet" type="text/css" />

<style type="text/css">
.log { display: none;} 
.stack-trace { display: none;} 
</style>
<script type="text/javascript">
<!--
function flip(e) {
  current = e.style.display;
  if (current == 'block') {
    e.style.display = 'none';
    return 0;
  }
  else {
    e.style.display = 'block';
    return 1;
  }
}

function toggleBox(szDivId, elem, msg1, msg2)
{
  var res = -1;  if (document.getElementById) {
    res = flip(document.getElementById(szDivId));
  }
  else if (document.all) {
    // this is the way old msie versions work
    res = flip(document.all[szDivId]);
  }
  if(elem) {
    if(res == 0) elem.innerHTML = msg1; else elem.innerHTML = msg2;
  }

}

function toggleAllBoxes() {
  if (document.getElementsByTagName) {
    d = document.getElementsByTagName('div');
    for (i = 0; i < d.length; i++) {
      if (d[i].className == 'log') {
        flip(d[i]);
      }
    }
  }
}

// -->
</script>

</head>
<body>
<h2 align='center'>Command line test</h2><table border='1' align="center">
<tr>
<td>Tests passed/Failed/Skipped:</td><td>226/0/0</td>
</tr><tr>
<td>Started on:</td><td>Thu Jan 16 16:19:25 FET 2014</td>
</tr>
<tr><td>Total time:</td><td>0 seconds (640 ms)</td>
</tr><tr>
<td>Included groups:</td><td></td>
</tr><tr>
<td>Excluded groups:</td><td></td>
</tr>
</table><p/>
<small><i>(Hover the method name to see the test class name)</i></small><p/>
<table width='100%' border='1' class='invocation-passed'>
<tr><td colspan='4' align='center'><b>PASSED TESTS</b></td></tr>
<tr><td><b>Test method</b></td>
<td width="30%"><b>Exception</b></td>
<td width="10%"><b>Time (seconds)</b></td>
<td><b>Instance</b></td>
</tr>
<tr>
<td title='storm.starter.tools.RankableObjectWithFieldsTest.constructorWithNegativeCountAndFieldsShouldThrowIAE()'><b>constructorWithNegativeCountAndFieldsShouldThrowIAE</b><br>Test class: storm.starter.tools.RankableObjectWithFieldsTest</td>
<td><div><pre>java.lang.IllegalArgumentException: The count must be &gt;= 0
	at storm.starter.tools.RankableObjectWithFields.&lt;init&gt;(RankableObjectWithFields.java:29)
	at storm.starter.tools.RankableObjectWithFieldsTest.constructorWithNegativeCountAndFieldsShouldThrowIAE(RankableObjectWithFieldsTest.java:44)
... Removed 34 stack frames</pre></div><a href='#' onClick='toggleBox("stack-trace952754636", this, "Click to show all stack frames", "Click to hide stack frames")'>Click to show all stack frames</a>
<div class='stack-trace' id='stack-trace952754636'><pre>java.lang.IllegalArgumentException: The count must be &gt;= 0
	at storm.starter.tools.RankableObjectWithFields.&lt;init&gt;(RankableObjectWithFields.java:29)
	at storm.starter.tools.RankableObjectWithFieldsTest.constructorWithNegativeCountAndFieldsShouldThrowIAE(RankableObjectWithFieldsTest.java:44)
	at sun.reflect.NativeMethodAccessorImpl.invoke0(Native Method)
	at sun.reflect.NativeMethodAccessorImpl.invoke(NativeMethodAccessorImpl.java:57)
	at sun.reflect.DelegatingMethodAccessorImpl.invoke(DelegatingMethodAccessorImpl.java:43)
	at java.lang.reflect.Method.invoke(Method.java:601)
	at org.testng.internal.MethodInvocationHelper.invokeMethod(MethodInvocationHelper.java:84)
	at org.testng.internal.Invoker.invokeMethod(Invoker.java:714)
	at org.testng.internal.Invoker.invokeTestMethod(Invoker.java:901)
	at org.testng.internal.Invoker.invokeTestMethods(Invoker.java:1231)
	at org.testng.internal.TestMethodWorker.invokeTestMethods(TestMethodWorker.java:127)
	at org.testng.internal.TestMethodWorker.run(TestMethodWorker.java:111)
	at org.testng.TestRunner.privateRun(TestRunner.java:767)
	at org.testng.TestRunner.run(TestRunner.java:617)
	at org.testng.SuiteRunner.runTest(SuiteRunner.java:334)
	at org.testng.SuiteRunner.runSequentially(SuiteRunner.java:329)
	at org.testng.SuiteRunner.privateRun(SuiteRunner.java:291)
	at org.testng.SuiteRunner.run(SuiteRunner.java:240)
	at org.testng.SuiteRunnerWorker.runSuite(SuiteRunnerWorker.java:52)
	at org.testng.SuiteRunnerWorker.run(SuiteRunnerWorker.java:86)
	at org.testng.TestNG.runSuitesSequentially(TestNG.java:1224)
	at org.testng.TestNG.runSuitesLocally(TestNG.java:1149)
	at org.testng.TestNG.run(TestNG.java:1057)
	at org.apache.maven.surefire.testng.TestNGExecutor.run(TestNGExecutor.java:77)
	at org.apache.maven.surefire.testng.TestNGDirectoryTestSuite.executeMulti(TestNGDirectoryTestSuite.java:159)
	at org.apache.maven.surefire.testng.TestNGDirectoryTestSuite.execute(TestNGDirectoryTestSuite.java:99)
	at org.apache.maven.surefire.testng.TestNGProvider.invoke(TestNGProvider.java:106)
	at sun.reflect.NativeMethodAccessorImpl.invoke0(Native Method)
	at sun.reflect.NativeMethodAccessorImpl.invoke(NativeMethodAccessorImpl.java:57)
	at sun.reflect.DelegatingMethodAccessorImpl.invoke(DelegatingMethodAccessorImpl.java:43)
	at java.lang.reflect.Method.invoke(Method.java:601)
	at org.apache.maven.surefire.util.ReflectionUtils.invokeMethodWithArray(ReflectionUtils.java:189)
	at org.apache.maven.surefire.booter.ProviderFactory$ProviderProxy.invoke(ProviderFactory.java:165)
	at org.apache.maven.surefire.booter.ProviderFactory.invokeProvider(ProviderFactory.java:85)
	at org.apache.maven.surefire.booter.ForkedBooter.runSuitesInProcess(ForkedBooter.java:115)
	at org.apache.maven.surefire.booter.ForkedBooter.main(ForkedBooter.java:75)
</pre></div></td>
<td>0</td>
<td>storm.starter.tools.RankableObjectWithFieldsTest@6f3a342a</td></tr>
<tr>
<td title='storm.starter.tools.RankableObjectWithFieldsTest.constructorWithNegativeCountAndNoFieldsShouldThrowIAE()'><b>constructorWithNegativeCountAndNoFieldsShouldThrowIAE</b><br>Test class: storm.starter.tools.RankableObjectWithFieldsTest</td>
<td><div><pre>java.lang.IllegalArgumentException: The count must be &gt;= 0
	at storm.starter.tools.RankableObjectWithFields.&lt;init&gt;(RankableObjectWithFields.java:29)
	at storm.starter.tools.RankableObjectWithFieldsTest.constructorWithNegativeCountAndNoFieldsShouldThrowIAE(RankableObjectWithFieldsTest.java:38)
... Removed 34 stack frames</pre></div><a href='#' onClick='toggleBox("stack-trace1309095220", this, "Click to show all stack frames", "Click to hide stack frames")'>Click to show all stack frames</a>
<div class='stack-trace' id='stack-trace1309095220'><pre>java.lang.IllegalArgumentException: The count must be &gt;= 0
	at storm.starter.tools.RankableObjectWithFields.&lt;init&gt;(RankableObjectWithFields.java:29)
	at storm.starter.tools.RankableObjectWithFieldsTest.constructorWithNegativeCountAndNoFieldsShouldThrowIAE(RankableObjectWithFieldsTest.java:38)
	at sun.reflect.NativeMethodAccessorImpl.invoke0(Native Method)
	at sun.reflect.NativeMethodAccessorImpl.invoke(NativeMethodAccessorImpl.java:57)
	at sun.reflect.DelegatingMethodAccessorImpl.invoke(DelegatingMethodAccessorImpl.java:43)
	at java.lang.reflect.Method.invoke(Method.java:601)
	at org.testng.internal.MethodInvocationHelper.invokeMethod(MethodInvocationHelper.java:84)
	at org.testng.internal.Invoker.invokeMethod(Invoker.java:714)
	at org.testng.internal.Invoker.invokeTestMethod(Invoker.java:901)
	at org.testng.internal.Invoker.invokeTestMethods(Invoker.java:1231)
	at org.testng.internal.TestMethodWorker.invokeTestMethods(TestMethodWorker.java:127)
	at org.testng.internal.TestMethodWorker.run(TestMethodWorker.java:111)
	at org.testng.TestRunner.privateRun(TestRunner.java:767)
	at org.testng.TestRunner.run(TestRunner.java:617)
	at org.testng.SuiteRunner.runTest(SuiteRunner.java:334)
	at org.testng.SuiteRunner.runSequentially(SuiteRunner.java:329)
	at org.testng.SuiteRunner.privateRun(SuiteRunner.java:291)
	at org.testng.SuiteRunner.run(SuiteRunner.java:240)
	at org.testng.SuiteRunnerWorker.runSuite(SuiteRunnerWorker.java:52)
	at org.testng.SuiteRunnerWorker.run(SuiteRunnerWorker.java:86)
	at org.testng.TestNG.runSuitesSequentially(TestNG.java:1224)
	at org.testng.TestNG.runSuitesLocally(TestNG.java:1149)
	at org.testng.TestNG.run(TestNG.java:1057)
	at org.apache.maven.surefire.testng.TestNGExecutor.run(TestNGExecutor.java:77)
	at org.apache.maven.surefire.testng.TestNGDirectoryTestSuite.executeMulti(TestNGDirectoryTestSuite.java:159)
	at org.apache.maven.surefire.testng.TestNGDirectoryTestSuite.execute(TestNGDirectoryTestSuite.java:99)
	at org.apache.maven.surefire.testng.TestNGProvider.invoke(TestNGProvider.java:106)
	at sun.reflect.NativeMethodAccessorImpl.invoke0(Native Method)
	at sun.reflect.NativeMethodAccessorImpl.invoke(NativeMethodAccessorImpl.java:57)
	at sun.reflect.DelegatingMethodAccessorImpl.invoke(DelegatingMethodAccessorImpl.java:43)
	at java.lang.reflect.Method.invoke(Method.java:601)
	at org.apache.maven.surefire.util.ReflectionUtils.invokeMethodWithArray(ReflectionUtils.java:189)
	at org.apache.maven.surefire.booter.ProviderFactory$ProviderProxy.invoke(ProviderFactory.java:165)
	at org.apache.maven.surefire.booter.ProviderFactory.invokeProvider(ProviderFactory.java:85)
	at org.apache.maven.surefire.booter.ForkedBooter.runSuitesInProcess(ForkedBooter.java:115)
	at org.apache.maven.surefire.booter.ForkedBooter.main(ForkedBooter.java:75)
</pre></div></td>
<td>0</td>
<td>storm.starter.tools.RankableObjectWithFieldsTest@6f3a342a</td></tr>
<tr>
<td title='storm.starter.tools.RankingsTest.constructorWithNegativeOrZeroTopNShouldThrowIAE()'><b>constructorWithNegativeOrZeroTopNShouldThrowIAE</b><br>Test class: storm.starter.tools.RankingsTest<br>Parameters: 0</td>
<td><div><pre>java.lang.IllegalArgumentException: topN must be &gt;= 1
	at storm.starter.tools.Rankings.&lt;init&gt;(Rankings.java:24)
	at storm.starter.tools.RankingsTest.constructorWithNegativeOrZeroTopNShouldThrowIAE(RankingsTest.java:35)
... Removed 34 stack frames</pre></div><a href='#' onClick='toggleBox("stack-trace1611645943", this, "Click to show all stack frames", "Click to hide stack frames")'>Click to show all stack frames</a>
<div class='stack-trace' id='stack-trace1611645943'><pre>java.lang.IllegalArgumentException: topN must be &gt;= 1
	at storm.starter.tools.Rankings.&lt;init&gt;(Rankings.java:24)
	at storm.starter.tools.RankingsTest.constructorWithNegativeOrZeroTopNShouldThrowIAE(RankingsTest.java:35)
	at sun.reflect.NativeMethodAccessorImpl.invoke0(Native Method)
	at sun.reflect.NativeMethodAccessorImpl.invoke(NativeMethodAccessorImpl.java:57)
	at sun.reflect.DelegatingMethodAccessorImpl.invoke(DelegatingMethodAccessorImpl.java:43)
	at java.lang.reflect.Method.invoke(Method.java:601)
	at org.testng.internal.MethodInvocationHelper.invokeMethod(MethodInvocationHelper.java:84)
	at org.testng.internal.Invoker.invokeMethod(Invoker.java:714)
	at org.testng.internal.Invoker.invokeTestMethod(Invoker.java:901)
	at org.testng.internal.Invoker.invokeTestMethods(Invoker.java:1231)
	at org.testng.internal.TestMethodWorker.invokeTestMethods(TestMethodWorker.java:127)
	at org.testng.internal.TestMethodWorker.run(TestMethodWorker.java:111)
	at org.testng.TestRunner.privateRun(TestRunner.java:767)
	at org.testng.TestRunner.run(TestRunner.java:617)
	at org.testng.SuiteRunner.runTest(SuiteRunner.java:334)
	at org.testng.SuiteRunner.runSequentially(SuiteRunner.java:329)
	at org.testng.SuiteRunner.privateRun(SuiteRunner.java:291)
	at org.testng.SuiteRunner.run(SuiteRunner.java:240)
	at org.testng.SuiteRunnerWorker.runSuite(SuiteRunnerWorker.java:52)
	at org.testng.SuiteRunnerWorker.run(SuiteRunnerWorker.java:86)
	at org.testng.TestNG.runSuitesSequentially(TestNG.java:1224)
	at org.testng.TestNG.runSuitesLocally(TestNG.java:1149)
	at org.testng.TestNG.run(TestNG.java:1057)
	at org.apache.maven.surefire.testng.TestNGExecutor.run(TestNGExecutor.java:77)
	at org.apache.maven.surefire.testng.TestNGDirectoryTestSuite.executeMulti(TestNGDirectoryTestSuite.java:159)
	at org.apache.maven.surefire.testng.TestNGDirectoryTestSuite.execute(TestNGDirectoryTestSuite.java:99)
	at org.apache.maven.surefire.testng.TestNGProvider.invoke(TestNGProvider.java:106)
	at sun.reflect.NativeMethodAccessorImpl.invoke0(Native Method)
	at sun.reflect.NativeMethodAccessorImpl.invoke(NativeMethodAccessorImpl.java:57)
	at sun.reflect.DelegatingMethodAccessorImpl.invoke(DelegatingMethodAccessorImpl.java:43)
	at java.lang.reflect.Method.invoke(Method.java:601)
	at org.apache.maven.surefire.util.ReflectionUtils.invokeMethodWithArray(ReflectionUtils.java:189)
	at org.apache.maven.surefire.booter.ProviderFactory$ProviderProxy.invoke(ProviderFactory.java:165)
	at org.apache.maven.surefire.booter.ProviderFactory.invokeProvider(ProviderFactory.java:85)
	at org.apache.maven.surefire.booter.ForkedBooter.runSuitesInProcess(ForkedBooter.java:115)
	at org.apache.maven.surefire.booter.ForkedBooter.main(ForkedBooter.java:75)
</pre></div></td>
<td>0</td>
<td>storm.starter.tools.RankingsTest@2e63764d</td></tr>
<tr>
<td title='storm.starter.tools.RankingsTest.constructorWithNegativeOrZeroTopNShouldThrowIAE()'><b>constructorWithNegativeOrZeroTopNShouldThrowIAE</b><br>Test class: storm.starter.tools.RankingsTest<br>Parameters: -1</td>
<td><div><pre>java.lang.IllegalArgumentException: topN must be &gt;= 1
	at storm.starter.tools.Rankings.&lt;init&gt;(Rankings.java:24)
	at storm.starter.tools.RankingsTest.constructorWithNegativeOrZeroTopNShouldThrowIAE(RankingsTest.java:35)
... Removed 34 stack frames</pre></div><a href='#' onClick='toggleBox("stack-trace722124390", this, "Click to show all stack frames", "Click to hide stack frames")'>Click to show all stack frames</a>
<div class='stack-trace' id='stack-trace722124390'><pre>java.lang.IllegalArgumentException: topN must be &gt;= 1
	at storm.starter.tools.Rankings.&lt;init&gt;(Rankings.java:24)
	at storm.starter.tools.RankingsTest.constructorWithNegativeOrZeroTopNShouldThrowIAE(RankingsTest.java:35)
	at sun.reflect.NativeMethodAccessorImpl.invoke0(Native Method)
	at sun.reflect.NativeMethodAccessorImpl.invoke(NativeMethodAccessorImpl.java:57)
	at sun.reflect.DelegatingMethodAccessorImpl.invoke(DelegatingMethodAccessorImpl.java:43)
	at java.lang.reflect.Method.invoke(Method.java:601)
	at org.testng.internal.MethodInvocationHelper.invokeMethod(MethodInvocationHelper.java:84)
	at org.testng.internal.Invoker.invokeMethod(Invoker.java:714)
	at org.testng.internal.Invoker.invokeTestMethod(Invoker.java:901)
	at org.testng.internal.Invoker.invokeTestMethods(Invoker.java:1231)
	at org.testng.internal.TestMethodWorker.invokeTestMethods(TestMethodWorker.java:127)
	at org.testng.internal.TestMethodWorker.run(TestMethodWorker.java:111)
	at org.testng.TestRunner.privateRun(TestRunner.java:767)
	at org.testng.TestRunner.run(TestRunner.java:617)
	at org.testng.SuiteRunner.runTest(SuiteRunner.java:334)
	at org.testng.SuiteRunner.runSequentially(SuiteRunner.java:329)
	at org.testng.SuiteRunner.privateRun(SuiteRunner.java:291)
	at org.testng.SuiteRunner.run(SuiteRunner.java:240)
	at org.testng.SuiteRunnerWorker.runSuite(SuiteRunnerWorker.java:52)
	at org.testng.SuiteRunnerWorker.run(SuiteRunnerWorker.java:86)
	at org.testng.TestNG.runSuitesSequentially(TestNG.java:1224)
	at org.testng.TestNG.runSuitesLocally(TestNG.java:1149)
	at org.testng.TestNG.run(TestNG.java:1057)
	at org.apache.maven.surefire.testng.TestNGExecutor.run(TestNGExecutor.java:77)
	at org.apache.maven.surefire.testng.TestNGDirectoryTestSuite.executeMulti(TestNGDirectoryTestSuite.java:159)
	at org.apache.maven.surefire.testng.TestNGDirectoryTestSuite.execute(TestNGDirectoryTestSuite.java:99)
	at org.apache.maven.surefire.testng.TestNGProvider.invoke(TestNGProvider.java:106)
	at sun.reflect.NativeMethodAccessorImpl.invoke0(Native Method)
	at sun.reflect.NativeMethodAccessorImpl.invoke(NativeMethodAccessorImpl.java:57)
	at sun.reflect.DelegatingMethodAccessorImpl.invoke(DelegatingMethodAccessorImpl.java:43)
	at java.lang.reflect.Method.invoke(Method.java:601)
	at org.apache.maven.surefire.util.ReflectionUtils.invokeMethodWithArray(ReflectionUtils.java:189)
	at org.apache.maven.surefire.booter.ProviderFactory$ProviderProxy.invoke(ProviderFactory.java:165)
	at org.apache.maven.surefire.booter.ProviderFactory.invokeProvider(ProviderFactory.java:85)
	at org.apache.maven.surefire.booter.ForkedBooter.runSuitesInProcess(ForkedBooter.java:115)
	at org.apache.maven.surefire.booter.ForkedBooter.main(ForkedBooter.java:75)
</pre></div></td>
<td>0</td>
<td>storm.starter.tools.RankingsTest@2e63764d</td></tr>
<tr>
<td title='storm.starter.tools.RankingsTest.constructorWithNegativeOrZeroTopNShouldThrowIAE()'><b>constructorWithNegativeOrZeroTopNShouldThrowIAE</b><br>Test class: storm.starter.tools.RankingsTest<br>Parameters: -2</td>
<td><div><pre>java.lang.IllegalArgumentException: topN must be &gt;= 1
	at storm.starter.tools.Rankings.&lt;init&gt;(Rankings.java:24)
	at storm.starter.tools.RankingsTest.constructorWithNegativeOrZeroTopNShouldThrowIAE(RankingsTest.java:35)
... Removed 34 stack frames</pre></div><a href='#' onClick='toggleBox("stack-trace1314533533", this, "Click to show all stack frames", "Click to hide stack frames")'>Click to show all stack frames</a>
<div class='stack-trace' id='stack-trace1314533533'><pre>java.lang.IllegalArgumentException: topN must be &gt;= 1
	at storm.starter.tools.Rankings.&lt;init&gt;(Rankings.java:24)
	at storm.starter.tools.RankingsTest.constructorWithNegativeOrZeroTopNShouldThrowIAE(RankingsTest.java:35)
	at sun.reflect.NativeMethodAccessorImpl.invoke0(Native Method)
	at sun.reflect.NativeMethodAccessorImpl.invoke(NativeMethodAccessorImpl.java:57)
	at sun.reflect.DelegatingMethodAccessorImpl.invoke(DelegatingMethodAccessorImpl.java:43)
	at java.lang.reflect.Method.invoke(Method.java:601)
	at org.testng.internal.MethodInvocationHelper.invokeMethod(MethodInvocationHelper.java:84)
	at org.testng.internal.Invoker.invokeMethod(Invoker.java:714)
	at org.testng.internal.Invoker.invokeTestMethod(Invoker.java:901)
	at org.testng.internal.Invoker.invokeTestMethods(Invoker.java:1231)
	at org.testng.internal.TestMethodWorker.invokeTestMethods(TestMethodWorker.java:127)
	at org.testng.internal.TestMethodWorker.run(TestMethodWorker.java:111)
	at org.testng.TestRunner.privateRun(TestRunner.java:767)
	at org.testng.TestRunner.run(TestRunner.java:617)
	at org.testng.SuiteRunner.runTest(SuiteRunner.java:334)
	at org.testng.SuiteRunner.runSequentially(SuiteRunner.java:329)
	at org.testng.SuiteRunner.privateRun(SuiteRunner.java:291)
	at org.testng.SuiteRunner.run(SuiteRunner.java:240)
	at org.testng.SuiteRunnerWorker.runSuite(SuiteRunnerWorker.java:52)
	at org.testng.SuiteRunnerWorker.run(SuiteRunnerWorker.java:86)
	at org.testng.TestNG.runSuitesSequentially(TestNG.java:1224)
	at org.testng.TestNG.runSuitesLocally(TestNG.java:1149)
	at org.testng.TestNG.run(TestNG.java:1057)
	at org.apache.maven.surefire.testng.TestNGExecutor.run(TestNGExecutor.java:77)
	at org.apache.maven.surefire.testng.TestNGDirectoryTestSuite.executeMulti(TestNGDirectoryTestSuite.java:159)
	at org.apache.maven.surefire.testng.TestNGDirectoryTestSuite.execute(TestNGDirectoryTestSuite.java:99)
	at org.apache.maven.surefire.testng.TestNGProvider.invoke(TestNGProvider.java:106)
	at sun.reflect.NativeMethodAccessorImpl.invoke0(Native Method)
	at sun.reflect.NativeMethodAccessorImpl.invoke(NativeMethodAccessorImpl.java:57)
	at sun.reflect.DelegatingMethodAccessorImpl.invoke(DelegatingMethodAccessorImpl.java:43)
	at java.lang.reflect.Method.invoke(Method.java:601)
	at org.apache.maven.surefire.util.ReflectionUtils.invokeMethodWithArray(ReflectionUtils.java:189)
	at org.apache.maven.surefire.booter.ProviderFactory$ProviderProxy.invoke(ProviderFactory.java:165)
	at org.apache.maven.surefire.booter.ProviderFactory.invokeProvider(ProviderFactory.java:85)
	at org.apache.maven.surefire.booter.ForkedBooter.runSuitesInProcess(ForkedBooter.java:115)
	at org.apache.maven.surefire.booter.ForkedBooter.main(ForkedBooter.java:75)
</pre></div></td>
<td>0</td>
<td>storm.starter.tools.RankingsTest@2e63764d</td></tr>
<tr>
<td title='storm.starter.tools.RankingsTest.constructorWithNegativeOrZeroTopNShouldThrowIAE()'><b>constructorWithNegativeOrZeroTopNShouldThrowIAE</b><br>Test class: storm.starter.tools.RankingsTest<br>Parameters: -10</td>
<td><div><pre>java.lang.IllegalArgumentException: topN must be &gt;= 1
	at storm.starter.tools.Rankings.&lt;init&gt;(Rankings.java:24)
	at storm.starter.tools.RankingsTest.constructorWithNegativeOrZeroTopNShouldThrowIAE(RankingsTest.java:35)
... Removed 34 stack frames</pre></div><a href='#' onClick='toggleBox("stack-trace53328795", this, "Click to show all stack frames", "Click to hide stack frames")'>Click to show all stack frames</a>
<div class='stack-trace' id='stack-trace53328795'><pre>java.lang.IllegalArgumentException: topN must be &gt;= 1
	at storm.starter.tools.Rankings.&lt;init&gt;(Rankings.java:24)
	at storm.starter.tools.RankingsTest.constructorWithNegativeOrZeroTopNShouldThrowIAE(RankingsTest.java:35)
	at sun.reflect.NativeMethodAccessorImpl.invoke0(Native Method)
	at sun.reflect.NativeMethodAccessorImpl.invoke(NativeMethodAccessorImpl.java:57)
	at sun.reflect.DelegatingMethodAccessorImpl.invoke(DelegatingMethodAccessorImpl.java:43)
	at java.lang.reflect.Method.invoke(Method.java:601)
	at org.testng.internal.MethodInvocationHelper.invokeMethod(MethodInvocationHelper.java:84)
	at org.testng.internal.Invoker.invokeMethod(Invoker.java:714)
	at org.testng.internal.Invoker.invokeTestMethod(Invoker.java:901)
	at org.testng.internal.Invoker.invokeTestMethods(Invoker.java:1231)
	at org.testng.internal.TestMethodWorker.invokeTestMethods(TestMethodWorker.java:127)
	at org.testng.internal.TestMethodWorker.run(TestMethodWorker.java:111)
	at org.testng.TestRunner.privateRun(TestRunner.java:767)
	at org.testng.TestRunner.run(TestRunner.java:617)
	at org.testng.SuiteRunner.runTest(SuiteRunner.java:334)
	at org.testng.SuiteRunner.runSequentially(SuiteRunner.java:329)
	at org.testng.SuiteRunner.privateRun(SuiteRunner.java:291)
	at org.testng.SuiteRunner.run(SuiteRunner.java:240)
	at org.testng.SuiteRunnerWorker.runSuite(SuiteRunnerWorker.java:52)
	at org.testng.SuiteRunnerWorker.run(SuiteRunnerWorker.java:86)
	at org.testng.TestNG.runSuitesSequentially(TestNG.java:1224)
	at org.testng.TestNG.runSuitesLocally(TestNG.java:1149)
	at org.testng.TestNG.run(TestNG.java:1057)
	at org.apache.maven.surefire.testng.TestNGExecutor.run(TestNGExecutor.java:77)
	at org.apache.maven.surefire.testng.TestNGDirectoryTestSuite.executeMulti(TestNGDirectoryTestSuite.java:159)
	at org.apache.maven.surefire.testng.TestNGDirectoryTestSuite.execute(TestNGDirectoryTestSuite.java:99)
	at org.apache.maven.surefire.testng.TestNGProvider.invoke(TestNGProvider.java:106)
	at sun.reflect.NativeMethodAccessorImpl.invoke0(Native Method)
	at sun.reflect.NativeMethodAccessorImpl.invoke(NativeMethodAccessorImpl.java:57)
	at sun.reflect.DelegatingMethodAccessorImpl.invoke(DelegatingMethodAccessorImpl.java:43)
	at java.lang.reflect.Method.invoke(Method.java:601)
	at org.apache.maven.surefire.util.ReflectionUtils.invokeMethodWithArray(ReflectionUtils.java:189)
	at org.apache.maven.surefire.booter.ProviderFactory$ProviderProxy.invoke(ProviderFactory.java:165)
	at org.apache.maven.surefire.booter.ProviderFactory.invokeProvider(ProviderFactory.java:85)
	at org.apache.maven.surefire.booter.ForkedBooter.runSuitesInProcess(ForkedBooter.java:115)
	at org.apache.maven.surefire.booter.ForkedBooter.main(ForkedBooter.java:75)
</pre></div></td>
<td>0</td>
<td>storm.starter.tools.RankingsTest@2e63764d</td></tr>
<tr>
<td title='storm.starter.tools.RankableObjectWithFieldsTest.constructorWithNullObjectAndFieldsShouldThrowIAE()'><b>constructorWithNullObjectAndFieldsShouldThrowIAE</b><br>Test class: storm.starter.tools.RankableObjectWithFieldsTest</td>
<td><div><pre>java.lang.IllegalArgumentException: The object must not be null
	at storm.starter.tools.RankableObjectWithFields.&lt;init&gt;(RankableObjectWithFields.java:26)
	at storm.starter.tools.RankableObjectWithFieldsTest.constructorWithNullObjectAndFieldsShouldThrowIAE(RankableObjectWithFieldsTest.java:33)
... Removed 34 stack frames</pre></div><a href='#' onClick='toggleBox("stack-trace993399025", this, "Click to show all stack frames", "Click to hide stack frames")'>Click to show all stack frames</a>
<div class='stack-trace' id='stack-trace993399025'><pre>java.lang.IllegalArgumentException: The object must not be null
	at storm.starter.tools.RankableObjectWithFields.&lt;init&gt;(RankableObjectWithFields.java:26)
	at storm.starter.tools.RankableObjectWithFieldsTest.constructorWithNullObjectAndFieldsShouldThrowIAE(RankableObjectWithFieldsTest.java:33)
	at sun.reflect.NativeMethodAccessorImpl.invoke0(Native Method)
	at sun.reflect.NativeMethodAccessorImpl.invoke(NativeMethodAccessorImpl.java:57)
	at sun.reflect.DelegatingMethodAccessorImpl.invoke(DelegatingMethodAccessorImpl.java:43)
	at java.lang.reflect.Method.invoke(Method.java:601)
	at org.testng.internal.MethodInvocationHelper.invokeMethod(MethodInvocationHelper.java:84)
	at org.testng.internal.Invoker.invokeMethod(Invoker.java:714)
	at org.testng.internal.Invoker.invokeTestMethod(Invoker.java:901)
	at org.testng.internal.Invoker.invokeTestMethods(Invoker.java:1231)
	at org.testng.internal.TestMethodWorker.invokeTestMethods(TestMethodWorker.java:127)
	at org.testng.internal.TestMethodWorker.run(TestMethodWorker.java:111)
	at org.testng.TestRunner.privateRun(TestRunner.java:767)
	at org.testng.TestRunner.run(TestRunner.java:617)
	at org.testng.SuiteRunner.runTest(SuiteRunner.java:334)
	at org.testng.SuiteRunner.runSequentially(SuiteRunner.java:329)
	at org.testng.SuiteRunner.privateRun(SuiteRunner.java:291)
	at org.testng.SuiteRunner.run(SuiteRunner.java:240)
	at org.testng.SuiteRunnerWorker.runSuite(SuiteRunnerWorker.java:52)
	at org.testng.SuiteRunnerWorker.run(SuiteRunnerWorker.java:86)
	at org.testng.TestNG.runSuitesSequentially(TestNG.java:1224)
	at org.testng.TestNG.runSuitesLocally(TestNG.java:1149)
	at org.testng.TestNG.run(TestNG.java:1057)
	at org.apache.maven.surefire.testng.TestNGExecutor.run(TestNGExecutor.java:77)
	at org.apache.maven.surefire.testng.TestNGDirectoryTestSuite.executeMulti(TestNGDirectoryTestSuite.java:159)
	at org.apache.maven.surefire.testng.TestNGDirectoryTestSuite.execute(TestNGDirectoryTestSuite.java:99)
	at org.apache.maven.surefire.testng.TestNGProvider.invoke(TestNGProvider.java:106)
	at sun.reflect.NativeMethodAccessorImpl.invoke0(Native Method)
	at sun.reflect.NativeMethodAccessorImpl.invoke(NativeMethodAccessorImpl.java:57)
	at sun.reflect.DelegatingMethodAccessorImpl.invoke(DelegatingMethodAccessorImpl.java:43)
	at java.lang.reflect.Method.invoke(Method.java:601)
	at org.apache.maven.surefire.util.ReflectionUtils.invokeMethodWithArray(ReflectionUtils.java:189)
	at org.apache.maven.surefire.booter.ProviderFactory$ProviderProxy.invoke(ProviderFactory.java:165)
	at org.apache.maven.surefire.booter.ProviderFactory.invokeProvider(ProviderFactory.java:85)
	at org.apache.maven.surefire.booter.ForkedBooter.runSuitesInProcess(ForkedBooter.java:115)
	at org.apache.maven.surefire.booter.ForkedBooter.main(ForkedBooter.java:75)
</pre></div></td>
<td>0</td>
<td>storm.starter.tools.RankableObjectWithFieldsTest@6f3a342a</td></tr>
<tr>
<td title='storm.starter.tools.RankableObjectWithFieldsTest.constructorWithNullObjectAndNoFieldsShouldThrowIAE()'><b>constructorWithNullObjectAndNoFieldsShouldThrowIAE</b><br>Test class: storm.starter.tools.RankableObjectWithFieldsTest</td>
<td><div><pre>java.lang.IllegalArgumentException: The object must not be null
	at storm.starter.tools.RankableObjectWithFields.&lt;init&gt;(RankableObjectWithFields.java:26)
	at storm.starter.tools.RankableObjectWithFieldsTest.constructorWithNullObjectAndNoFieldsShouldThrowIAE(RankableObjectWithFieldsTest.java:27)
... Removed 34 stack frames</pre></div><a href='#' onClick='toggleBox("stack-trace1519541397", this, "Click to show all stack frames", "Click to hide stack frames")'>Click to show all stack frames</a>
<div class='stack-trace' id='stack-trace1519541397'><pre>java.lang.IllegalArgumentException: The object must not be null
	at storm.starter.tools.RankableObjectWithFields.&lt;init&gt;(RankableObjectWithFields.java:26)
	at storm.starter.tools.RankableObjectWithFieldsTest.constructorWithNullObjectAndNoFieldsShouldThrowIAE(RankableObjectWithFieldsTest.java:27)
	at sun.reflect.NativeMethodAccessorImpl.invoke0(Native Method)
	at sun.reflect.NativeMethodAccessorImpl.invoke(NativeMethodAccessorImpl.java:57)
	at sun.reflect.DelegatingMethodAccessorImpl.invoke(DelegatingMethodAccessorImpl.java:43)
	at java.lang.reflect.Method.invoke(Method.java:601)
	at org.testng.internal.MethodInvocationHelper.invokeMethod(MethodInvocationHelper.java:84)
	at org.testng.internal.Invoker.invokeMethod(Invoker.java:714)
	at org.testng.internal.Invoker.invokeTestMethod(Invoker.java:901)
	at org.testng.internal.Invoker.invokeTestMethods(Invoker.java:1231)
	at org.testng.internal.TestMethodWorker.invokeTestMethods(TestMethodWorker.java:127)
	at org.testng.internal.TestMethodWorker.run(TestMethodWorker.java:111)
	at org.testng.TestRunner.privateRun(TestRunner.java:767)
	at org.testng.TestRunner.run(TestRunner.java:617)
	at org.testng.SuiteRunner.runTest(SuiteRunner.java:334)
	at org.testng.SuiteRunner.runSequentially(SuiteRunner.java:329)
	at org.testng.SuiteRunner.privateRun(SuiteRunner.java:291)
	at org.testng.SuiteRunner.run(SuiteRunner.java:240)
	at org.testng.SuiteRunnerWorker.runSuite(SuiteRunnerWorker.java:52)
	at org.testng.SuiteRunnerWorker.run(SuiteRunnerWorker.java:86)
	at org.testng.TestNG.runSuitesSequentially(TestNG.java:1224)
	at org.testng.TestNG.runSuitesLocally(TestNG.java:1149)
	at org.testng.TestNG.run(TestNG.java:1057)
	at org.apache.maven.surefire.testng.TestNGExecutor.run(TestNGExecutor.java:77)
	at org.apache.maven.surefire.testng.TestNGDirectoryTestSuite.executeMulti(TestNGDirectoryTestSuite.java:159)
	at org.apache.maven.surefire.testng.TestNGDirectoryTestSuite.execute(TestNGDirectoryTestSuite.java:99)
	at org.apache.maven.surefire.testng.TestNGProvider.invoke(TestNGProvider.java:106)
	at sun.reflect.NativeMethodAccessorImpl.invoke0(Native Method)
	at sun.reflect.NativeMethodAccessorImpl.invoke(NativeMethodAccessorImpl.java:57)
	at sun.reflect.DelegatingMethodAccessorImpl.invoke(DelegatingMethodAccessorImpl.java:43)
	at java.lang.reflect.Method.invoke(Method.java:601)
	at org.apache.maven.surefire.util.ReflectionUtils.invokeMethodWithArray(ReflectionUtils.java:189)
	at org.apache.maven.surefire.booter.ProviderFactory$ProviderProxy.invoke(ProviderFactory.java:165)
	at org.apache.maven.surefire.booter.ProviderFactory.invokeProvider(ProviderFactory.java:85)
	at org.apache.maven.surefire.booter.ForkedBooter.runSuitesInProcess(ForkedBooter.java:115)
	at org.apache.maven.surefire.booter.ForkedBooter.main(ForkedBooter.java:75)
</pre></div></td>
<td>0</td>
<td>storm.starter.tools.RankableObjectWithFieldsTest@6f3a342a</td></tr>
<tr>
<td title='storm.starter.tools.RankingsTest.constructorWithPositiveTopNShouldBeOk()'><b>constructorWithPositiveTopNShouldBeOk</b><br>Test class: storm.starter.tools.RankingsTest<br>Parameters: 1</td>
<td></td>
<td>0</td>
<td>storm.starter.tools.RankingsTest@2e63764d</td></tr>
<tr>
<td title='storm.starter.tools.RankingsTest.constructorWithPositiveTopNShouldBeOk()'><b>constructorWithPositiveTopNShouldBeOk</b><br>Test class: storm.starter.tools.RankingsTest<br>Parameters: 2</td>
<td></td>
<td>0</td>
<td>storm.starter.tools.RankingsTest@2e63764d</td></tr>
<tr>
<td title='storm.starter.tools.RankingsTest.constructorWithPositiveTopNShouldBeOk()'><b>constructorWithPositiveTopNShouldBeOk</b><br>Test class: storm.starter.tools.RankingsTest<br>Parameters: 1000</td>
<td></td>
<td>0</td>
<td>storm.starter.tools.RankingsTest@2e63764d</td></tr>
<tr>
<td title='storm.starter.tools.RankingsTest.constructorWithPositiveTopNShouldBeOk()'><b>constructorWithPositiveTopNShouldBeOk</b><br>Test class: storm.starter.tools.RankingsTest<br>Parameters: 1000000</td>
<td></td>
<td>0</td>
<td>storm.starter.tools.RankingsTest@2e63764d</td></tr>
<tr>
<td title='storm.starter.tools.RankingsTest.copyConstructorShouldReturnCopy()'><b>copyConstructorShouldReturnCopy</b><br>Test class: storm.starter.tools.RankingsTest<br>Parameters: 5, [[A|1], [B|2], [C|3]]</td>
<td></td>
<td>0</td>
<td>storm.starter.tools.RankingsTest@2e63764d</td></tr>
<tr>
<td title='storm.starter.tools.RankingsTest.copyConstructorShouldReturnCopy()'><b>copyConstructorShouldReturnCopy</b><br>Test class: storm.starter.tools.RankingsTest<br>Parameters: 2, [[A|1], [B|2], [C|3], [D|4]]</td>
<td></td>
<td>0</td>
<td>storm.starter.tools.RankingsTest@2e63764d</td></tr>
<tr>
<td title='storm.starter.tools.RankingsTest.copyConstructorShouldReturnCopy()'><b>copyConstructorShouldReturnCopy</b><br>Test class: storm.starter.tools.RankingsTest<br>Parameters: 1, []</td>
<td></td>
<td>0</td>
<td>storm.starter.tools.RankingsTest@2e63764d</td></tr>
<tr>
<td title='storm.starter.tools.RankingsTest.copyConstructorShouldReturnCopy()'><b>copyConstructorShouldReturnCopy</b><br>Test class: storm.starter.tools.RankingsTest<br>Parameters: 1, [[A|1]]</td>
<td></td>
<td>0</td>
<td>storm.starter.tools.RankingsTest@2e63764d</td></tr>
<tr>
<td title='storm.starter.tools.RankingsTest.copyConstructorShouldReturnCopy()'><b>copyConstructorShouldReturnCopy</b><br>Test class: storm.starter.tools.RankingsTest<br>Parameters: 1, [[A|1], [B|2]]</td>
<td></td>
<td>0</td>
<td>storm.starter.tools.RankingsTest@2e63764d</td></tr>
<tr>
<td title='storm.starter.tools.RankingsTest.copyConstructorShouldReturnDefensiveCopy()'><b>copyConstructorShouldReturnDefensiveCopy</b><br>Test class: storm.starter.tools.RankingsTest<br>Parameters: 5, [[A|1], [B|2], [C|3]], [[D|4]]</td>
<td></td>
<td>0</td>
<td>storm.starter.tools.RankingsTest@2e63764d</td></tr>
<tr>
<td title='storm.starter.tools.RankingsTest.copyConstructorShouldReturnDefensiveCopy()'><b>copyConstructorShouldReturnDefensiveCopy</b><br>Test class: storm.starter.tools.RankingsTest<br>Parameters: 2, [[A|1], [B|2], [C|3], [D|4]], [[E|5], [F|6]]</td>
<td></td>
<td>0</td>
<td>storm.starter.tools.RankingsTest@2e63764d</td></tr>
<tr>
<td title='storm.starter.tools.RankingsTest.copyConstructorShouldReturnDefensiveCopy()'><b>copyConstructorShouldReturnDefensiveCopy</b><br>Test class: storm.starter.tools.RankingsTest<br>Parameters: 1, [], [[A|1]]</td>
<td></td>
<td>0</td>
<td>storm.starter.tools.RankingsTest@2e63764d</td></tr>
<tr>
<td title='storm.starter.tools.RankingsTest.copyConstructorShouldReturnDefensiveCopy()'><b>copyConstructorShouldReturnDefensiveCopy</b><br>Test class: storm.starter.tools.RankingsTest<br>Parameters: 1, [[A|1]], [[B|2]]</td>
<td></td>
<td>0</td>
<td>storm.starter.tools.RankingsTest@2e63764d</td></tr>
<tr>
<td title='storm.starter.tools.RankingsTest.copyConstructorShouldReturnDefensiveCopy()'><b>copyConstructorShouldReturnDefensiveCopy</b><br>Test class: storm.starter.tools.RankingsTest<br>Parameters: 1, [[ZERO_COUNT|0]], [[B|2]]</td>
<td></td>
<td>0</td>
<td>storm.starter.tools.RankingsTest@2e63764d</td></tr>
<tr>
<td title='storm.starter.tools.RankingsTest.copyConstructorShouldReturnDefensiveCopy()'><b>copyConstructorShouldReturnDefensiveCopy</b><br>Test class: storm.starter.tools.RankingsTest<br>Parameters: 1, [[ZERO_COUNT|0]], []</td>
<td></td>
<td>0</td>
<td>storm.starter.tools.RankingsTest@2e63764d</td></tr>
<tr>
<td title='storm.starter.tools.RankableObjectWithFieldsTest.copyShouldReturnCopy()'><b>copyShouldReturnCopy</b><br>Test class: storm.starter.tools.RankableObjectWithFieldsTest<br>Parameters: [foo|0]</td>
<td></td>
<td>0</td>
<td>storm.starter.tools.RankableObjectWithFieldsTest@6f3a342a</td></tr>
<tr>
<td title='storm.starter.tools.RankableObjectWithFieldsTest.copyShouldReturnCopy()'><b>copyShouldReturnCopy</b><br>Test class: storm.starter.tools.RankableObjectWithFieldsTest<br>Parameters: [foo|3|someOtherField]</td>
<td></td>
<td>0</td>
<td>storm.starter.tools.RankableObjectWithFieldsTest@6f3a342a</td></tr>
<tr>
<td title='storm.starter.tools.RankableObjectWithFieldsTest.copyShouldReturnCopy()'><b>copyShouldReturnCopy</b><br>Test class: storm.starter.tools.RankableObjectWithFieldsTest<br>Parameters: [foo|0|someField]</td>
<td></td>
<td>0</td>
<td>storm.starter.tools.RankableObjectWithFieldsTest@6f3a342a</td></tr>
<tr>
<td title='storm.starter.tools.RankingsTest.copyShouldReturnCopy()'><b>copyShouldReturnCopy</b><br>Test class: storm.starter.tools.RankingsTest<br>Parameters: 5, [[A|1], [B|2], [C|3]]</td>
<td></td>
<td>0</td>
<td>storm.starter.tools.RankingsTest@2e63764d</td></tr>
<tr>
<td title='storm.starter.tools.RankingsTest.copyShouldReturnCopy()'><b>copyShouldReturnCopy</b><br>Test class: storm.starter.tools.RankingsTest<br>Parameters: 2, [[A|1], [B|2], [C|3], [D|4]]</td>
<td></td>
<td>0</td>
<td>storm.starter.tools.RankingsTest@2e63764d</td></tr>
<tr>
<td title='storm.starter.tools.RankingsTest.copyShouldReturnCopy()'><b>copyShouldReturnCopy</b><br>Test class: storm.starter.tools.RankingsTest<br>Parameters: 1, []</td>
<td></td>
<td>0</td>
<td>storm.starter.tools.RankingsTest@2e63764d</td></tr>
<tr>
<td title='storm.starter.tools.RankingsTest.copyShouldReturnCopy()'><b>copyShouldReturnCopy</b><br>Test class: storm.starter.tools.RankingsTest<br>Parameters: 1, [[A|1]]</td>
<td></td>
<td>0</td>
<td>storm.starter.tools.RankingsTest@2e63764d</td></tr>
<tr>
<td title='storm.starter.tools.RankingsTest.copyShouldReturnCopy()'><b>copyShouldReturnCopy</b><br>Test class: storm.starter.tools.RankingsTest<br>Parameters: 1, [[A|1], [B|2]]</td>
<td></td>
<td>0</td>
<td>storm.starter.tools.RankingsTest@2e63764d</td></tr>
<tr>
<td title='storm.starter.tools.RankingsTest.copyShouldReturnDefensiveCopy()'><b>copyShouldReturnDefensiveCopy</b><br>Test class: storm.starter.tools.RankingsTest<br>Parameters: 5, [[A|1], [B|2], [C|3]], [[D|4]]</td>
<td></td>
<td>0</td>
<td>storm.starter.tools.RankingsTest@2e63764d</td></tr>
<tr>
<td title='storm.starter.tools.RankingsTest.copyShouldReturnDefensiveCopy()'><b>copyShouldReturnDefensiveCopy</b><br>Test class: storm.starter.tools.RankingsTest<br>Parameters: 2, [[A|1], [B|2], [C|3], [D|4]], [[E|5], [F|6]]</td>
<td></td>
<td>0</td>
<td>storm.starter.tools.RankingsTest@2e63764d</td></tr>
<tr>
<td title='storm.starter.tools.RankingsTest.copyShouldReturnDefensiveCopy()'><b>copyShouldReturnDefensiveCopy</b><br>Test class: storm.starter.tools.RankingsTest<br>Parameters: 1, [], [[A|1]]</td>
<td></td>
<td>0</td>
<td>storm.starter.tools.RankingsTest@2e63764d</td></tr>
<tr>
<td title='storm.starter.tools.RankingsTest.copyShouldReturnDefensiveCopy()'><b>copyShouldReturnDefensiveCopy</b><br>Test class: storm.starter.tools.RankingsTest<br>Parameters: 1, [[A|1]], [[B|2]]</td>
<td></td>
<td>0</td>
<td>storm.starter.tools.RankingsTest@2e63764d</td></tr>
<tr>
<td title='storm.starter.tools.RankingsTest.copyShouldReturnDefensiveCopy()'><b>copyShouldReturnDefensiveCopy</b><br>Test class: storm.starter.tools.RankingsTest<br>Parameters: 1, [[ZERO_COUNT|0]], [[B|2]]</td>
<td></td>
<td>0</td>
<td>storm.starter.tools.RankingsTest@2e63764d</td></tr>
<tr>
<td title='storm.starter.tools.RankingsTest.copyShouldReturnDefensiveCopy()'><b>copyShouldReturnDefensiveCopy</b><br>Test class: storm.starter.tools.RankingsTest<br>Parameters: 1, [[ZERO_COUNT|0]], []</td>
<td></td>
<td>0</td>
<td>storm.starter.tools.RankingsTest@2e63764d</td></tr>
<tr>
<td title='storm.starter.tools.RankingsTest.defaultConstructorShouldSetPositiveTopN()'><b>defaultConstructorShouldSetPositiveTopN</b><br>Test class: storm.starter.tools.RankingsTest</td>
<td></td>
<td>0</td>
<td>storm.starter.tools.RankingsTest@2e63764d</td></tr>
<tr>
<td title='storm.starter.tools.RankableObjectWithFieldsTest.fieldsShouldBeImmutable()'><b>fieldsShouldBeImmutable</b><br>Test class: storm.starter.tools.RankableObjectWithFieldsTest</td>
<td><div><pre>java.lang.UnsupportedOperationException
	at com.google.common.collect.ImmutableList.remove(ImmutableList.java:479)
	at storm.starter.tools.RankableObjectWithFieldsTest.fieldsShouldBeImmutable(RankableObjectWithFieldsTest.java:191)
... Removed 34 stack frames</pre></div><a href='#' onClick='toggleBox("stack-trace449316505", this, "Click to show all stack frames", "Click to hide stack frames")'>Click to show all stack frames</a>
<div class='stack-trace' id='stack-trace449316505'><pre>java.lang.UnsupportedOperationException
	at com.google.common.collect.ImmutableList.remove(ImmutableList.java:479)
	at storm.starter.tools.RankableObjectWithFieldsTest.fieldsShouldBeImmutable(RankableObjectWithFieldsTest.java:191)
	at sun.reflect.NativeMethodAccessorImpl.invoke0(Native Method)
	at sun.reflect.NativeMethodAccessorImpl.invoke(NativeMethodAccessorImpl.java:57)
	at sun.reflect.DelegatingMethodAccessorImpl.invoke(DelegatingMethodAccessorImpl.java:43)
	at java.lang.reflect.Method.invoke(Method.java:601)
	at org.testng.internal.MethodInvocationHelper.invokeMethod(MethodInvocationHelper.java:84)
	at org.testng.internal.Invoker.invokeMethod(Invoker.java:714)
	at org.testng.internal.Invoker.invokeTestMethod(Invoker.java:901)
	at org.testng.internal.Invoker.invokeTestMethods(Invoker.java:1231)
	at org.testng.internal.TestMethodWorker.invokeTestMethods(TestMethodWorker.java:127)
	at org.testng.internal.TestMethodWorker.run(TestMethodWorker.java:111)
	at org.testng.TestRunner.privateRun(TestRunner.java:767)
	at org.testng.TestRunner.run(TestRunner.java:617)
	at org.testng.SuiteRunner.runTest(SuiteRunner.java:334)
	at org.testng.SuiteRunner.runSequentially(SuiteRunner.java:329)
	at org.testng.SuiteRunner.privateRun(SuiteRunner.java:291)
	at org.testng.SuiteRunner.run(SuiteRunner.java:240)
	at org.testng.SuiteRunnerWorker.runSuite(SuiteRunnerWorker.java:52)
	at org.testng.SuiteRunnerWorker.run(SuiteRunnerWorker.java:86)
	at org.testng.TestNG.runSuitesSequentially(TestNG.java:1224)
	at org.testng.TestNG.runSuitesLocally(TestNG.java:1149)
	at org.testng.TestNG.run(TestNG.java:1057)
	at org.apache.maven.surefire.testng.TestNGExecutor.run(TestNGExecutor.java:77)
	at org.apache.maven.surefire.testng.TestNGDirectoryTestSuite.executeMulti(TestNGDirectoryTestSuite.java:159)
	at org.apache.maven.surefire.testng.TestNGDirectoryTestSuite.execute(TestNGDirectoryTestSuite.java:99)
	at org.apache.maven.surefire.testng.TestNGProvider.invoke(TestNGProvider.java:106)
	at sun.reflect.NativeMethodAccessorImpl.invoke0(Native Method)
	at sun.reflect.NativeMethodAccessorImpl.invoke(NativeMethodAccessorImpl.java:57)
	at sun.reflect.DelegatingMethodAccessorImpl.invoke(DelegatingMethodAccessorImpl.java:43)
	at java.lang.reflect.Method.invoke(Method.java:601)
	at org.apache.maven.surefire.util.ReflectionUtils.invokeMethodWithArray(ReflectionUtils.java:189)
	at org.apache.maven.surefire.booter.ProviderFactory$ProviderProxy.invoke(ProviderFactory.java:165)
	at org.apache.maven.surefire.booter.ProviderFactory.invokeProvider(ProviderFactory.java:85)
	at org.apache.maven.surefire.booter.ForkedBooter.runSuitesInProcess(ForkedBooter.java:115)
	at org.apache.maven.surefire.booter.ForkedBooter.main(ForkedBooter.java:75)
</pre></div></td>
<td>0</td>
<td>storm.starter.tools.RankableObjectWithFieldsTest@6f3a342a</td></tr>
<tr>
<td title='storm.starter.tools.SlidingWindowCounterTest.lessThanTwoSlotsShouldThrowIAE()'><b>lessThanTwoSlotsShouldThrowIAE</b><br>Test class: storm.starter.tools.SlidingWindowCounterTest<br>Parameters: -10</td>
<td><div><pre>java.lang.IllegalArgumentException: Window length in slots must be at least two (you requested -10)
	at storm.starter.tools.SlidingWindowCounter.&lt;init&gt;(SlidingWindowCounter.java:62)
	at storm.starter.tools.SlidingWindowCounterTest.lessThanTwoSlotsShouldThrowIAE(SlidingWindowCounterTest.java:22)
... Removed 34 stack frames</pre></div><a href='#' onClick='toggleBox("stack-trace803065678", this, "Click to show all stack frames", "Click to hide stack frames")'>Click to show all stack frames</a>
<div class='stack-trace' id='stack-trace803065678'><pre>java.lang.IllegalArgumentException: Window length in slots must be at least two (you requested -10)
	at storm.starter.tools.SlidingWindowCounter.&lt;init&gt;(SlidingWindowCounter.java:62)
	at storm.starter.tools.SlidingWindowCounterTest.lessThanTwoSlotsShouldThrowIAE(SlidingWindowCounterTest.java:22)
	at sun.reflect.NativeMethodAccessorImpl.invoke0(Native Method)
	at sun.reflect.NativeMethodAccessorImpl.invoke(NativeMethodAccessorImpl.java:57)
	at sun.reflect.DelegatingMethodAccessorImpl.invoke(DelegatingMethodAccessorImpl.java:43)
	at java.lang.reflect.Method.invoke(Method.java:601)
	at org.testng.internal.MethodInvocationHelper.invokeMethod(MethodInvocationHelper.java:84)
	at org.testng.internal.Invoker.invokeMethod(Invoker.java:714)
	at org.testng.internal.Invoker.invokeTestMethod(Invoker.java:901)
	at org.testng.internal.Invoker.invokeTestMethods(Invoker.java:1231)
	at org.testng.internal.TestMethodWorker.invokeTestMethods(TestMethodWorker.java:127)
	at org.testng.internal.TestMethodWorker.run(TestMethodWorker.java:111)
	at org.testng.TestRunner.privateRun(TestRunner.java:767)
	at org.testng.TestRunner.run(TestRunner.java:617)
	at org.testng.SuiteRunner.runTest(SuiteRunner.java:334)
	at org.testng.SuiteRunner.runSequentially(SuiteRunner.java:329)
	at org.testng.SuiteRunner.privateRun(SuiteRunner.java:291)
	at org.testng.SuiteRunner.run(SuiteRunner.java:240)
	at org.testng.SuiteRunnerWorker.runSuite(SuiteRunnerWorker.java:52)
	at org.testng.SuiteRunnerWorker.run(SuiteRunnerWorker.java:86)
	at org.testng.TestNG.runSuitesSequentially(TestNG.java:1224)
	at org.testng.TestNG.runSuitesLocally(TestNG.java:1149)
	at org.testng.TestNG.run(TestNG.java:1057)
	at org.apache.maven.surefire.testng.TestNGExecutor.run(TestNGExecutor.java:77)
	at org.apache.maven.surefire.testng.TestNGDirectoryTestSuite.executeMulti(TestNGDirectoryTestSuite.java:159)
	at org.apache.maven.surefire.testng.TestNGDirectoryTestSuite.execute(TestNGDirectoryTestSuite.java:99)
	at org.apache.maven.surefire.testng.TestNGProvider.invoke(TestNGProvider.java:106)
	at sun.reflect.NativeMethodAccessorImpl.invoke0(Native Method)
	at sun.reflect.NativeMethodAccessorImpl.invoke(NativeMethodAccessorImpl.java:57)
	at sun.reflect.DelegatingMethodAccessorImpl.invoke(DelegatingMethodAccessorImpl.java:43)
	at java.lang.reflect.Method.invoke(Method.java:601)
	at org.apache.maven.surefire.util.ReflectionUtils.invokeMethodWithArray(ReflectionUtils.java:189)
	at org.apache.maven.surefire.booter.ProviderFactory$ProviderProxy.invoke(ProviderFactory.java:165)
	at org.apache.maven.surefire.booter.ProviderFactory.invokeProvider(ProviderFactory.java:85)
	at org.apache.maven.surefire.booter.ForkedBooter.runSuitesInProcess(ForkedBooter.java:115)
	at org.apache.maven.surefire.booter.ForkedBooter.main(ForkedBooter.java:75)
</pre></div></td>
<td>0</td>
<td>storm.starter.tools.SlidingWindowCounterTest@2bb4d74</td></tr>
<tr>
<td title='storm.starter.tools.SlidingWindowCounterTest.lessThanTwoSlotsShouldThrowIAE()'><b>lessThanTwoSlotsShouldThrowIAE</b><br>Test class: storm.starter.tools.SlidingWindowCounterTest<br>Parameters: -3</td>
<td><div><pre>java.lang.IllegalArgumentException: Window length in slots must be at least two (you requested -3)
	at storm.starter.tools.SlidingWindowCounter.&lt;init&gt;(SlidingWindowCounter.java:62)
	at storm.starter.tools.SlidingWindowCounterTest.lessThanTwoSlotsShouldThrowIAE(SlidingWindowCounterTest.java:22)
... Removed 34 stack frames</pre></div><a href='#' onClick='toggleBox("stack-trace190128751", this, "Click to show all stack frames", "Click to hide stack frames")'>Click to show all stack frames</a>
<div class='stack-trace' id='stack-trace190128751'><pre>java.lang.IllegalArgumentException: Window length in slots must be at least two (you requested -3)
	at storm.starter.tools.SlidingWindowCounter.&lt;init&gt;(SlidingWindowCounter.java:62)
	at storm.starter.tools.SlidingWindowCounterTest.lessThanTwoSlotsShouldThrowIAE(SlidingWindowCounterTest.java:22)
	at sun.reflect.NativeMethodAccessorImpl.invoke0(Native Method)
	at sun.reflect.NativeMethodAccessorImpl.invoke(NativeMethodAccessorImpl.java:57)
	at sun.reflect.DelegatingMethodAccessorImpl.invoke(DelegatingMethodAccessorImpl.java:43)
	at java.lang.reflect.Method.invoke(Method.java:601)
	at org.testng.internal.MethodInvocationHelper.invokeMethod(MethodInvocationHelper.java:84)
	at org.testng.internal.Invoker.invokeMethod(Invoker.java:714)
	at org.testng.internal.Invoker.invokeTestMethod(Invoker.java:901)
	at org.testng.internal.Invoker.invokeTestMethods(Invoker.java:1231)
	at org.testng.internal.TestMethodWorker.invokeTestMethods(TestMethodWorker.java:127)
	at org.testng.internal.TestMethodWorker.run(TestMethodWorker.java:111)
	at org.testng.TestRunner.privateRun(TestRunner.java:767)
	at org.testng.TestRunner.run(TestRunner.java:617)
	at org.testng.SuiteRunner.runTest(SuiteRunner.java:334)
	at org.testng.SuiteRunner.runSequentially(SuiteRunner.java:329)
	at org.testng.SuiteRunner.privateRun(SuiteRunner.java:291)
	at org.testng.SuiteRunner.run(SuiteRunner.java:240)
	at org.testng.SuiteRunnerWorker.runSuite(SuiteRunnerWorker.java:52)
	at org.testng.SuiteRunnerWorker.run(SuiteRunnerWorker.java:86)
	at org.testng.TestNG.runSuitesSequentially(TestNG.java:1224)
	at org.testng.TestNG.runSuitesLocally(TestNG.java:1149)
	at org.testng.TestNG.run(TestNG.java:1057)
	at org.apache.maven.surefire.testng.TestNGExecutor.run(TestNGExecutor.java:77)
	at org.apache.maven.surefire.testng.TestNGDirectoryTestSuite.executeMulti(TestNGDirectoryTestSuite.java:159)
	at org.apache.maven.surefire.testng.TestNGDirectoryTestSuite.execute(TestNGDirectoryTestSuite.java:99)
	at org.apache.maven.surefire.testng.TestNGProvider.invoke(TestNGProvider.java:106)
	at sun.reflect.NativeMethodAccessorImpl.invoke0(Native Method)
	at sun.reflect.NativeMethodAccessorImpl.invoke(NativeMethodAccessorImpl.java:57)
	at sun.reflect.DelegatingMethodAccessorImpl.invoke(DelegatingMethodAccessorImpl.java:43)
	at java.lang.reflect.Method.invoke(Method.java:601)
	at org.apache.maven.surefire.util.ReflectionUtils.invokeMethodWithArray(ReflectionUtils.java:189)
	at org.apache.maven.surefire.booter.ProviderFactory$ProviderProxy.invoke(ProviderFactory.java:165)
	at org.apache.maven.surefire.booter.ProviderFactory.invokeProvider(ProviderFactory.java:85)
	at org.apache.maven.surefire.booter.ForkedBooter.runSuitesInProcess(ForkedBooter.java:115)
	at org.apache.maven.surefire.booter.ForkedBooter.main(ForkedBooter.java:75)
</pre></div></td>
<td>0</td>
<td>storm.starter.tools.SlidingWindowCounterTest@2bb4d74</td></tr>
<tr>
<td title='storm.starter.tools.SlidingWindowCounterTest.lessThanTwoSlotsShouldThrowIAE()'><b>lessThanTwoSlotsShouldThrowIAE</b><br>Test class: storm.starter.tools.SlidingWindowCounterTest<br>Parameters: -2</td>
<td><div><pre>java.lang.IllegalArgumentException: Window length in slots must be at least two (you requested -2)
	at storm.starter.tools.SlidingWindowCounter.&lt;init&gt;(SlidingWindowCounter.java:62)
	at storm.starter.tools.SlidingWindowCounterTest.lessThanTwoSlotsShouldThrowIAE(SlidingWindowCounterTest.java:22)
... Removed 34 stack frames</pre></div><a href='#' onClick='toggleBox("stack-trace38251321", this, "Click to show all stack frames", "Click to hide stack frames")'>Click to show all stack frames</a>
<div class='stack-trace' id='stack-trace38251321'><pre>java.lang.IllegalArgumentException: Window length in slots must be at least two (you requested -2)
	at storm.starter.tools.SlidingWindowCounter.&lt;init&gt;(SlidingWindowCounter.java:62)
	at storm.starter.tools.SlidingWindowCounterTest.lessThanTwoSlotsShouldThrowIAE(SlidingWindowCounterTest.java:22)
	at sun.reflect.NativeMethodAccessorImpl.invoke0(Native Method)
	at sun.reflect.NativeMethodAccessorImpl.invoke(NativeMethodAccessorImpl.java:57)
	at sun.reflect.DelegatingMethodAccessorImpl.invoke(DelegatingMethodAccessorImpl.java:43)
	at java.lang.reflect.Method.invoke(Method.java:601)
	at org.testng.internal.MethodInvocationHelper.invokeMethod(MethodInvocationHelper.java:84)
	at org.testng.internal.Invoker.invokeMethod(Invoker.java:714)
	at org.testng.internal.Invoker.invokeTestMethod(Invoker.java:901)
	at org.testng.internal.Invoker.invokeTestMethods(Invoker.java:1231)
	at org.testng.internal.TestMethodWorker.invokeTestMethods(TestMethodWorker.java:127)
	at org.testng.internal.TestMethodWorker.run(TestMethodWorker.java:111)
	at org.testng.TestRunner.privateRun(TestRunner.java:767)
	at org.testng.TestRunner.run(TestRunner.java:617)
	at org.testng.SuiteRunner.runTest(SuiteRunner.java:334)
	at org.testng.SuiteRunner.runSequentially(SuiteRunner.java:329)
	at org.testng.SuiteRunner.privateRun(SuiteRunner.java:291)
	at org.testng.SuiteRunner.run(SuiteRunner.java:240)
	at org.testng.SuiteRunnerWorker.runSuite(SuiteRunnerWorker.java:52)
	at org.testng.SuiteRunnerWorker.run(SuiteRunnerWorker.java:86)
	at org.testng.TestNG.runSuitesSequentially(TestNG.java:1224)
	at org.testng.TestNG.runSuitesLocally(TestNG.java:1149)
	at org.testng.TestNG.run(TestNG.java:1057)
	at org.apache.maven.surefire.testng.TestNGExecutor.run(TestNGExecutor.java:77)
	at org.apache.maven.surefire.testng.TestNGDirectoryTestSuite.executeMulti(TestNGDirectoryTestSuite.java:159)
	at org.apache.maven.surefire.testng.TestNGDirectoryTestSuite.execute(TestNGDirectoryTestSuite.java:99)
	at org.apache.maven.surefire.testng.TestNGProvider.invoke(TestNGProvider.java:106)
	at sun.reflect.NativeMethodAccessorImpl.invoke0(Native Method)
	at sun.reflect.NativeMethodAccessorImpl.invoke(NativeMethodAccessorImpl.java:57)
	at sun.reflect.DelegatingMethodAccessorImpl.invoke(DelegatingMethodAccessorImpl.java:43)
	at java.lang.reflect.Method.invoke(Method.java:601)
	at org.apache.maven.surefire.util.ReflectionUtils.invokeMethodWithArray(ReflectionUtils.java:189)
	at org.apache.maven.surefire.booter.ProviderFactory$ProviderProxy.invoke(ProviderFactory.java:165)
	at org.apache.maven.surefire.booter.ProviderFactory.invokeProvider(ProviderFactory.java:85)
	at org.apache.maven.surefire.booter.ForkedBooter.runSuitesInProcess(ForkedBooter.java:115)
	at org.apache.maven.surefire.booter.ForkedBooter.main(ForkedBooter.java:75)
</pre></div></td>
<td>0</td>
<td>storm.starter.tools.SlidingWindowCounterTest@2bb4d74</td></tr>
<tr>
<td title='storm.starter.tools.SlidingWindowCounterTest.lessThanTwoSlotsShouldThrowIAE()'><b>lessThanTwoSlotsShouldThrowIAE</b><br>Test class: storm.starter.tools.SlidingWindowCounterTest<br>Parameters: -1</td>
<td><div><pre>java.lang.IllegalArgumentException: Window length in slots must be at least two (you requested -1)
	at storm.starter.tools.SlidingWindowCounter.&lt;init&gt;(SlidingWindowCounter.java:62)
	at storm.starter.tools.SlidingWindowCounterTest.lessThanTwoSlotsShouldThrowIAE(SlidingWindowCounterTest.java:22)
... Removed 34 stack frames</pre></div><a href='#' onClick='toggleBox("stack-trace792341594", this, "Click to show all stack frames", "Click to hide stack frames")'>Click to show all stack frames</a>
<div class='stack-trace' id='stack-trace792341594'><pre>java.lang.IllegalArgumentException: Window length in slots must be at least two (you requested -1)
	at storm.starter.tools.SlidingWindowCounter.&lt;init&gt;(SlidingWindowCounter.java:62)
	at storm.starter.tools.SlidingWindowCounterTest.lessThanTwoSlotsShouldThrowIAE(SlidingWindowCounterTest.java:22)
	at sun.reflect.NativeMethodAccessorImpl.invoke0(Native Method)
	at sun.reflect.NativeMethodAccessorImpl.invoke(NativeMethodAccessorImpl.java:57)
	at sun.reflect.DelegatingMethodAccessorImpl.invoke(DelegatingMethodAccessorImpl.java:43)
	at java.lang.reflect.Method.invoke(Method.java:601)
	at org.testng.internal.MethodInvocationHelper.invokeMethod(MethodInvocationHelper.java:84)
	at org.testng.internal.Invoker.invokeMethod(Invoker.java:714)
	at org.testng.internal.Invoker.invokeTestMethod(Invoker.java:901)
	at org.testng.internal.Invoker.invokeTestMethods(Invoker.java:1231)
	at org.testng.internal.TestMethodWorker.invokeTestMethods(TestMethodWorker.java:127)
	at org.testng.internal.TestMethodWorker.run(TestMethodWorker.java:111)
	at org.testng.TestRunner.privateRun(TestRunner.java:767)
	at org.testng.TestRunner.run(TestRunner.java:617)
	at org.testng.SuiteRunner.runTest(SuiteRunner.java:334)
	at org.testng.SuiteRunner.runSequentially(SuiteRunner.java:329)
	at org.testng.SuiteRunner.privateRun(SuiteRunner.java:291)
	at org.testng.SuiteRunner.run(SuiteRunner.java:240)
	at org.testng.SuiteRunnerWorker.runSuite(SuiteRunnerWorker.java:52)
	at org.testng.SuiteRunnerWorker.run(SuiteRunnerWorker.java:86)
	at org.testng.TestNG.runSuitesSequentially(TestNG.java:1224)
	at org.testng.TestNG.runSuitesLocally(TestNG.java:1149)
	at org.testng.TestNG.run(TestNG.java:1057)
	at org.apache.maven.surefire.testng.TestNGExecutor.run(TestNGExecutor.java:77)
	at org.apache.maven.surefire.testng.TestNGDirectoryTestSuite.executeMulti(TestNGDirectoryTestSuite.java:159)
	at org.apache.maven.surefire.testng.TestNGDirectoryTestSuite.execute(TestNGDirectoryTestSuite.java:99)
	at org.apache.maven.surefire.testng.TestNGProvider.invoke(TestNGProvider.java:106)
	at sun.reflect.NativeMethodAccessorImpl.invoke0(Native Method)
	at sun.reflect.NativeMethodAccessorImpl.invoke(NativeMethodAccessorImpl.java:57)
	at sun.reflect.DelegatingMethodAccessorImpl.invoke(DelegatingMethodAccessorImpl.java:43)
	at java.lang.reflect.Method.invoke(Method.java:601)
	at org.apache.maven.surefire.util.ReflectionUtils.invokeMethodWithArray(ReflectionUtils.java:189)
	at org.apache.maven.surefire.booter.ProviderFactory$ProviderProxy.invoke(ProviderFactory.java:165)
	at org.apache.maven.surefire.booter.ProviderFactory.invokeProvider(ProviderFactory.java:85)
	at org.apache.maven.surefire.booter.ForkedBooter.runSuitesInProcess(ForkedBooter.java:115)
	at org.apache.maven.surefire.booter.ForkedBooter.main(ForkedBooter.java:75)
</pre></div></td>
<td>0</td>
<td>storm.starter.tools.SlidingWindowCounterTest@2bb4d74</td></tr>
<tr>
<td title='storm.starter.tools.SlidingWindowCounterTest.lessThanTwoSlotsShouldThrowIAE()'><b>lessThanTwoSlotsShouldThrowIAE</b><br>Test class: storm.starter.tools.SlidingWindowCounterTest<br>Parameters: 0</td>
<td><div><pre>java.lang.IllegalArgumentException: Window length in slots must be at least two (you requested 0)
	at storm.starter.tools.SlidingWindowCounter.&lt;init&gt;(SlidingWindowCounter.java:62)
	at storm.starter.tools.SlidingWindowCounterTest.lessThanTwoSlotsShouldThrowIAE(SlidingWindowCounterTest.java:22)
... Removed 34 stack frames</pre></div><a href='#' onClick='toggleBox("stack-trace339075311", this, "Click to show all stack frames", "Click to hide stack frames")'>Click to show all stack frames</a>
<div class='stack-trace' id='stack-trace339075311'><pre>java.lang.IllegalArgumentException: Window length in slots must be at least two (you requested 0)
	at storm.starter.tools.SlidingWindowCounter.&lt;init&gt;(SlidingWindowCounter.java:62)
	at storm.starter.tools.SlidingWindowCounterTest.lessThanTwoSlotsShouldThrowIAE(SlidingWindowCounterTest.java:22)
	at sun.reflect.NativeMethodAccessorImpl.invoke0(Native Method)
	at sun.reflect.NativeMethodAccessorImpl.invoke(NativeMethodAccessorImpl.java:57)
	at sun.reflect.DelegatingMethodAccessorImpl.invoke(DelegatingMethodAccessorImpl.java:43)
	at java.lang.reflect.Method.invoke(Method.java:601)
	at org.testng.internal.MethodInvocationHelper.invokeMethod(MethodInvocationHelper.java:84)
	at org.testng.internal.Invoker.invokeMethod(Invoker.java:714)
	at org.testng.internal.Invoker.invokeTestMethod(Invoker.java:901)
	at org.testng.internal.Invoker.invokeTestMethods(Invoker.java:1231)
	at org.testng.internal.TestMethodWorker.invokeTestMethods(TestMethodWorker.java:127)
	at org.testng.internal.TestMethodWorker.run(TestMethodWorker.java:111)
	at org.testng.TestRunner.privateRun(TestRunner.java:767)
	at org.testng.TestRunner.run(TestRunner.java:617)
	at org.testng.SuiteRunner.runTest(SuiteRunner.java:334)
	at org.testng.SuiteRunner.runSequentially(SuiteRunner.java:329)
	at org.testng.SuiteRunner.privateRun(SuiteRunner.java:291)
	at org.testng.SuiteRunner.run(SuiteRunner.java:240)
	at org.testng.SuiteRunnerWorker.runSuite(SuiteRunnerWorker.java:52)
	at org.testng.SuiteRunnerWorker.run(SuiteRunnerWorker.java:86)
	at org.testng.TestNG.runSuitesSequentially(TestNG.java:1224)
	at org.testng.TestNG.runSuitesLocally(TestNG.java:1149)
	at org.testng.TestNG.run(TestNG.java:1057)
	at org.apache.maven.surefire.testng.TestNGExecutor.run(TestNGExecutor.java:77)
	at org.apache.maven.surefire.testng.TestNGDirectoryTestSuite.executeMulti(TestNGDirectoryTestSuite.java:159)
	at org.apache.maven.surefire.testng.TestNGDirectoryTestSuite.execute(TestNGDirectoryTestSuite.java:99)
	at org.apache.maven.surefire.testng.TestNGProvider.invoke(TestNGProvider.java:106)
	at sun.reflect.NativeMethodAccessorImpl.invoke0(Native Method)
	at sun.reflect.NativeMethodAccessorImpl.invoke(NativeMethodAccessorImpl.java:57)
	at sun.reflect.DelegatingMethodAccessorImpl.invoke(DelegatingMethodAccessorImpl.java:43)
	at java.lang.reflect.Method.invoke(Method.java:601)
	at org.apache.maven.surefire.util.ReflectionUtils.invokeMethodWithArray(ReflectionUtils.java:189)
	at org.apache.maven.surefire.booter.ProviderFactory$ProviderProxy.invoke(ProviderFactory.java:165)
	at org.apache.maven.surefire.booter.ProviderFactory.invokeProvider(ProviderFactory.java:85)
	at org.apache.maven.surefire.booter.ForkedBooter.runSuitesInProcess(ForkedBooter.java:115)
	at org.apache.maven.surefire.booter.ForkedBooter.main(ForkedBooter.java:75)
</pre></div></td>
<td>0</td>
<td>storm.starter.tools.SlidingWindowCounterTest@2bb4d74</td></tr>
<tr>
<td title='storm.starter.tools.SlidingWindowCounterTest.lessThanTwoSlotsShouldThrowIAE()'><b>lessThanTwoSlotsShouldThrowIAE</b><br>Test class: storm.starter.tools.SlidingWindowCounterTest<br>Parameters: 1</td>
<td><div><pre>java.lang.IllegalArgumentException: Window length in slots must be at least two (you requested 1)
	at storm.starter.tools.SlidingWindowCounter.&lt;init&gt;(SlidingWindowCounter.java:62)
	at storm.starter.tools.SlidingWindowCounterTest.lessThanTwoSlotsShouldThrowIAE(SlidingWindowCounterTest.java:22)
... Removed 34 stack frames</pre></div><a href='#' onClick='toggleBox("stack-trace1564636486", this, "Click to show all stack frames", "Click to hide stack frames")'>Click to show all stack frames</a>
<div class='stack-trace' id='stack-trace1564636486'><pre>java.lang.IllegalArgumentException: Window length in slots must be at least two (you requested 1)
	at storm.starter.tools.SlidingWindowCounter.&lt;init&gt;(SlidingWindowCounter.java:62)
	at storm.starter.tools.SlidingWindowCounterTest.lessThanTwoSlotsShouldThrowIAE(SlidingWindowCounterTest.java:22)
	at sun.reflect.NativeMethodAccessorImpl.invoke0(Native Method)
	at sun.reflect.NativeMethodAccessorImpl.invoke(NativeMethodAccessorImpl.java:57)
	at sun.reflect.DelegatingMethodAccessorImpl.invoke(DelegatingMethodAccessorImpl.java:43)
	at java.lang.reflect.Method.invoke(Method.java:601)
	at org.testng.internal.MethodInvocationHelper.invokeMethod(MethodInvocationHelper.java:84)
	at org.testng.internal.Invoker.invokeMethod(Invoker.java:714)
	at org.testng.internal.Invoker.invokeTestMethod(Invoker.java:901)
	at org.testng.internal.Invoker.invokeTestMethods(Invoker.java:1231)
	at org.testng.internal.TestMethodWorker.invokeTestMethods(TestMethodWorker.java:127)
	at org.testng.internal.TestMethodWorker.run(TestMethodWorker.java:111)
	at org.testng.TestRunner.privateRun(TestRunner.java:767)
	at org.testng.TestRunner.run(TestRunner.java:617)
	at org.testng.SuiteRunner.runTest(SuiteRunner.java:334)
	at org.testng.SuiteRunner.runSequentially(SuiteRunner.java:329)
	at org.testng.SuiteRunner.privateRun(SuiteRunner.java:291)
	at org.testng.SuiteRunner.run(SuiteRunner.java:240)
	at org.testng.SuiteRunnerWorker.runSuite(SuiteRunnerWorker.java:52)
	at org.testng.SuiteRunnerWorker.run(SuiteRunnerWorker.java:86)
	at org.testng.TestNG.runSuitesSequentially(TestNG.java:1224)
	at org.testng.TestNG.runSuitesLocally(TestNG.java:1149)
	at org.testng.TestNG.run(TestNG.java:1057)
	at org.apache.maven.surefire.testng.TestNGExecutor.run(TestNGExecutor.java:77)
	at org.apache.maven.surefire.testng.TestNGDirectoryTestSuite.executeMulti(TestNGDirectoryTestSuite.java:159)
	at org.apache.maven.surefire.testng.TestNGDirectoryTestSuite.execute(TestNGDirectoryTestSuite.java:99)
	at org.apache.maven.surefire.testng.TestNGProvider.invoke(TestNGProvider.java:106)
	at sun.reflect.NativeMethodAccessorImpl.invoke0(Native Method)
	at sun.reflect.NativeMethodAccessorImpl.invoke(NativeMethodAccessorImpl.java:57)
	at sun.reflect.DelegatingMethodAccessorImpl.invoke(DelegatingMethodAccessorImpl.java:43)
	at java.lang.reflect.Method.invoke(Method.java:601)
	at org.apache.maven.surefire.util.ReflectionUtils.invokeMethodWithArray(ReflectionUtils.java:189)
	at org.apache.maven.surefire.booter.ProviderFactory$ProviderProxy.invoke(ProviderFactory.java:165)
	at org.apache.maven.surefire.booter.ProviderFactory.invokeProvider(ProviderFactory.java:85)
	at org.apache.maven.surefire.booter.ForkedBooter.runSuitesInProcess(ForkedBooter.java:115)
	at org.apache.maven.surefire.booter.ForkedBooter.main(ForkedBooter.java:75)
</pre></div></td>
<td>0</td>
<td>storm.starter.tools.SlidingWindowCounterTest@2bb4d74</td></tr>
<tr>
<td title='storm.starter.bolt.IntermediateRankingsBoltTest.negativeOrZeroEmitFrequencyShouldThrowIAE()'><b>negativeOrZeroEmitFrequencyShouldThrowIAE</b><br>Test class: storm.starter.bolt.IntermediateRankingsBoltTest<br>Parameters: -10</td>
<td><div><pre>java.lang.IllegalArgumentException: The emit frequency must be &gt;= 1 seconds (you requested -10 seconds)
	at storm.starter.bolt.AbstractRankerBolt.&lt;init&gt;(AbstractRankerBolt.java:47)
	at storm.starter.bolt.IntermediateRankingsBolt.&lt;init&gt;(IntermediateRankingsBolt.java:28)
	at storm.starter.bolt.IntermediateRankingsBoltTest.negativeOrZeroEmitFrequencyShouldThrowIAE(IntermediateRankingsBoltTest.java:51)
... Removed 34 stack frames</pre></div><a href='#' onClick='toggleBox("stack-trace1505440851", this, "Click to show all stack frames", "Click to hide stack frames")'>Click to show all stack frames</a>
<div class='stack-trace' id='stack-trace1505440851'><pre>java.lang.IllegalArgumentException: The emit frequency must be &gt;= 1 seconds (you requested -10 seconds)
	at storm.starter.bolt.AbstractRankerBolt.&lt;init&gt;(AbstractRankerBolt.java:47)
	at storm.starter.bolt.IntermediateRankingsBolt.&lt;init&gt;(IntermediateRankingsBolt.java:28)
	at storm.starter.bolt.IntermediateRankingsBoltTest.negativeOrZeroEmitFrequencyShouldThrowIAE(IntermediateRankingsBoltTest.java:51)
	at sun.reflect.NativeMethodAccessorImpl.invoke0(Native Method)
	at sun.reflect.NativeMethodAccessorImpl.invoke(NativeMethodAccessorImpl.java:57)
	at sun.reflect.DelegatingMethodAccessorImpl.invoke(DelegatingMethodAccessorImpl.java:43)
	at java.lang.reflect.Method.invoke(Method.java:601)
	at org.testng.internal.MethodInvocationHelper.invokeMethod(MethodInvocationHelper.java:84)
	at org.testng.internal.Invoker.invokeMethod(Invoker.java:714)
	at org.testng.internal.Invoker.invokeTestMethod(Invoker.java:901)
	at org.testng.internal.Invoker.invokeTestMethods(Invoker.java:1231)
	at org.testng.internal.TestMethodWorker.invokeTestMethods(TestMethodWorker.java:127)
	at org.testng.internal.TestMethodWorker.run(TestMethodWorker.java:111)
	at org.testng.TestRunner.privateRun(TestRunner.java:767)
	at org.testng.TestRunner.run(TestRunner.java:617)
	at org.testng.SuiteRunner.runTest(SuiteRunner.java:334)
	at org.testng.SuiteRunner.runSequentially(SuiteRunner.java:329)
	at org.testng.SuiteRunner.privateRun(SuiteRunner.java:291)
	at org.testng.SuiteRunner.run(SuiteRunner.java:240)
	at org.testng.SuiteRunnerWorker.runSuite(SuiteRunnerWorker.java:52)
	at org.testng.SuiteRunnerWorker.run(SuiteRunnerWorker.java:86)
	at org.testng.TestNG.runSuitesSequentially(TestNG.java:1224)
	at org.testng.TestNG.runSuitesLocally(TestNG.java:1149)
	at org.testng.TestNG.run(TestNG.java:1057)
	at org.apache.maven.surefire.testng.TestNGExecutor.run(TestNGExecutor.java:77)
	at org.apache.maven.surefire.testng.TestNGDirectoryTestSuite.executeMulti(TestNGDirectoryTestSuite.java:159)
	at org.apache.maven.surefire.testng.TestNGDirectoryTestSuite.execute(TestNGDirectoryTestSuite.java:99)
	at org.apache.maven.surefire.testng.TestNGProvider.invoke(TestNGProvider.java:106)
	at sun.reflect.NativeMethodAccessorImpl.invoke0(Native Method)
	at sun.reflect.NativeMethodAccessorImpl.invoke(NativeMethodAccessorImpl.java:57)
	at sun.reflect.DelegatingMethodAccessorImpl.invoke(DelegatingMethodAccessorImpl.java:43)
	at java.lang.reflect.Method.invoke(Method.java:601)
	at org.apache.maven.surefire.util.ReflectionUtils.invokeMethodWithArray(ReflectionUtils.java:189)
	at org.apache.maven.surefire.booter.ProviderFactory$ProviderProxy.invoke(ProviderFactory.java:165)
	at org.apache.maven.surefire.booter.ProviderFactory.invokeProvider(ProviderFactory.java:85)
	at org.apache.maven.surefire.booter.ForkedBooter.runSuitesInProcess(ForkedBooter.java:115)
	at org.apache.maven.surefire.booter.ForkedBooter.main(ForkedBooter.java:75)
</pre></div></td>
<td>0</td>
<td>storm.starter.bolt.IntermediateRankingsBoltTest@2b8aef48</td></tr>
<tr>
<td title='storm.starter.bolt.IntermediateRankingsBoltTest.negativeOrZeroEmitFrequencyShouldThrowIAE()'><b>negativeOrZeroEmitFrequencyShouldThrowIAE</b><br>Test class: storm.starter.bolt.IntermediateRankingsBoltTest<br>Parameters: -3</td>
<td><div><pre>java.lang.IllegalArgumentException: The emit frequency must be &gt;= 1 seconds (you requested -3 seconds)
	at storm.starter.bolt.AbstractRankerBolt.&lt;init&gt;(AbstractRankerBolt.java:47)
	at storm.starter.bolt.IntermediateRankingsBolt.&lt;init&gt;(IntermediateRankingsBolt.java:28)
	at storm.starter.bolt.IntermediateRankingsBoltTest.negativeOrZeroEmitFrequencyShouldThrowIAE(IntermediateRankingsBoltTest.java:51)
... Removed 34 stack frames</pre></div><a href='#' onClick='toggleBox("stack-trace292053803", this, "Click to show all stack frames", "Click to hide stack frames")'>Click to show all stack frames</a>
<div class='stack-trace' id='stack-trace292053803'><pre>java.lang.IllegalArgumentException: The emit frequency must be &gt;= 1 seconds (you requested -3 seconds)
	at storm.starter.bolt.AbstractRankerBolt.&lt;init&gt;(AbstractRankerBolt.java:47)
	at storm.starter.bolt.IntermediateRankingsBolt.&lt;init&gt;(IntermediateRankingsBolt.java:28)
	at storm.starter.bolt.IntermediateRankingsBoltTest.negativeOrZeroEmitFrequencyShouldThrowIAE(IntermediateRankingsBoltTest.java:51)
	at sun.reflect.NativeMethodAccessorImpl.invoke0(Native Method)
	at sun.reflect.NativeMethodAccessorImpl.invoke(NativeMethodAccessorImpl.java:57)
	at sun.reflect.DelegatingMethodAccessorImpl.invoke(DelegatingMethodAccessorImpl.java:43)
	at java.lang.reflect.Method.invoke(Method.java:601)
	at org.testng.internal.MethodInvocationHelper.invokeMethod(MethodInvocationHelper.java:84)
	at org.testng.internal.Invoker.invokeMethod(Invoker.java:714)
	at org.testng.internal.Invoker.invokeTestMethod(Invoker.java:901)
	at org.testng.internal.Invoker.invokeTestMethods(Invoker.java:1231)
	at org.testng.internal.TestMethodWorker.invokeTestMethods(TestMethodWorker.java:127)
	at org.testng.internal.TestMethodWorker.run(TestMethodWorker.java:111)
	at org.testng.TestRunner.privateRun(TestRunner.java:767)
	at org.testng.TestRunner.run(TestRunner.java:617)
	at org.testng.SuiteRunner.runTest(SuiteRunner.java:334)
	at org.testng.SuiteRunner.runSequentially(SuiteRunner.java:329)
	at org.testng.SuiteRunner.privateRun(SuiteRunner.java:291)
	at org.testng.SuiteRunner.run(SuiteRunner.java:240)
	at org.testng.SuiteRunnerWorker.runSuite(SuiteRunnerWorker.java:52)
	at org.testng.SuiteRunnerWorker.run(SuiteRunnerWorker.java:86)
	at org.testng.TestNG.runSuitesSequentially(TestNG.java:1224)
	at org.testng.TestNG.runSuitesLocally(TestNG.java:1149)
	at org.testng.TestNG.run(TestNG.java:1057)
	at org.apache.maven.surefire.testng.TestNGExecutor.run(TestNGExecutor.java:77)
	at org.apache.maven.surefire.testng.TestNGDirectoryTestSuite.executeMulti(TestNGDirectoryTestSuite.java:159)
	at org.apache.maven.surefire.testng.TestNGDirectoryTestSuite.execute(TestNGDirectoryTestSuite.java:99)
	at org.apache.maven.surefire.testng.TestNGProvider.invoke(TestNGProvider.java:106)
	at sun.reflect.NativeMethodAccessorImpl.invoke0(Native Method)
	at sun.reflect.NativeMethodAccessorImpl.invoke(NativeMethodAccessorImpl.java:57)
	at sun.reflect.DelegatingMethodAccessorImpl.invoke(DelegatingMethodAccessorImpl.java:43)
	at java.lang.reflect.Method.invoke(Method.java:601)
	at org.apache.maven.surefire.util.ReflectionUtils.invokeMethodWithArray(ReflectionUtils.java:189)
	at org.apache.maven.surefire.booter.ProviderFactory$ProviderProxy.invoke(ProviderFactory.java:165)
	at org.apache.maven.surefire.booter.ProviderFactory.invokeProvider(ProviderFactory.java:85)
	at org.apache.maven.surefire.booter.ForkedBooter.runSuitesInProcess(ForkedBooter.java:115)
	at org.apache.maven.surefire.booter.ForkedBooter.main(ForkedBooter.java:75)
</pre></div></td>
<td>0</td>
<td>storm.starter.bolt.IntermediateRankingsBoltTest@2b8aef48</td></tr>
<tr>
<td title='storm.starter.bolt.IntermediateRankingsBoltTest.negativeOrZeroEmitFrequencyShouldThrowIAE()'><b>negativeOrZeroEmitFrequencyShouldThrowIAE</b><br>Test class: storm.starter.bolt.IntermediateRankingsBoltTest<br>Parameters: -2</td>
<td><div><pre>java.lang.IllegalArgumentException: The emit frequency must be &gt;= 1 seconds (you requested -2 seconds)
	at storm.starter.bolt.AbstractRankerBolt.&lt;init&gt;(AbstractRankerBolt.java:47)
	at storm.starter.bolt.IntermediateRankingsBolt.&lt;init&gt;(IntermediateRankingsBolt.java:28)
	at storm.starter.bolt.IntermediateRankingsBoltTest.negativeOrZeroEmitFrequencyShouldThrowIAE(IntermediateRankingsBoltTest.java:51)
... Removed 34 stack frames</pre></div><a href='#' onClick='toggleBox("stack-trace1548133626", this, "Click to show all stack frames", "Click to hide stack frames")'>Click to show all stack frames</a>
<div class='stack-trace' id='stack-trace1548133626'><pre>java.lang.IllegalArgumentException: The emit frequency must be &gt;= 1 seconds (you requested -2 seconds)
	at storm.starter.bolt.AbstractRankerBolt.&lt;init&gt;(AbstractRankerBolt.java:47)
	at storm.starter.bolt.IntermediateRankingsBolt.&lt;init&gt;(IntermediateRankingsBolt.java:28)
	at storm.starter.bolt.IntermediateRankingsBoltTest.negativeOrZeroEmitFrequencyShouldThrowIAE(IntermediateRankingsBoltTest.java:51)
	at sun.reflect.NativeMethodAccessorImpl.invoke0(Native Method)
	at sun.reflect.NativeMethodAccessorImpl.invoke(NativeMethodAccessorImpl.java:57)
	at sun.reflect.DelegatingMethodAccessorImpl.invoke(DelegatingMethodAccessorImpl.java:43)
	at java.lang.reflect.Method.invoke(Method.java:601)
	at org.testng.internal.MethodInvocationHelper.invokeMethod(MethodInvocationHelper.java:84)
	at org.testng.internal.Invoker.invokeMethod(Invoker.java:714)
	at org.testng.internal.Invoker.invokeTestMethod(Invoker.java:901)
	at org.testng.internal.Invoker.invokeTestMethods(Invoker.java:1231)
	at org.testng.internal.TestMethodWorker.invokeTestMethods(TestMethodWorker.java:127)
	at org.testng.internal.TestMethodWorker.run(TestMethodWorker.java:111)
	at org.testng.TestRunner.privateRun(TestRunner.java:767)
	at org.testng.TestRunner.run(TestRunner.java:617)
	at org.testng.SuiteRunner.runTest(SuiteRunner.java:334)
	at org.testng.SuiteRunner.runSequentially(SuiteRunner.java:329)
	at org.testng.SuiteRunner.privateRun(SuiteRunner.java:291)
	at org.testng.SuiteRunner.run(SuiteRunner.java:240)
	at org.testng.SuiteRunnerWorker.runSuite(SuiteRunnerWorker.java:52)
	at org.testng.SuiteRunnerWorker.run(SuiteRunnerWorker.java:86)
	at org.testng.TestNG.runSuitesSequentially(TestNG.java:1224)
	at org.testng.TestNG.runSuitesLocally(TestNG.java:1149)
	at org.testng.TestNG.run(TestNG.java:1057)
	at org.apache.maven.surefire.testng.TestNGExecutor.run(TestNGExecutor.java:77)
	at org.apache.maven.surefire.testng.TestNGDirectoryTestSuite.executeMulti(TestNGDirectoryTestSuite.java:159)
	at org.apache.maven.surefire.testng.TestNGDirectoryTestSuite.execute(TestNGDirectoryTestSuite.java:99)
	at org.apache.maven.surefire.testng.TestNGProvider.invoke(TestNGProvider.java:106)
	at sun.reflect.NativeMethodAccessorImpl.invoke0(Native Method)
	at sun.reflect.NativeMethodAccessorImpl.invoke(NativeMethodAccessorImpl.java:57)
	at sun.reflect.DelegatingMethodAccessorImpl.invoke(DelegatingMethodAccessorImpl.java:43)
	at java.lang.reflect.Method.invoke(Method.java:601)
	at org.apache.maven.surefire.util.ReflectionUtils.invokeMethodWithArray(ReflectionUtils.java:189)
	at org.apache.maven.surefire.booter.ProviderFactory$ProviderProxy.invoke(ProviderFactory.java:165)
	at org.apache.maven.surefire.booter.ProviderFactory.invokeProvider(ProviderFactory.java:85)
	at org.apache.maven.surefire.booter.ForkedBooter.runSuitesInProcess(ForkedBooter.java:115)
	at org.apache.maven.surefire.booter.ForkedBooter.main(ForkedBooter.java:75)
</pre></div></td>
<td>0</td>
<td>storm.starter.bolt.IntermediateRankingsBoltTest@2b8aef48</td></tr>
<tr>
<td title='storm.starter.bolt.IntermediateRankingsBoltTest.negativeOrZeroEmitFrequencyShouldThrowIAE()'><b>negativeOrZeroEmitFrequencyShouldThrowIAE</b><br>Test class: storm.starter.bolt.IntermediateRankingsBoltTest<br>Parameters: -1</td>
<td><div><pre>java.lang.IllegalArgumentException: The emit frequency must be &gt;= 1 seconds (you requested -1 seconds)
	at storm.starter.bolt.AbstractRankerBolt.&lt;init&gt;(AbstractRankerBolt.java:47)
	at storm.starter.bolt.IntermediateRankingsBolt.&lt;init&gt;(IntermediateRankingsBolt.java:28)
	at storm.starter.bolt.IntermediateRankingsBoltTest.negativeOrZeroEmitFrequencyShouldThrowIAE(IntermediateRankingsBoltTest.java:51)
... Removed 34 stack frames</pre></div><a href='#' onClick='toggleBox("stack-trace569985130", this, "Click to show all stack frames", "Click to hide stack frames")'>Click to show all stack frames</a>
<div class='stack-trace' id='stack-trace569985130'><pre>java.lang.IllegalArgumentException: The emit frequency must be &gt;= 1 seconds (you requested -1 seconds)
	at storm.starter.bolt.AbstractRankerBolt.&lt;init&gt;(AbstractRankerBolt.java:47)
	at storm.starter.bolt.IntermediateRankingsBolt.&lt;init&gt;(IntermediateRankingsBolt.java:28)
	at storm.starter.bolt.IntermediateRankingsBoltTest.negativeOrZeroEmitFrequencyShouldThrowIAE(IntermediateRankingsBoltTest.java:51)
	at sun.reflect.NativeMethodAccessorImpl.invoke0(Native Method)
	at sun.reflect.NativeMethodAccessorImpl.invoke(NativeMethodAccessorImpl.java:57)
	at sun.reflect.DelegatingMethodAccessorImpl.invoke(DelegatingMethodAccessorImpl.java:43)
	at java.lang.reflect.Method.invoke(Method.java:601)
	at org.testng.internal.MethodInvocationHelper.invokeMethod(MethodInvocationHelper.java:84)
	at org.testng.internal.Invoker.invokeMethod(Invoker.java:714)
	at org.testng.internal.Invoker.invokeTestMethod(Invoker.java:901)
	at org.testng.internal.Invoker.invokeTestMethods(Invoker.java:1231)
	at org.testng.internal.TestMethodWorker.invokeTestMethods(TestMethodWorker.java:127)
	at org.testng.internal.TestMethodWorker.run(TestMethodWorker.java:111)
	at org.testng.TestRunner.privateRun(TestRunner.java:767)
	at org.testng.TestRunner.run(TestRunner.java:617)
	at org.testng.SuiteRunner.runTest(SuiteRunner.java:334)
	at org.testng.SuiteRunner.runSequentially(SuiteRunner.java:329)
	at org.testng.SuiteRunner.privateRun(SuiteRunner.java:291)
	at org.testng.SuiteRunner.run(SuiteRunner.java:240)
	at org.testng.SuiteRunnerWorker.runSuite(SuiteRunnerWorker.java:52)
	at org.testng.SuiteRunnerWorker.run(SuiteRunnerWorker.java:86)
	at org.testng.TestNG.runSuitesSequentially(TestNG.java:1224)
	at org.testng.TestNG.runSuitesLocally(TestNG.java:1149)
	at org.testng.TestNG.run(TestNG.java:1057)
	at org.apache.maven.surefire.testng.TestNGExecutor.run(TestNGExecutor.java:77)
	at org.apache.maven.surefire.testng.TestNGDirectoryTestSuite.executeMulti(TestNGDirectoryTestSuite.java:159)
	at org.apache.maven.surefire.testng.TestNGDirectoryTestSuite.execute(TestNGDirectoryTestSuite.java:99)
	at org.apache.maven.surefire.testng.TestNGProvider.invoke(TestNGProvider.java:106)
	at sun.reflect.NativeMethodAccessorImpl.invoke0(Native Method)
	at sun.reflect.NativeMethodAccessorImpl.invoke(NativeMethodAccessorImpl.java:57)
	at sun.reflect.DelegatingMethodAccessorImpl.invoke(DelegatingMethodAccessorImpl.java:43)
	at java.lang.reflect.Method.invoke(Method.java:601)
	at org.apache.maven.surefire.util.ReflectionUtils.invokeMethodWithArray(ReflectionUtils.java:189)
	at org.apache.maven.surefire.booter.ProviderFactory$ProviderProxy.invoke(ProviderFactory.java:165)
	at org.apache.maven.surefire.booter.ProviderFactory.invokeProvider(ProviderFactory.java:85)
	at org.apache.maven.surefire.booter.ForkedBooter.runSuitesInProcess(ForkedBooter.java:115)
	at org.apache.maven.surefire.booter.ForkedBooter.main(ForkedBooter.java:75)
</pre></div></td>
<td>0</td>
<td>storm.starter.bolt.IntermediateRankingsBoltTest@2b8aef48</td></tr>
<tr>
<td title='storm.starter.bolt.IntermediateRankingsBoltTest.negativeOrZeroEmitFrequencyShouldThrowIAE()'><b>negativeOrZeroEmitFrequencyShouldThrowIAE</b><br>Test class: storm.starter.bolt.IntermediateRankingsBoltTest<br>Parameters: 0</td>
<td><div><pre>java.lang.IllegalArgumentException: The emit frequency must be &gt;= 1 seconds (you requested 0 seconds)
	at storm.starter.bolt.AbstractRankerBolt.&lt;init&gt;(AbstractRankerBolt.java:47)
	at storm.starter.bolt.IntermediateRankingsBolt.&lt;init&gt;(IntermediateRankingsBolt.java:28)
	at storm.starter.bolt.IntermediateRankingsBoltTest.negativeOrZeroEmitFrequencyShouldThrowIAE(IntermediateRankingsBoltTest.java:51)
... Removed 34 stack frames</pre></div><a href='#' onClick='toggleBox("stack-trace1963014290", this, "Click to show all stack frames", "Click to hide stack frames")'>Click to show all stack frames</a>
<div class='stack-trace' id='stack-trace1963014290'><pre>java.lang.IllegalArgumentException: The emit frequency must be &gt;= 1 seconds (you requested 0 seconds)
	at storm.starter.bolt.AbstractRankerBolt.&lt;init&gt;(AbstractRankerBolt.java:47)
	at storm.starter.bolt.IntermediateRankingsBolt.&lt;init&gt;(IntermediateRankingsBolt.java:28)
	at storm.starter.bolt.IntermediateRankingsBoltTest.negativeOrZeroEmitFrequencyShouldThrowIAE(IntermediateRankingsBoltTest.java:51)
	at sun.reflect.NativeMethodAccessorImpl.invoke0(Native Method)
	at sun.reflect.NativeMethodAccessorImpl.invoke(NativeMethodAccessorImpl.java:57)
	at sun.reflect.DelegatingMethodAccessorImpl.invoke(DelegatingMethodAccessorImpl.java:43)
	at java.lang.reflect.Method.invoke(Method.java:601)
	at org.testng.internal.MethodInvocationHelper.invokeMethod(MethodInvocationHelper.java:84)
	at org.testng.internal.Invoker.invokeMethod(Invoker.java:714)
	at org.testng.internal.Invoker.invokeTestMethod(Invoker.java:901)
	at org.testng.internal.Invoker.invokeTestMethods(Invoker.java:1231)
	at org.testng.internal.TestMethodWorker.invokeTestMethods(TestMethodWorker.java:127)
	at org.testng.internal.TestMethodWorker.run(TestMethodWorker.java:111)
	at org.testng.TestRunner.privateRun(TestRunner.java:767)
	at org.testng.TestRunner.run(TestRunner.java:617)
	at org.testng.SuiteRunner.runTest(SuiteRunner.java:334)
	at org.testng.SuiteRunner.runSequentially(SuiteRunner.java:329)
	at org.testng.SuiteRunner.privateRun(SuiteRunner.java:291)
	at org.testng.SuiteRunner.run(SuiteRunner.java:240)
	at org.testng.SuiteRunnerWorker.runSuite(SuiteRunnerWorker.java:52)
	at org.testng.SuiteRunnerWorker.run(SuiteRunnerWorker.java:86)
	at org.testng.TestNG.runSuitesSequentially(TestNG.java:1224)
	at org.testng.TestNG.runSuitesLocally(TestNG.java:1149)
	at org.testng.TestNG.run(TestNG.java:1057)
	at org.apache.maven.surefire.testng.TestNGExecutor.run(TestNGExecutor.java:77)
	at org.apache.maven.surefire.testng.TestNGDirectoryTestSuite.executeMulti(TestNGDirectoryTestSuite.java:159)
	at org.apache.maven.surefire.testng.TestNGDirectoryTestSuite.execute(TestNGDirectoryTestSuite.java:99)
	at org.apache.maven.surefire.testng.TestNGProvider.invoke(TestNGProvider.java:106)
	at sun.reflect.NativeMethodAccessorImpl.invoke0(Native Method)
	at sun.reflect.NativeMethodAccessorImpl.invoke(NativeMethodAccessorImpl.java:57)
	at sun.reflect.DelegatingMethodAccessorImpl.invoke(DelegatingMethodAccessorImpl.java:43)
	at java.lang.reflect.Method.invoke(Method.java:601)
	at org.apache.maven.surefire.util.ReflectionUtils.invokeMethodWithArray(ReflectionUtils.java:189)
	at org.apache.maven.surefire.booter.ProviderFactory$ProviderProxy.invoke(ProviderFactory.java:165)
	at org.apache.maven.surefire.booter.ProviderFactory.invokeProvider(ProviderFactory.java:85)
	at org.apache.maven.surefire.booter.ForkedBooter.runSuitesInProcess(ForkedBooter.java:115)
	at org.apache.maven.surefire.booter.ForkedBooter.main(ForkedBooter.java:75)
</pre></div></td>
<td>0</td>
<td>storm.starter.bolt.IntermediateRankingsBoltTest@2b8aef48</td></tr>
<tr>
<td title='storm.starter.bolt.TotalRankingsBoltTest.negativeOrZeroEmitFrequencyShouldThrowIAE()'><b>negativeOrZeroEmitFrequencyShouldThrowIAE</b><br>Test class: storm.starter.bolt.TotalRankingsBoltTest<br>Parameters: -10</td>
<td><div><pre>java.lang.IllegalArgumentException: The emit frequency must be &gt;= 1 seconds (you requested -10 seconds)
	at storm.starter.bolt.AbstractRankerBolt.&lt;init&gt;(AbstractRankerBolt.java:47)
	at storm.starter.bolt.TotalRankingsBolt.&lt;init&gt;(TotalRankingsBolt.java:27)
	at storm.starter.bolt.TotalRankingsBoltTest.negativeOrZeroEmitFrequencyShouldThrowIAE(TotalRankingsBoltTest.java:52)
... Removed 34 stack frames</pre></div><a href='#' onClick='toggleBox("stack-trace644344959", this, "Click to show all stack frames", "Click to hide stack frames")'>Click to show all stack frames</a>
<div class='stack-trace' id='stack-trace644344959'><pre>java.lang.IllegalArgumentException: The emit frequency must be &gt;= 1 seconds (you requested -10 seconds)
	at storm.starter.bolt.AbstractRankerBolt.&lt;init&gt;(AbstractRankerBolt.java:47)
	at storm.starter.bolt.TotalRankingsBolt.&lt;init&gt;(TotalRankingsBolt.java:27)
	at storm.starter.bolt.TotalRankingsBoltTest.negativeOrZeroEmitFrequencyShouldThrowIAE(TotalRankingsBoltTest.java:52)
	at sun.reflect.NativeMethodAccessorImpl.invoke0(Native Method)
	at sun.reflect.NativeMethodAccessorImpl.invoke(NativeMethodAccessorImpl.java:57)
	at sun.reflect.DelegatingMethodAccessorImpl.invoke(DelegatingMethodAccessorImpl.java:43)
	at java.lang.reflect.Method.invoke(Method.java:601)
	at org.testng.internal.MethodInvocationHelper.invokeMethod(MethodInvocationHelper.java:84)
	at org.testng.internal.Invoker.invokeMethod(Invoker.java:714)
	at org.testng.internal.Invoker.invokeTestMethod(Invoker.java:901)
	at org.testng.internal.Invoker.invokeTestMethods(Invoker.java:1231)
	at org.testng.internal.TestMethodWorker.invokeTestMethods(TestMethodWorker.java:127)
	at org.testng.internal.TestMethodWorker.run(TestMethodWorker.java:111)
	at org.testng.TestRunner.privateRun(TestRunner.java:767)
	at org.testng.TestRunner.run(TestRunner.java:617)
	at org.testng.SuiteRunner.runTest(SuiteRunner.java:334)
	at org.testng.SuiteRunner.runSequentially(SuiteRunner.java:329)
	at org.testng.SuiteRunner.privateRun(SuiteRunner.java:291)
	at org.testng.SuiteRunner.run(SuiteRunner.java:240)
	at org.testng.SuiteRunnerWorker.runSuite(SuiteRunnerWorker.java:52)
	at org.testng.SuiteRunnerWorker.run(SuiteRunnerWorker.java:86)
	at org.testng.TestNG.runSuitesSequentially(TestNG.java:1224)
	at org.testng.TestNG.runSuitesLocally(TestNG.java:1149)
	at org.testng.TestNG.run(TestNG.java:1057)
	at org.apache.maven.surefire.testng.TestNGExecutor.run(TestNGExecutor.java:77)
	at org.apache.maven.surefire.testng.TestNGDirectoryTestSuite.executeMulti(TestNGDirectoryTestSuite.java:159)
	at org.apache.maven.surefire.testng.TestNGDirectoryTestSuite.execute(TestNGDirectoryTestSuite.java:99)
	at org.apache.maven.surefire.testng.TestNGProvider.invoke(TestNGProvider.java:106)
	at sun.reflect.NativeMethodAccessorImpl.invoke0(Native Method)
	at sun.reflect.NativeMethodAccessorImpl.invoke(NativeMethodAccessorImpl.java:57)
	at sun.reflect.DelegatingMethodAccessorImpl.invoke(DelegatingMethodAccessorImpl.java:43)
	at java.lang.reflect.Method.invoke(Method.java:601)
	at org.apache.maven.surefire.util.ReflectionUtils.invokeMethodWithArray(ReflectionUtils.java:189)
	at org.apache.maven.surefire.booter.ProviderFactory$ProviderProxy.invoke(ProviderFactory.java:165)
	at org.apache.maven.surefire.booter.ProviderFactory.invokeProvider(ProviderFactory.java:85)
	at org.apache.maven.surefire.booter.ForkedBooter.runSuitesInProcess(ForkedBooter.java:115)
	at org.apache.maven.surefire.booter.ForkedBooter.main(ForkedBooter.java:75)
</pre></div></td>
<td>0</td>
<td>storm.starter.bolt.TotalRankingsBoltTest@7194b34a</td></tr>
<tr>
<td title='storm.starter.bolt.TotalRankingsBoltTest.negativeOrZeroEmitFrequencyShouldThrowIAE()'><b>negativeOrZeroEmitFrequencyShouldThrowIAE</b><br>Test class: storm.starter.bolt.TotalRankingsBoltTest<br>Parameters: -3</td>
<td><div><pre>java.lang.IllegalArgumentException: The emit frequency must be &gt;= 1 seconds (you requested -3 seconds)
	at storm.starter.bolt.AbstractRankerBolt.&lt;init&gt;(AbstractRankerBolt.java:47)
	at storm.starter.bolt.TotalRankingsBolt.&lt;init&gt;(TotalRankingsBolt.java:27)
	at storm.starter.bolt.TotalRankingsBoltTest.negativeOrZeroEmitFrequencyShouldThrowIAE(TotalRankingsBoltTest.java:52)
... Removed 34 stack frames</pre></div><a href='#' onClick='toggleBox("stack-trace1893177739", this, "Click to show all stack frames", "Click to hide stack frames")'>Click to show all stack frames</a>
<div class='stack-trace' id='stack-trace1893177739'><pre>java.lang.IllegalArgumentException: The emit frequency must be &gt;= 1 seconds (you requested -3 seconds)
	at storm.starter.bolt.AbstractRankerBolt.&lt;init&gt;(AbstractRankerBolt.java:47)
	at storm.starter.bolt.TotalRankingsBolt.&lt;init&gt;(TotalRankingsBolt.java:27)
	at storm.starter.bolt.TotalRankingsBoltTest.negativeOrZeroEmitFrequencyShouldThrowIAE(TotalRankingsBoltTest.java:52)
	at sun.reflect.NativeMethodAccessorImpl.invoke0(Native Method)
	at sun.reflect.NativeMethodAccessorImpl.invoke(NativeMethodAccessorImpl.java:57)
	at sun.reflect.DelegatingMethodAccessorImpl.invoke(DelegatingMethodAccessorImpl.java:43)
	at java.lang.reflect.Method.invoke(Method.java:601)
	at org.testng.internal.MethodInvocationHelper.invokeMethod(MethodInvocationHelper.java:84)
	at org.testng.internal.Invoker.invokeMethod(Invoker.java:714)
	at org.testng.internal.Invoker.invokeTestMethod(Invoker.java:901)
	at org.testng.internal.Invoker.invokeTestMethods(Invoker.java:1231)
	at org.testng.internal.TestMethodWorker.invokeTestMethods(TestMethodWorker.java:127)
	at org.testng.internal.TestMethodWorker.run(TestMethodWorker.java:111)
	at org.testng.TestRunner.privateRun(TestRunner.java:767)
	at org.testng.TestRunner.run(TestRunner.java:617)
	at org.testng.SuiteRunner.runTest(SuiteRunner.java:334)
	at org.testng.SuiteRunner.runSequentially(SuiteRunner.java:329)
	at org.testng.SuiteRunner.privateRun(SuiteRunner.java:291)
	at org.testng.SuiteRunner.run(SuiteRunner.java:240)
	at org.testng.SuiteRunnerWorker.runSuite(SuiteRunnerWorker.java:52)
	at org.testng.SuiteRunnerWorker.run(SuiteRunnerWorker.java:86)
	at org.testng.TestNG.runSuitesSequentially(TestNG.java:1224)
	at org.testng.TestNG.runSuitesLocally(TestNG.java:1149)
	at org.testng.TestNG.run(TestNG.java:1057)
	at org.apache.maven.surefire.testng.TestNGExecutor.run(TestNGExecutor.java:77)
	at org.apache.maven.surefire.testng.TestNGDirectoryTestSuite.executeMulti(TestNGDirectoryTestSuite.java:159)
	at org.apache.maven.surefire.testng.TestNGDirectoryTestSuite.execute(TestNGDirectoryTestSuite.java:99)
	at org.apache.maven.surefire.testng.TestNGProvider.invoke(TestNGProvider.java:106)
	at sun.reflect.NativeMethodAccessorImpl.invoke0(Native Method)
	at sun.reflect.NativeMethodAccessorImpl.invoke(NativeMethodAccessorImpl.java:57)
	at sun.reflect.DelegatingMethodAccessorImpl.invoke(DelegatingMethodAccessorImpl.java:43)
	at java.lang.reflect.Method.invoke(Method.java:601)
	at org.apache.maven.surefire.util.ReflectionUtils.invokeMethodWithArray(ReflectionUtils.java:189)
	at org.apache.maven.surefire.booter.ProviderFactory$ProviderProxy.invoke(ProviderFactory.java:165)
	at org.apache.maven.surefire.booter.ProviderFactory.invokeProvider(ProviderFactory.java:85)
	at org.apache.maven.surefire.booter.ForkedBooter.runSuitesInProcess(ForkedBooter.java:115)
	at org.apache.maven.surefire.booter.ForkedBooter.main(ForkedBooter.java:75)
</pre></div></td>
<td>0</td>
<td>storm.starter.bolt.TotalRankingsBoltTest@7194b34a</td></tr>
<tr>
<td title='storm.starter.bolt.TotalRankingsBoltTest.negativeOrZeroEmitFrequencyShouldThrowIAE()'><b>negativeOrZeroEmitFrequencyShouldThrowIAE</b><br>Test class: storm.starter.bolt.TotalRankingsBoltTest<br>Parameters: -2</td>
<td><div><pre>java.lang.IllegalArgumentException: The emit frequency must be &gt;= 1 seconds (you requested -2 seconds)
	at storm.starter.bolt.AbstractRankerBolt.&lt;init&gt;(AbstractRankerBolt.java:47)
	at storm.starter.bolt.TotalRankingsBolt.&lt;init&gt;(TotalRankingsBolt.java:27)
	at storm.starter.bolt.TotalRankingsBoltTest.negativeOrZeroEmitFrequencyShouldThrowIAE(TotalRankingsBoltTest.java:52)
... Removed 34 stack frames</pre></div><a href='#' onClick='toggleBox("stack-trace1520545421", this, "Click to show all stack frames", "Click to hide stack frames")'>Click to show all stack frames</a>
<div class='stack-trace' id='stack-trace1520545421'><pre>java.lang.IllegalArgumentException: The emit frequency must be &gt;= 1 seconds (you requested -2 seconds)
	at storm.starter.bolt.AbstractRankerBolt.&lt;init&gt;(AbstractRankerBolt.java:47)
	at storm.starter.bolt.TotalRankingsBolt.&lt;init&gt;(TotalRankingsBolt.java:27)
	at storm.starter.bolt.TotalRankingsBoltTest.negativeOrZeroEmitFrequencyShouldThrowIAE(TotalRankingsBoltTest.java:52)
	at sun.reflect.NativeMethodAccessorImpl.invoke0(Native Method)
	at sun.reflect.NativeMethodAccessorImpl.invoke(NativeMethodAccessorImpl.java:57)
	at sun.reflect.DelegatingMethodAccessorImpl.invoke(DelegatingMethodAccessorImpl.java:43)
	at java.lang.reflect.Method.invoke(Method.java:601)
	at org.testng.internal.MethodInvocationHelper.invokeMethod(MethodInvocationHelper.java:84)
	at org.testng.internal.Invoker.invokeMethod(Invoker.java:714)
	at org.testng.internal.Invoker.invokeTestMethod(Invoker.java:901)
	at org.testng.internal.Invoker.invokeTestMethods(Invoker.java:1231)
	at org.testng.internal.TestMethodWorker.invokeTestMethods(TestMethodWorker.java:127)
	at org.testng.internal.TestMethodWorker.run(TestMethodWorker.java:111)
	at org.testng.TestRunner.privateRun(TestRunner.java:767)
	at org.testng.TestRunner.run(TestRunner.java:617)
	at org.testng.SuiteRunner.runTest(SuiteRunner.java:334)
	at org.testng.SuiteRunner.runSequentially(SuiteRunner.java:329)
	at org.testng.SuiteRunner.privateRun(SuiteRunner.java:291)
	at org.testng.SuiteRunner.run(SuiteRunner.java:240)
	at org.testng.SuiteRunnerWorker.runSuite(SuiteRunnerWorker.java:52)
	at org.testng.SuiteRunnerWorker.run(SuiteRunnerWorker.java:86)
	at org.testng.TestNG.runSuitesSequentially(TestNG.java:1224)
	at org.testng.TestNG.runSuitesLocally(TestNG.java:1149)
	at org.testng.TestNG.run(TestNG.java:1057)
	at org.apache.maven.surefire.testng.TestNGExecutor.run(TestNGExecutor.java:77)
	at org.apache.maven.surefire.testng.TestNGDirectoryTestSuite.executeMulti(TestNGDirectoryTestSuite.java:159)
	at org.apache.maven.surefire.testng.TestNGDirectoryTestSuite.execute(TestNGDirectoryTestSuite.java:99)
	at org.apache.maven.surefire.testng.TestNGProvider.invoke(TestNGProvider.java:106)
	at sun.reflect.NativeMethodAccessorImpl.invoke0(Native Method)
	at sun.reflect.NativeMethodAccessorImpl.invoke(NativeMethodAccessorImpl.java:57)
	at sun.reflect.DelegatingMethodAccessorImpl.invoke(DelegatingMethodAccessorImpl.java:43)
	at java.lang.reflect.Method.invoke(Method.java:601)
	at org.apache.maven.surefire.util.ReflectionUtils.invokeMethodWithArray(ReflectionUtils.java:189)
	at org.apache.maven.surefire.booter.ProviderFactory$ProviderProxy.invoke(ProviderFactory.java:165)
	at org.apache.maven.surefire.booter.ProviderFactory.invokeProvider(ProviderFactory.java:85)
	at org.apache.maven.surefire.booter.ForkedBooter.runSuitesInProcess(ForkedBooter.java:115)
	at org.apache.maven.surefire.booter.ForkedBooter.main(ForkedBooter.java:75)
</pre></div></td>
<td>0</td>
<td>storm.starter.bolt.TotalRankingsBoltTest@7194b34a</td></tr>
<tr>
<td title='storm.starter.bolt.TotalRankingsBoltTest.negativeOrZeroEmitFrequencyShouldThrowIAE()'><b>negativeOrZeroEmitFrequencyShouldThrowIAE</b><br>Test class: storm.starter.bolt.TotalRankingsBoltTest<br>Parameters: -1</td>
<td><div><pre>java.lang.IllegalArgumentException: The emit frequency must be &gt;= 1 seconds (you requested -1 seconds)
	at storm.starter.bolt.AbstractRankerBolt.&lt;init&gt;(AbstractRankerBolt.java:47)
	at storm.starter.bolt.TotalRankingsBolt.&lt;init&gt;(TotalRankingsBolt.java:27)
	at storm.starter.bolt.TotalRankingsBoltTest.negativeOrZeroEmitFrequencyShouldThrowIAE(TotalRankingsBoltTest.java:52)
... Removed 34 stack frames</pre></div><a href='#' onClick='toggleBox("stack-trace751491447", this, "Click to show all stack frames", "Click to hide stack frames")'>Click to show all stack frames</a>
<div class='stack-trace' id='stack-trace751491447'><pre>java.lang.IllegalArgumentException: The emit frequency must be &gt;= 1 seconds (you requested -1 seconds)
	at storm.starter.bolt.AbstractRankerBolt.&lt;init&gt;(AbstractRankerBolt.java:47)
	at storm.starter.bolt.TotalRankingsBolt.&lt;init&gt;(TotalRankingsBolt.java:27)
	at storm.starter.bolt.TotalRankingsBoltTest.negativeOrZeroEmitFrequencyShouldThrowIAE(TotalRankingsBoltTest.java:52)
	at sun.reflect.NativeMethodAccessorImpl.invoke0(Native Method)
	at sun.reflect.NativeMethodAccessorImpl.invoke(NativeMethodAccessorImpl.java:57)
	at sun.reflect.DelegatingMethodAccessorImpl.invoke(DelegatingMethodAccessorImpl.java:43)
	at java.lang.reflect.Method.invoke(Method.java:601)
	at org.testng.internal.MethodInvocationHelper.invokeMethod(MethodInvocationHelper.java:84)
	at org.testng.internal.Invoker.invokeMethod(Invoker.java:714)
	at org.testng.internal.Invoker.invokeTestMethod(Invoker.java:901)
	at org.testng.internal.Invoker.invokeTestMethods(Invoker.java:1231)
	at org.testng.internal.TestMethodWorker.invokeTestMethods(TestMethodWorker.java:127)
	at org.testng.internal.TestMethodWorker.run(TestMethodWorker.java:111)
	at org.testng.TestRunner.privateRun(TestRunner.java:767)
	at org.testng.TestRunner.run(TestRunner.java:617)
	at org.testng.SuiteRunner.runTest(SuiteRunner.java:334)
	at org.testng.SuiteRunner.runSequentially(SuiteRunner.java:329)
	at org.testng.SuiteRunner.privateRun(SuiteRunner.java:291)
	at org.testng.SuiteRunner.run(SuiteRunner.java:240)
	at org.testng.SuiteRunnerWorker.runSuite(SuiteRunnerWorker.java:52)
	at org.testng.SuiteRunnerWorker.run(SuiteRunnerWorker.java:86)
	at org.testng.TestNG.runSuitesSequentially(TestNG.java:1224)
	at org.testng.TestNG.runSuitesLocally(TestNG.java:1149)
	at org.testng.TestNG.run(TestNG.java:1057)
	at org.apache.maven.surefire.testng.TestNGExecutor.run(TestNGExecutor.java:77)
	at org.apache.maven.surefire.testng.TestNGDirectoryTestSuite.executeMulti(TestNGDirectoryTestSuite.java:159)
	at org.apache.maven.surefire.testng.TestNGDirectoryTestSuite.execute(TestNGDirectoryTestSuite.java:99)
	at org.apache.maven.surefire.testng.TestNGProvider.invoke(TestNGProvider.java:106)
	at sun.reflect.NativeMethodAccessorImpl.invoke0(Native Method)
	at sun.reflect.NativeMethodAccessorImpl.invoke(NativeMethodAccessorImpl.java:57)
	at sun.reflect.DelegatingMethodAccessorImpl.invoke(DelegatingMethodAccessorImpl.java:43)
	at java.lang.reflect.Method.invoke(Method.java:601)
	at org.apache.maven.surefire.util.ReflectionUtils.invokeMethodWithArray(ReflectionUtils.java:189)
	at org.apache.maven.surefire.booter.ProviderFactory$ProviderProxy.invoke(ProviderFactory.java:165)
	at org.apache.maven.surefire.booter.ProviderFactory.invokeProvider(ProviderFactory.java:85)
	at org.apache.maven.surefire.booter.ForkedBooter.runSuitesInProcess(ForkedBooter.java:115)
	at org.apache.maven.surefire.booter.ForkedBooter.main(ForkedBooter.java:75)
</pre></div></td>
<td>0</td>
<td>storm.starter.bolt.TotalRankingsBoltTest@7194b34a</td></tr>
<tr>
<td title='storm.starter.bolt.TotalRankingsBoltTest.negativeOrZeroEmitFrequencyShouldThrowIAE()'><b>negativeOrZeroEmitFrequencyShouldThrowIAE</b><br>Test class: storm.starter.bolt.TotalRankingsBoltTest<br>Parameters: 0</td>
<td><div><pre>java.lang.IllegalArgumentException: The emit frequency must be &gt;= 1 seconds (you requested 0 seconds)
	at storm.starter.bolt.AbstractRankerBolt.&lt;init&gt;(AbstractRankerBolt.java:47)
	at storm.starter.bolt.TotalRankingsBolt.&lt;init&gt;(TotalRankingsBolt.java:27)
	at storm.starter.bolt.TotalRankingsBoltTest.negativeOrZeroEmitFrequencyShouldThrowIAE(TotalRankingsBoltTest.java:52)
... Removed 34 stack frames</pre></div><a href='#' onClick='toggleBox("stack-trace965421722", this, "Click to show all stack frames", "Click to hide stack frames")'>Click to show all stack frames</a>
<div class='stack-trace' id='stack-trace965421722'><pre>java.lang.IllegalArgumentException: The emit frequency must be &gt;= 1 seconds (you requested 0 seconds)
	at storm.starter.bolt.AbstractRankerBolt.&lt;init&gt;(AbstractRankerBolt.java:47)
	at storm.starter.bolt.TotalRankingsBolt.&lt;init&gt;(TotalRankingsBolt.java:27)
	at storm.starter.bolt.TotalRankingsBoltTest.negativeOrZeroEmitFrequencyShouldThrowIAE(TotalRankingsBoltTest.java:52)
	at sun.reflect.NativeMethodAccessorImpl.invoke0(Native Method)
	at sun.reflect.NativeMethodAccessorImpl.invoke(NativeMethodAccessorImpl.java:57)
	at sun.reflect.DelegatingMethodAccessorImpl.invoke(DelegatingMethodAccessorImpl.java:43)
	at java.lang.reflect.Method.invoke(Method.java:601)
	at org.testng.internal.MethodInvocationHelper.invokeMethod(MethodInvocationHelper.java:84)
	at org.testng.internal.Invoker.invokeMethod(Invoker.java:714)
	at org.testng.internal.Invoker.invokeTestMethod(Invoker.java:901)
	at org.testng.internal.Invoker.invokeTestMethods(Invoker.java:1231)
	at org.testng.internal.TestMethodWorker.invokeTestMethods(TestMethodWorker.java:127)
	at org.testng.internal.TestMethodWorker.run(TestMethodWorker.java:111)
	at org.testng.TestRunner.privateRun(TestRunner.java:767)
	at org.testng.TestRunner.run(TestRunner.java:617)
	at org.testng.SuiteRunner.runTest(SuiteRunner.java:334)
	at org.testng.SuiteRunner.runSequentially(SuiteRunner.java:329)
	at org.testng.SuiteRunner.privateRun(SuiteRunner.java:291)
	at org.testng.SuiteRunner.run(SuiteRunner.java:240)
	at org.testng.SuiteRunnerWorker.runSuite(SuiteRunnerWorker.java:52)
	at org.testng.SuiteRunnerWorker.run(SuiteRunnerWorker.java:86)
	at org.testng.TestNG.runSuitesSequentially(TestNG.java:1224)
	at org.testng.TestNG.runSuitesLocally(TestNG.java:1149)
	at org.testng.TestNG.run(TestNG.java:1057)
	at org.apache.maven.surefire.testng.TestNGExecutor.run(TestNGExecutor.java:77)
	at org.apache.maven.surefire.testng.TestNGDirectoryTestSuite.executeMulti(TestNGDirectoryTestSuite.java:159)
	at org.apache.maven.surefire.testng.TestNGDirectoryTestSuite.execute(TestNGDirectoryTestSuite.java:99)
	at org.apache.maven.surefire.testng.TestNGProvider.invoke(TestNGProvider.java:106)
	at sun.reflect.NativeMethodAccessorImpl.invoke0(Native Method)
	at sun.reflect.NativeMethodAccessorImpl.invoke(NativeMethodAccessorImpl.java:57)
	at sun.reflect.DelegatingMethodAccessorImpl.invoke(DelegatingMethodAccessorImpl.java:43)
	at java.lang.reflect.Method.invoke(Method.java:601)
	at org.apache.maven.surefire.util.ReflectionUtils.invokeMethodWithArray(ReflectionUtils.java:189)
	at org.apache.maven.surefire.booter.ProviderFactory$ProviderProxy.invoke(ProviderFactory.java:165)
	at org.apache.maven.surefire.booter.ProviderFactory.invokeProvider(ProviderFactory.java:85)
	at org.apache.maven.surefire.booter.ForkedBooter.runSuitesInProcess(ForkedBooter.java:115)
	at org.apache.maven.surefire.booter.ForkedBooter.main(ForkedBooter.java:75)
</pre></div></td>
<td>0</td>
<td>storm.starter.bolt.TotalRankingsBoltTest@7194b34a</td></tr>
<tr>
<td title='storm.starter.tools.SlotBasedCounterTest.negativeOrZeroNumSlotsShouldThrowIAE()'><b>negativeOrZeroNumSlotsShouldThrowIAE</b><br>Test class: storm.starter.tools.SlotBasedCounterTest<br>Parameters: -10</td>
<td><div><pre>java.lang.IllegalArgumentException: Number of slots must be greater than zero (you requested -10)
	at storm.starter.tools.SlotBasedCounter.&lt;init&gt;(SlotBasedCounter.java:25)
	at storm.starter.tools.SlotBasedCounterTest.negativeOrZeroNumSlotsShouldThrowIAE(SlotBasedCounterTest.java:23)
... Removed 34 stack frames</pre></div><a href='#' onClick='toggleBox("stack-trace416655198", this, "Click to show all stack frames", "Click to hide stack frames")'>Click to show all stack frames</a>
<div class='stack-trace' id='stack-trace416655198'><pre>java.lang.IllegalArgumentException: Number of slots must be greater than zero (you requested -10)
	at storm.starter.tools.SlotBasedCounter.&lt;init&gt;(SlotBasedCounter.java:25)
	at storm.starter.tools.SlotBasedCounterTest.negativeOrZeroNumSlotsShouldThrowIAE(SlotBasedCounterTest.java:23)
	at sun.reflect.NativeMethodAccessorImpl.invoke0(Native Method)
	at sun.reflect.NativeMethodAccessorImpl.invoke(NativeMethodAccessorImpl.java:57)
	at sun.reflect.DelegatingMethodAccessorImpl.invoke(DelegatingMethodAccessorImpl.java:43)
	at java.lang.reflect.Method.invoke(Method.java:601)
	at org.testng.internal.MethodInvocationHelper.invokeMethod(MethodInvocationHelper.java:84)
	at org.testng.internal.Invoker.invokeMethod(Invoker.java:714)
	at org.testng.internal.Invoker.invokeTestMethod(Invoker.java:901)
	at org.testng.internal.Invoker.invokeTestMethods(Invoker.java:1231)
	at org.testng.internal.TestMethodWorker.invokeTestMethods(TestMethodWorker.java:127)
	at org.testng.internal.TestMethodWorker.run(TestMethodWorker.java:111)
	at org.testng.TestRunner.privateRun(TestRunner.java:767)
	at org.testng.TestRunner.run(TestRunner.java:617)
	at org.testng.SuiteRunner.runTest(SuiteRunner.java:334)
	at org.testng.SuiteRunner.runSequentially(SuiteRunner.java:329)
	at org.testng.SuiteRunner.privateRun(SuiteRunner.java:291)
	at org.testng.SuiteRunner.run(SuiteRunner.java:240)
	at org.testng.SuiteRunnerWorker.runSuite(SuiteRunnerWorker.java:52)
	at org.testng.SuiteRunnerWorker.run(SuiteRunnerWorker.java:86)
	at org.testng.TestNG.runSuitesSequentially(TestNG.java:1224)
	at org.testng.TestNG.runSuitesLocally(TestNG.java:1149)
	at org.testng.TestNG.run(TestNG.java:1057)
	at org.apache.maven.surefire.testng.TestNGExecutor.run(TestNGExecutor.java:77)
	at org.apache.maven.surefire.testng.TestNGDirectoryTestSuite.executeMulti(TestNGDirectoryTestSuite.java:159)
	at org.apache.maven.surefire.testng.TestNGDirectoryTestSuite.execute(TestNGDirectoryTestSuite.java:99)
	at org.apache.maven.surefire.testng.TestNGProvider.invoke(TestNGProvider.java:106)
	at sun.reflect.NativeMethodAccessorImpl.invoke0(Native Method)
	at sun.reflect.NativeMethodAccessorImpl.invoke(NativeMethodAccessorImpl.java:57)
	at sun.reflect.DelegatingMethodAccessorImpl.invoke(DelegatingMethodAccessorImpl.java:43)
	at java.lang.reflect.Method.invoke(Method.java:601)
	at org.apache.maven.surefire.util.ReflectionUtils.invokeMethodWithArray(ReflectionUtils.java:189)
	at org.apache.maven.surefire.booter.ProviderFactory$ProviderProxy.invoke(ProviderFactory.java:165)
	at org.apache.maven.surefire.booter.ProviderFactory.invokeProvider(ProviderFactory.java:85)
	at org.apache.maven.surefire.booter.ForkedBooter.runSuitesInProcess(ForkedBooter.java:115)
	at org.apache.maven.surefire.booter.ForkedBooter.main(ForkedBooter.java:75)
</pre></div></td>
<td>0</td>
<td>storm.starter.tools.SlotBasedCounterTest@6ee7e2ec</td></tr>
<tr>
<td title='storm.starter.tools.SlotBasedCounterTest.negativeOrZeroNumSlotsShouldThrowIAE()'><b>negativeOrZeroNumSlotsShouldThrowIAE</b><br>Test class: storm.starter.tools.SlotBasedCounterTest<br>Parameters: -3</td>
<td><div><pre>java.lang.IllegalArgumentException: Number of slots must be greater than zero (you requested -3)
	at storm.starter.tools.SlotBasedCounter.&lt;init&gt;(SlotBasedCounter.java:25)
	at storm.starter.tools.SlotBasedCounterTest.negativeOrZeroNumSlotsShouldThrowIAE(SlotBasedCounterTest.java:23)
... Removed 34 stack frames</pre></div><a href='#' onClick='toggleBox("stack-trace1927223566", this, "Click to show all stack frames", "Click to hide stack frames")'>Click to show all stack frames</a>
<div class='stack-trace' id='stack-trace1927223566'><pre>java.lang.IllegalArgumentException: Number of slots must be greater than zero (you requested -3)
	at storm.starter.tools.SlotBasedCounter.&lt;init&gt;(SlotBasedCounter.java:25)
	at storm.starter.tools.SlotBasedCounterTest.negativeOrZeroNumSlotsShouldThrowIAE(SlotBasedCounterTest.java:23)
	at sun.reflect.NativeMethodAccessorImpl.invoke0(Native Method)
	at sun.reflect.NativeMethodAccessorImpl.invoke(NativeMethodAccessorImpl.java:57)
	at sun.reflect.DelegatingMethodAccessorImpl.invoke(DelegatingMethodAccessorImpl.java:43)
	at java.lang.reflect.Method.invoke(Method.java:601)
	at org.testng.internal.MethodInvocationHelper.invokeMethod(MethodInvocationHelper.java:84)
	at org.testng.internal.Invoker.invokeMethod(Invoker.java:714)
	at org.testng.internal.Invoker.invokeTestMethod(Invoker.java:901)
	at org.testng.internal.Invoker.invokeTestMethods(Invoker.java:1231)
	at org.testng.internal.TestMethodWorker.invokeTestMethods(TestMethodWorker.java:127)
	at org.testng.internal.TestMethodWorker.run(TestMethodWorker.java:111)
	at org.testng.TestRunner.privateRun(TestRunner.java:767)
	at org.testng.TestRunner.run(TestRunner.java:617)
	at org.testng.SuiteRunner.runTest(SuiteRunner.java:334)
	at org.testng.SuiteRunner.runSequentially(SuiteRunner.java:329)
	at org.testng.SuiteRunner.privateRun(SuiteRunner.java:291)
	at org.testng.SuiteRunner.run(SuiteRunner.java:240)
	at org.testng.SuiteRunnerWorker.runSuite(SuiteRunnerWorker.java:52)
	at org.testng.SuiteRunnerWorker.run(SuiteRunnerWorker.java:86)
	at org.testng.TestNG.runSuitesSequentially(TestNG.java:1224)
	at org.testng.TestNG.runSuitesLocally(TestNG.java:1149)
	at org.testng.TestNG.run(TestNG.java:1057)
	at org.apache.maven.surefire.testng.TestNGExecutor.run(TestNGExecutor.java:77)
	at org.apache.maven.surefire.testng.TestNGDirectoryTestSuite.executeMulti(TestNGDirectoryTestSuite.java:159)
	at org.apache.maven.surefire.testng.TestNGDirectoryTestSuite.execute(TestNGDirectoryTestSuite.java:99)
	at org.apache.maven.surefire.testng.TestNGProvider.invoke(TestNGProvider.java:106)
	at sun.reflect.NativeMethodAccessorImpl.invoke0(Native Method)
	at sun.reflect.NativeMethodAccessorImpl.invoke(NativeMethodAccessorImpl.java:57)
	at sun.reflect.DelegatingMethodAccessorImpl.invoke(DelegatingMethodAccessorImpl.java:43)
	at java.lang.reflect.Method.invoke(Method.java:601)
	at org.apache.maven.surefire.util.ReflectionUtils.invokeMethodWithArray(ReflectionUtils.java:189)
	at org.apache.maven.surefire.booter.ProviderFactory$ProviderProxy.invoke(ProviderFactory.java:165)
	at org.apache.maven.surefire.booter.ProviderFactory.invokeProvider(ProviderFactory.java:85)
	at org.apache.maven.surefire.booter.ForkedBooter.runSuitesInProcess(ForkedBooter.java:115)
	at org.apache.maven.surefire.booter.ForkedBooter.main(ForkedBooter.java:75)
</pre></div></td>
<td>0</td>
<td>storm.starter.tools.SlotBasedCounterTest@6ee7e2ec</td></tr>
<tr>
<td title='storm.starter.tools.SlotBasedCounterTest.negativeOrZeroNumSlotsShouldThrowIAE()'><b>negativeOrZeroNumSlotsShouldThrowIAE</b><br>Test class: storm.starter.tools.SlotBasedCounterTest<br>Parameters: -2</td>
<td><div><pre>java.lang.IllegalArgumentException: Number of slots must be greater than zero (you requested -2)
	at storm.starter.tools.SlotBasedCounter.&lt;init&gt;(SlotBasedCounter.java:25)
	at storm.starter.tools.SlotBasedCounterTest.negativeOrZeroNumSlotsShouldThrowIAE(SlotBasedCounterTest.java:23)
... Removed 34 stack frames</pre></div><a href='#' onClick='toggleBox("stack-trace350626061", this, "Click to show all stack frames", "Click to hide stack frames")'>Click to show all stack frames</a>
<div class='stack-trace' id='stack-trace350626061'><pre>java.lang.IllegalArgumentException: Number of slots must be greater than zero (you requested -2)
	at storm.starter.tools.SlotBasedCounter.&lt;init&gt;(SlotBasedCounter.java:25)
	at storm.starter.tools.SlotBasedCounterTest.negativeOrZeroNumSlotsShouldThrowIAE(SlotBasedCounterTest.java:23)
	at sun.reflect.NativeMethodAccessorImpl.invoke0(Native Method)
	at sun.reflect.NativeMethodAccessorImpl.invoke(NativeMethodAccessorImpl.java:57)
	at sun.reflect.DelegatingMethodAccessorImpl.invoke(DelegatingMethodAccessorImpl.java:43)
	at java.lang.reflect.Method.invoke(Method.java:601)
	at org.testng.internal.MethodInvocationHelper.invokeMethod(MethodInvocationHelper.java:84)
	at org.testng.internal.Invoker.invokeMethod(Invoker.java:714)
	at org.testng.internal.Invoker.invokeTestMethod(Invoker.java:901)
	at org.testng.internal.Invoker.invokeTestMethods(Invoker.java:1231)
	at org.testng.internal.TestMethodWorker.invokeTestMethods(TestMethodWorker.java:127)
	at org.testng.internal.TestMethodWorker.run(TestMethodWorker.java:111)
	at org.testng.TestRunner.privateRun(TestRunner.java:767)
	at org.testng.TestRunner.run(TestRunner.java:617)
	at org.testng.SuiteRunner.runTest(SuiteRunner.java:334)
	at org.testng.SuiteRunner.runSequentially(SuiteRunner.java:329)
	at org.testng.SuiteRunner.privateRun(SuiteRunner.java:291)
	at org.testng.SuiteRunner.run(SuiteRunner.java:240)
	at org.testng.SuiteRunnerWorker.runSuite(SuiteRunnerWorker.java:52)
	at org.testng.SuiteRunnerWorker.run(SuiteRunnerWorker.java:86)
	at org.testng.TestNG.runSuitesSequentially(TestNG.java:1224)
	at org.testng.TestNG.runSuitesLocally(TestNG.java:1149)
	at org.testng.TestNG.run(TestNG.java:1057)
	at org.apache.maven.surefire.testng.TestNGExecutor.run(TestNGExecutor.java:77)
	at org.apache.maven.surefire.testng.TestNGDirectoryTestSuite.executeMulti(TestNGDirectoryTestSuite.java:159)
	at org.apache.maven.surefire.testng.TestNGDirectoryTestSuite.execute(TestNGDirectoryTestSuite.java:99)
	at org.apache.maven.surefire.testng.TestNGProvider.invoke(TestNGProvider.java:106)
	at sun.reflect.NativeMethodAccessorImpl.invoke0(Native Method)
	at sun.reflect.NativeMethodAccessorImpl.invoke(NativeMethodAccessorImpl.java:57)
	at sun.reflect.DelegatingMethodAccessorImpl.invoke(DelegatingMethodAccessorImpl.java:43)
	at java.lang.reflect.Method.invoke(Method.java:601)
	at org.apache.maven.surefire.util.ReflectionUtils.invokeMethodWithArray(ReflectionUtils.java:189)
	at org.apache.maven.surefire.booter.ProviderFactory$ProviderProxy.invoke(ProviderFactory.java:165)
	at org.apache.maven.surefire.booter.ProviderFactory.invokeProvider(ProviderFactory.java:85)
	at org.apache.maven.surefire.booter.ForkedBooter.runSuitesInProcess(ForkedBooter.java:115)
	at org.apache.maven.surefire.booter.ForkedBooter.main(ForkedBooter.java:75)
</pre></div></td>
<td>0</td>
<td>storm.starter.tools.SlotBasedCounterTest@6ee7e2ec</td></tr>
<tr>
<td title='storm.starter.tools.SlotBasedCounterTest.negativeOrZeroNumSlotsShouldThrowIAE()'><b>negativeOrZeroNumSlotsShouldThrowIAE</b><br>Test class: storm.starter.tools.SlotBasedCounterTest<br>Parameters: -1</td>
<td><div><pre>java.lang.IllegalArgumentException: Number of slots must be greater than zero (you requested -1)
	at storm.starter.tools.SlotBasedCounter.&lt;init&gt;(SlotBasedCounter.java:25)
	at storm.starter.tools.SlotBasedCounterTest.negativeOrZeroNumSlotsShouldThrowIAE(SlotBasedCounterTest.java:23)
... Removed 34 stack frames</pre></div><a href='#' onClick='toggleBox("stack-trace277079859", this, "Click to show all stack frames", "Click to hide stack frames")'>Click to show all stack frames</a>
<div class='stack-trace' id='stack-trace277079859'><pre>java.lang.IllegalArgumentException: Number of slots must be greater than zero (you requested -1)
	at storm.starter.tools.SlotBasedCounter.&lt;init&gt;(SlotBasedCounter.java:25)
	at storm.starter.tools.SlotBasedCounterTest.negativeOrZeroNumSlotsShouldThrowIAE(SlotBasedCounterTest.java:23)
	at sun.reflect.NativeMethodAccessorImpl.invoke0(Native Method)
	at sun.reflect.NativeMethodAccessorImpl.invoke(NativeMethodAccessorImpl.java:57)
	at sun.reflect.DelegatingMethodAccessorImpl.invoke(DelegatingMethodAccessorImpl.java:43)
	at java.lang.reflect.Method.invoke(Method.java:601)
	at org.testng.internal.MethodInvocationHelper.invokeMethod(MethodInvocationHelper.java:84)
	at org.testng.internal.Invoker.invokeMethod(Invoker.java:714)
	at org.testng.internal.Invoker.invokeTestMethod(Invoker.java:901)
	at org.testng.internal.Invoker.invokeTestMethods(Invoker.java:1231)
	at org.testng.internal.TestMethodWorker.invokeTestMethods(TestMethodWorker.java:127)
	at org.testng.internal.TestMethodWorker.run(TestMethodWorker.java:111)
	at org.testng.TestRunner.privateRun(TestRunner.java:767)
	at org.testng.TestRunner.run(TestRunner.java:617)
	at org.testng.SuiteRunner.runTest(SuiteRunner.java:334)
	at org.testng.SuiteRunner.runSequentially(SuiteRunner.java:329)
	at org.testng.SuiteRunner.privateRun(SuiteRunner.java:291)
	at org.testng.SuiteRunner.run(SuiteRunner.java:240)
	at org.testng.SuiteRunnerWorker.runSuite(SuiteRunnerWorker.java:52)
	at org.testng.SuiteRunnerWorker.run(SuiteRunnerWorker.java:86)
	at org.testng.TestNG.runSuitesSequentially(TestNG.java:1224)
	at org.testng.TestNG.runSuitesLocally(TestNG.java:1149)
	at org.testng.TestNG.run(TestNG.java:1057)
	at org.apache.maven.surefire.testng.TestNGExecutor.run(TestNGExecutor.java:77)
	at org.apache.maven.surefire.testng.TestNGDirectoryTestSuite.executeMulti(TestNGDirectoryTestSuite.java:159)
	at org.apache.maven.surefire.testng.TestNGDirectoryTestSuite.execute(TestNGDirectoryTestSuite.java:99)
	at org.apache.maven.surefire.testng.TestNGProvider.invoke(TestNGProvider.java:106)
	at sun.reflect.NativeMethodAccessorImpl.invoke0(Native Method)
	at sun.reflect.NativeMethodAccessorImpl.invoke(NativeMethodAccessorImpl.java:57)
	at sun.reflect.DelegatingMethodAccessorImpl.invoke(DelegatingMethodAccessorImpl.java:43)
	at java.lang.reflect.Method.invoke(Method.java:601)
	at org.apache.maven.surefire.util.ReflectionUtils.invokeMethodWithArray(ReflectionUtils.java:189)
	at org.apache.maven.surefire.booter.ProviderFactory$ProviderProxy.invoke(ProviderFactory.java:165)
	at org.apache.maven.surefire.booter.ProviderFactory.invokeProvider(ProviderFactory.java:85)
	at org.apache.maven.surefire.booter.ForkedBooter.runSuitesInProcess(ForkedBooter.java:115)
	at org.apache.maven.surefire.booter.ForkedBooter.main(ForkedBooter.java:75)
</pre></div></td>
<td>0</td>
<td>storm.starter.tools.SlotBasedCounterTest@6ee7e2ec</td></tr>
<tr>
<td title='storm.starter.tools.SlotBasedCounterTest.negativeOrZeroNumSlotsShouldThrowIAE()'><b>negativeOrZeroNumSlotsShouldThrowIAE</b><br>Test class: storm.starter.tools.SlotBasedCounterTest<br>Parameters: 0</td>
<td><div><pre>java.lang.IllegalArgumentException: Number of slots must be greater than zero (you requested 0)
	at storm.starter.tools.SlotBasedCounter.&lt;init&gt;(SlotBasedCounter.java:25)
	at storm.starter.tools.SlotBasedCounterTest.negativeOrZeroNumSlotsShouldThrowIAE(SlotBasedCounterTest.java:23)
... Removed 34 stack frames</pre></div><a href='#' onClick='toggleBox("stack-trace1136643517", this, "Click to show all stack frames", "Click to hide stack frames")'>Click to show all stack frames</a>
<div class='stack-trace' id='stack-trace1136643517'><pre>java.lang.IllegalArgumentException: Number of slots must be greater than zero (you requested 0)
	at storm.starter.tools.SlotBasedCounter.&lt;init&gt;(SlotBasedCounter.java:25)
	at storm.starter.tools.SlotBasedCounterTest.negativeOrZeroNumSlotsShouldThrowIAE(SlotBasedCounterTest.java:23)
	at sun.reflect.NativeMethodAccessorImpl.invoke0(Native Method)
	at sun.reflect.NativeMethodAccessorImpl.invoke(NativeMethodAccessorImpl.java:57)
	at sun.reflect.DelegatingMethodAccessorImpl.invoke(DelegatingMethodAccessorImpl.java:43)
	at java.lang.reflect.Method.invoke(Method.java:601)
	at org.testng.internal.MethodInvocationHelper.invokeMethod(MethodInvocationHelper.java:84)
	at org.testng.internal.Invoker.invokeMethod(Invoker.java:714)
	at org.testng.internal.Invoker.invokeTestMethod(Invoker.java:901)
	at org.testng.internal.Invoker.invokeTestMethods(Invoker.java:1231)
	at org.testng.internal.TestMethodWorker.invokeTestMethods(TestMethodWorker.java:127)
	at org.testng.internal.TestMethodWorker.run(TestMethodWorker.java:111)
	at org.testng.TestRunner.privateRun(TestRunner.java:767)
	at org.testng.TestRunner.run(TestRunner.java:617)
	at org.testng.SuiteRunner.runTest(SuiteRunner.java:334)
	at org.testng.SuiteRunner.runSequentially(SuiteRunner.java:329)
	at org.testng.SuiteRunner.privateRun(SuiteRunner.java:291)
	at org.testng.SuiteRunner.run(SuiteRunner.java:240)
	at org.testng.SuiteRunnerWorker.runSuite(SuiteRunnerWorker.java:52)
	at org.testng.SuiteRunnerWorker.run(SuiteRunnerWorker.java:86)
	at org.testng.TestNG.runSuitesSequentially(TestNG.java:1224)
	at org.testng.TestNG.runSuitesLocally(TestNG.java:1149)
	at org.testng.TestNG.run(TestNG.java:1057)
	at org.apache.maven.surefire.testng.TestNGExecutor.run(TestNGExecutor.java:77)
	at org.apache.maven.surefire.testng.TestNGDirectoryTestSuite.executeMulti(TestNGDirectoryTestSuite.java:159)
	at org.apache.maven.surefire.testng.TestNGDirectoryTestSuite.execute(TestNGDirectoryTestSuite.java:99)
	at org.apache.maven.surefire.testng.TestNGProvider.invoke(TestNGProvider.java:106)
	at sun.reflect.NativeMethodAccessorImpl.invoke0(Native Method)
	at sun.reflect.NativeMethodAccessorImpl.invoke(NativeMethodAccessorImpl.java:57)
	at sun.reflect.DelegatingMethodAccessorImpl.invoke(DelegatingMethodAccessorImpl.java:43)
	at java.lang.reflect.Method.invoke(Method.java:601)
	at org.apache.maven.surefire.util.ReflectionUtils.invokeMethodWithArray(ReflectionUtils.java:189)
	at org.apache.maven.surefire.booter.ProviderFactory$ProviderProxy.invoke(ProviderFactory.java:165)
	at org.apache.maven.surefire.booter.ProviderFactory.invokeProvider(ProviderFactory.java:85)
	at org.apache.maven.surefire.booter.ForkedBooter.runSuitesInProcess(ForkedBooter.java:115)
	at org.apache.maven.surefire.booter.ForkedBooter.main(ForkedBooter.java:75)
</pre></div></td>
<td>0</td>
<td>storm.starter.tools.SlotBasedCounterTest@6ee7e2ec</td></tr>
<tr>
<td title='storm.starter.tools.NthLastModifiedTimeTrackerTest.negativeOrZeroNumTimesToTrackShouldThrowIAE()'><b>negativeOrZeroNumTimesToTrackShouldThrowIAE</b><br>Test class: storm.starter.tools.NthLastModifiedTimeTrackerTest<br>Parameters: -10</td>
<td><div><pre>java.lang.IllegalArgumentException: numTimesToTrack must be greater than zero (you requested -10)
	at storm.starter.tools.NthLastModifiedTimeTracker.&lt;init&gt;(NthLastModifiedTimeTracker.java:22)
	at storm.starter.tools.NthLastModifiedTimeTrackerTest.negativeOrZeroNumTimesToTrackShouldThrowIAE(NthLastModifiedTimeTrackerTest.java:21)
... Removed 34 stack frames</pre></div><a href='#' onClick='toggleBox("stack-trace418824308", this, "Click to show all stack frames", "Click to hide stack frames")'>Click to show all stack frames</a>
<div class='stack-trace' id='stack-trace418824308'><pre>java.lang.IllegalArgumentException: numTimesToTrack must be greater than zero (you requested -10)
	at storm.starter.tools.NthLastModifiedTimeTracker.&lt;init&gt;(NthLastModifiedTimeTracker.java:22)
	at storm.starter.tools.NthLastModifiedTimeTrackerTest.negativeOrZeroNumTimesToTrackShouldThrowIAE(NthLastModifiedTimeTrackerTest.java:21)
	at sun.reflect.NativeMethodAccessorImpl.invoke0(Native Method)
	at sun.reflect.NativeMethodAccessorImpl.invoke(NativeMethodAccessorImpl.java:57)
	at sun.reflect.DelegatingMethodAccessorImpl.invoke(DelegatingMethodAccessorImpl.java:43)
	at java.lang.reflect.Method.invoke(Method.java:601)
	at org.testng.internal.MethodInvocationHelper.invokeMethod(MethodInvocationHelper.java:84)
	at org.testng.internal.Invoker.invokeMethod(Invoker.java:714)
	at org.testng.internal.Invoker.invokeTestMethod(Invoker.java:901)
	at org.testng.internal.Invoker.invokeTestMethods(Invoker.java:1231)
	at org.testng.internal.TestMethodWorker.invokeTestMethods(TestMethodWorker.java:127)
	at org.testng.internal.TestMethodWorker.run(TestMethodWorker.java:111)
	at org.testng.TestRunner.privateRun(TestRunner.java:767)
	at org.testng.TestRunner.run(TestRunner.java:617)
	at org.testng.SuiteRunner.runTest(SuiteRunner.java:334)
	at org.testng.SuiteRunner.runSequentially(SuiteRunner.java:329)
	at org.testng.SuiteRunner.privateRun(SuiteRunner.java:291)
	at org.testng.SuiteRunner.run(SuiteRunner.java:240)
	at org.testng.SuiteRunnerWorker.runSuite(SuiteRunnerWorker.java:52)
	at org.testng.SuiteRunnerWorker.run(SuiteRunnerWorker.java:86)
	at org.testng.TestNG.runSuitesSequentially(TestNG.java:1224)
	at org.testng.TestNG.runSuitesLocally(TestNG.java:1149)
	at org.testng.TestNG.run(TestNG.java:1057)
	at org.apache.maven.surefire.testng.TestNGExecutor.run(TestNGExecutor.java:77)
	at org.apache.maven.surefire.testng.TestNGDirectoryTestSuite.executeMulti(TestNGDirectoryTestSuite.java:159)
	at org.apache.maven.surefire.testng.TestNGDirectoryTestSuite.execute(TestNGDirectoryTestSuite.java:99)
	at org.apache.maven.surefire.testng.TestNGProvider.invoke(TestNGProvider.java:106)
	at sun.reflect.NativeMethodAccessorImpl.invoke0(Native Method)
	at sun.reflect.NativeMethodAccessorImpl.invoke(NativeMethodAccessorImpl.java:57)
	at sun.reflect.DelegatingMethodAccessorImpl.invoke(DelegatingMethodAccessorImpl.java:43)
	at java.lang.reflect.Method.invoke(Method.java:601)
	at org.apache.maven.surefire.util.ReflectionUtils.invokeMethodWithArray(ReflectionUtils.java:189)
	at org.apache.maven.surefire.booter.ProviderFactory$ProviderProxy.invoke(ProviderFactory.java:165)
	at org.apache.maven.surefire.booter.ProviderFactory.invokeProvider(ProviderFactory.java:85)
	at org.apache.maven.surefire.booter.ForkedBooter.runSuitesInProcess(ForkedBooter.java:115)
	at org.apache.maven.surefire.booter.ForkedBooter.main(ForkedBooter.java:75)
</pre></div></td>
<td>0</td>
<td>storm.starter.tools.NthLastModifiedTimeTrackerTest@39e32cd6</td></tr>
<tr>
<td title='storm.starter.tools.NthLastModifiedTimeTrackerTest.negativeOrZeroNumTimesToTrackShouldThrowIAE()'><b>negativeOrZeroNumTimesToTrackShouldThrowIAE</b><br>Test class: storm.starter.tools.NthLastModifiedTimeTrackerTest<br>Parameters: -3</td>
<td><div><pre>java.lang.IllegalArgumentException: numTimesToTrack must be greater than zero (you requested -3)
	at storm.starter.tools.NthLastModifiedTimeTracker.&lt;init&gt;(NthLastModifiedTimeTracker.java:22)
	at storm.starter.tools.NthLastModifiedTimeTrackerTest.negativeOrZeroNumTimesToTrackShouldThrowIAE(NthLastModifiedTimeTrackerTest.java:21)
... Removed 34 stack frames</pre></div><a href='#' onClick='toggleBox("stack-trace1876233337", this, "Click to show all stack frames", "Click to hide stack frames")'>Click to show all stack frames</a>
<div class='stack-trace' id='stack-trace1876233337'><pre>java.lang.IllegalArgumentException: numTimesToTrack must be greater than zero (you requested -3)
	at storm.starter.tools.NthLastModifiedTimeTracker.&lt;init&gt;(NthLastModifiedTimeTracker.java:22)
	at storm.starter.tools.NthLastModifiedTimeTrackerTest.negativeOrZeroNumTimesToTrackShouldThrowIAE(NthLastModifiedTimeTrackerTest.java:21)
	at sun.reflect.NativeMethodAccessorImpl.invoke0(Native Method)
	at sun.reflect.NativeMethodAccessorImpl.invoke(NativeMethodAccessorImpl.java:57)
	at sun.reflect.DelegatingMethodAccessorImpl.invoke(DelegatingMethodAccessorImpl.java:43)
	at java.lang.reflect.Method.invoke(Method.java:601)
	at org.testng.internal.MethodInvocationHelper.invokeMethod(MethodInvocationHelper.java:84)
	at org.testng.internal.Invoker.invokeMethod(Invoker.java:714)
	at org.testng.internal.Invoker.invokeTestMethod(Invoker.java:901)
	at org.testng.internal.Invoker.invokeTestMethods(Invoker.java:1231)
	at org.testng.internal.TestMethodWorker.invokeTestMethods(TestMethodWorker.java:127)
	at org.testng.internal.TestMethodWorker.run(TestMethodWorker.java:111)
	at org.testng.TestRunner.privateRun(TestRunner.java:767)
	at org.testng.TestRunner.run(TestRunner.java:617)
	at org.testng.SuiteRunner.runTest(SuiteRunner.java:334)
	at org.testng.SuiteRunner.runSequentially(SuiteRunner.java:329)
	at org.testng.SuiteRunner.privateRun(SuiteRunner.java:291)
	at org.testng.SuiteRunner.run(SuiteRunner.java:240)
	at org.testng.SuiteRunnerWorker.runSuite(SuiteRunnerWorker.java:52)
	at org.testng.SuiteRunnerWorker.run(SuiteRunnerWorker.java:86)
	at org.testng.TestNG.runSuitesSequentially(TestNG.java:1224)
	at org.testng.TestNG.runSuitesLocally(TestNG.java:1149)
	at org.testng.TestNG.run(TestNG.java:1057)
	at org.apache.maven.surefire.testng.TestNGExecutor.run(TestNGExecutor.java:77)
	at org.apache.maven.surefire.testng.TestNGDirectoryTestSuite.executeMulti(TestNGDirectoryTestSuite.java:159)
	at org.apache.maven.surefire.testng.TestNGDirectoryTestSuite.execute(TestNGDirectoryTestSuite.java:99)
	at org.apache.maven.surefire.testng.TestNGProvider.invoke(TestNGProvider.java:106)
	at sun.reflect.NativeMethodAccessorImpl.invoke0(Native Method)
	at sun.reflect.NativeMethodAccessorImpl.invoke(NativeMethodAccessorImpl.java:57)
	at sun.reflect.DelegatingMethodAccessorImpl.invoke(DelegatingMethodAccessorImpl.java:43)
	at java.lang.reflect.Method.invoke(Method.java:601)
	at org.apache.maven.surefire.util.ReflectionUtils.invokeMethodWithArray(ReflectionUtils.java:189)
	at org.apache.maven.surefire.booter.ProviderFactory$ProviderProxy.invoke(ProviderFactory.java:165)
	at org.apache.maven.surefire.booter.ProviderFactory.invokeProvider(ProviderFactory.java:85)
	at org.apache.maven.surefire.booter.ForkedBooter.runSuitesInProcess(ForkedBooter.java:115)
	at org.apache.maven.surefire.booter.ForkedBooter.main(ForkedBooter.java:75)
</pre></div></td>
<td>0</td>
<td>storm.starter.tools.NthLastModifiedTimeTrackerTest@39e32cd6</td></tr>
<tr>
<td title='storm.starter.tools.NthLastModifiedTimeTrackerTest.negativeOrZeroNumTimesToTrackShouldThrowIAE()'><b>negativeOrZeroNumTimesToTrackShouldThrowIAE</b><br>Test class: storm.starter.tools.NthLastModifiedTimeTrackerTest<br>Parameters: -2</td>
<td><div><pre>java.lang.IllegalArgumentException: numTimesToTrack must be greater than zero (you requested -2)
	at storm.starter.tools.NthLastModifiedTimeTracker.&lt;init&gt;(NthLastModifiedTimeTracker.java:22)
	at storm.starter.tools.NthLastModifiedTimeTrackerTest.negativeOrZeroNumTimesToTrackShouldThrowIAE(NthLastModifiedTimeTrackerTest.java:21)
... Removed 34 stack frames</pre></div><a href='#' onClick='toggleBox("stack-trace203822411", this, "Click to show all stack frames", "Click to hide stack frames")'>Click to show all stack frames</a>
<div class='stack-trace' id='stack-trace203822411'><pre>java.lang.IllegalArgumentException: numTimesToTrack must be greater than zero (you requested -2)
	at storm.starter.tools.NthLastModifiedTimeTracker.&lt;init&gt;(NthLastModifiedTimeTracker.java:22)
	at storm.starter.tools.NthLastModifiedTimeTrackerTest.negativeOrZeroNumTimesToTrackShouldThrowIAE(NthLastModifiedTimeTrackerTest.java:21)
	at sun.reflect.NativeMethodAccessorImpl.invoke0(Native Method)
	at sun.reflect.NativeMethodAccessorImpl.invoke(NativeMethodAccessorImpl.java:57)
	at sun.reflect.DelegatingMethodAccessorImpl.invoke(DelegatingMethodAccessorImpl.java:43)
	at java.lang.reflect.Method.invoke(Method.java:601)
	at org.testng.internal.MethodInvocationHelper.invokeMethod(MethodInvocationHelper.java:84)
	at org.testng.internal.Invoker.invokeMethod(Invoker.java:714)
	at org.testng.internal.Invoker.invokeTestMethod(Invoker.java:901)
	at org.testng.internal.Invoker.invokeTestMethods(Invoker.java:1231)
	at org.testng.internal.TestMethodWorker.invokeTestMethods(TestMethodWorker.java:127)
	at org.testng.internal.TestMethodWorker.run(TestMethodWorker.java:111)
	at org.testng.TestRunner.privateRun(TestRunner.java:767)
	at org.testng.TestRunner.run(TestRunner.java:617)
	at org.testng.SuiteRunner.runTest(SuiteRunner.java:334)
	at org.testng.SuiteRunner.runSequentially(SuiteRunner.java:329)
	at org.testng.SuiteRunner.privateRun(SuiteRunner.java:291)
	at org.testng.SuiteRunner.run(SuiteRunner.java:240)
	at org.testng.SuiteRunnerWorker.runSuite(SuiteRunnerWorker.java:52)
	at org.testng.SuiteRunnerWorker.run(SuiteRunnerWorker.java:86)
	at org.testng.TestNG.runSuitesSequentially(TestNG.java:1224)
	at org.testng.TestNG.runSuitesLocally(TestNG.java:1149)
	at org.testng.TestNG.run(TestNG.java:1057)
	at org.apache.maven.surefire.testng.TestNGExecutor.run(TestNGExecutor.java:77)
	at org.apache.maven.surefire.testng.TestNGDirectoryTestSuite.executeMulti(TestNGDirectoryTestSuite.java:159)
	at org.apache.maven.surefire.testng.TestNGDirectoryTestSuite.execute(TestNGDirectoryTestSuite.java:99)
	at org.apache.maven.surefire.testng.TestNGProvider.invoke(TestNGProvider.java:106)
	at sun.reflect.NativeMethodAccessorImpl.invoke0(Native Method)
	at sun.reflect.NativeMethodAccessorImpl.invoke(NativeMethodAccessorImpl.java:57)
	at sun.reflect.DelegatingMethodAccessorImpl.invoke(DelegatingMethodAccessorImpl.java:43)
	at java.lang.reflect.Method.invoke(Method.java:601)
	at org.apache.maven.surefire.util.ReflectionUtils.invokeMethodWithArray(ReflectionUtils.java:189)
	at org.apache.maven.surefire.booter.ProviderFactory$ProviderProxy.invoke(ProviderFactory.java:165)
	at org.apache.maven.surefire.booter.ProviderFactory.invokeProvider(ProviderFactory.java:85)
	at org.apache.maven.surefire.booter.ForkedBooter.runSuitesInProcess(ForkedBooter.java:115)
	at org.apache.maven.surefire.booter.ForkedBooter.main(ForkedBooter.java:75)
</pre></div></td>
<td>0</td>
<td>storm.starter.tools.NthLastModifiedTimeTrackerTest@39e32cd6</td></tr>
<tr>
<td title='storm.starter.tools.NthLastModifiedTimeTrackerTest.negativeOrZeroNumTimesToTrackShouldThrowIAE()'><b>negativeOrZeroNumTimesToTrackShouldThrowIAE</b><br>Test class: storm.starter.tools.NthLastModifiedTimeTrackerTest<br>Parameters: -1</td>
<td><div><pre>java.lang.IllegalArgumentException: numTimesToTrack must be greater than zero (you requested -1)
	at storm.starter.tools.NthLastModifiedTimeTracker.&lt;init&gt;(NthLastModifiedTimeTracker.java:22)
	at storm.starter.tools.NthLastModifiedTimeTrackerTest.negativeOrZeroNumTimesToTrackShouldThrowIAE(NthLastModifiedTimeTrackerTest.java:21)
... Removed 34 stack frames</pre></div><a href='#' onClick='toggleBox("stack-trace406844712", this, "Click to show all stack frames", "Click to hide stack frames")'>Click to show all stack frames</a>
<div class='stack-trace' id='stack-trace406844712'><pre>java.lang.IllegalArgumentException: numTimesToTrack must be greater than zero (you requested -1)
	at storm.starter.tools.NthLastModifiedTimeTracker.&lt;init&gt;(NthLastModifiedTimeTracker.java:22)
	at storm.starter.tools.NthLastModifiedTimeTrackerTest.negativeOrZeroNumTimesToTrackShouldThrowIAE(NthLastModifiedTimeTrackerTest.java:21)
	at sun.reflect.NativeMethodAccessorImpl.invoke0(Native Method)
	at sun.reflect.NativeMethodAccessorImpl.invoke(NativeMethodAccessorImpl.java:57)
	at sun.reflect.DelegatingMethodAccessorImpl.invoke(DelegatingMethodAccessorImpl.java:43)
	at java.lang.reflect.Method.invoke(Method.java:601)
	at org.testng.internal.MethodInvocationHelper.invokeMethod(MethodInvocationHelper.java:84)
	at org.testng.internal.Invoker.invokeMethod(Invoker.java:714)
	at org.testng.internal.Invoker.invokeTestMethod(Invoker.java:901)
	at org.testng.internal.Invoker.invokeTestMethods(Invoker.java:1231)
	at org.testng.internal.TestMethodWorker.invokeTestMethods(TestMethodWorker.java:127)
	at org.testng.internal.TestMethodWorker.run(TestMethodWorker.java:111)
	at org.testng.TestRunner.privateRun(TestRunner.java:767)
	at org.testng.TestRunner.run(TestRunner.java:617)
	at org.testng.SuiteRunner.runTest(SuiteRunner.java:334)
	at org.testng.SuiteRunner.runSequentially(SuiteRunner.java:329)
	at org.testng.SuiteRunner.privateRun(SuiteRunner.java:291)
	at org.testng.SuiteRunner.run(SuiteRunner.java:240)
	at org.testng.SuiteRunnerWorker.runSuite(SuiteRunnerWorker.java:52)
	at org.testng.SuiteRunnerWorker.run(SuiteRunnerWorker.java:86)
	at org.testng.TestNG.runSuitesSequentially(TestNG.java:1224)
	at org.testng.TestNG.runSuitesLocally(TestNG.java:1149)
	at org.testng.TestNG.run(TestNG.java:1057)
	at org.apache.maven.surefire.testng.TestNGExecutor.run(TestNGExecutor.java:77)
	at org.apache.maven.surefire.testng.TestNGDirectoryTestSuite.executeMulti(TestNGDirectoryTestSuite.java:159)
	at org.apache.maven.surefire.testng.TestNGDirectoryTestSuite.execute(TestNGDirectoryTestSuite.java:99)
	at org.apache.maven.surefire.testng.TestNGProvider.invoke(TestNGProvider.java:106)
	at sun.reflect.NativeMethodAccessorImpl.invoke0(Native Method)
	at sun.reflect.NativeMethodAccessorImpl.invoke(NativeMethodAccessorImpl.java:57)
	at sun.reflect.DelegatingMethodAccessorImpl.invoke(DelegatingMethodAccessorImpl.java:43)
	at java.lang.reflect.Method.invoke(Method.java:601)
	at org.apache.maven.surefire.util.ReflectionUtils.invokeMethodWithArray(ReflectionUtils.java:189)
	at org.apache.maven.surefire.booter.ProviderFactory$ProviderProxy.invoke(ProviderFactory.java:165)
	at org.apache.maven.surefire.booter.ProviderFactory.invokeProvider(ProviderFactory.java:85)
	at org.apache.maven.surefire.booter.ForkedBooter.runSuitesInProcess(ForkedBooter.java:115)
	at org.apache.maven.surefire.booter.ForkedBooter.main(ForkedBooter.java:75)
</pre></div></td>
<td>0</td>
<td>storm.starter.tools.NthLastModifiedTimeTrackerTest@39e32cd6</td></tr>
<tr>
<td title='storm.starter.tools.NthLastModifiedTimeTrackerTest.negativeOrZeroNumTimesToTrackShouldThrowIAE()'><b>negativeOrZeroNumTimesToTrackShouldThrowIAE</b><br>Test class: storm.starter.tools.NthLastModifiedTimeTrackerTest<br>Parameters: 0</td>
<td><div><pre>java.lang.IllegalArgumentException: numTimesToTrack must be greater than zero (you requested 0)
	at storm.starter.tools.NthLastModifiedTimeTracker.&lt;init&gt;(NthLastModifiedTimeTracker.java:22)
	at storm.starter.tools.NthLastModifiedTimeTrackerTest.negativeOrZeroNumTimesToTrackShouldThrowIAE(NthLastModifiedTimeTrackerTest.java:21)
... Removed 34 stack frames</pre></div><a href='#' onClick='toggleBox("stack-trace251142536", this, "Click to show all stack frames", "Click to hide stack frames")'>Click to show all stack frames</a>
<div class='stack-trace' id='stack-trace251142536'><pre>java.lang.IllegalArgumentException: numTimesToTrack must be greater than zero (you requested 0)
	at storm.starter.tools.NthLastModifiedTimeTracker.&lt;init&gt;(NthLastModifiedTimeTracker.java:22)
	at storm.starter.tools.NthLastModifiedTimeTrackerTest.negativeOrZeroNumTimesToTrackShouldThrowIAE(NthLastModifiedTimeTrackerTest.java:21)
	at sun.reflect.NativeMethodAccessorImpl.invoke0(Native Method)
	at sun.reflect.NativeMethodAccessorImpl.invoke(NativeMethodAccessorImpl.java:57)
	at sun.reflect.DelegatingMethodAccessorImpl.invoke(DelegatingMethodAccessorImpl.java:43)
	at java.lang.reflect.Method.invoke(Method.java:601)
	at org.testng.internal.MethodInvocationHelper.invokeMethod(MethodInvocationHelper.java:84)
	at org.testng.internal.Invoker.invokeMethod(Invoker.java:714)
	at org.testng.internal.Invoker.invokeTestMethod(Invoker.java:901)
	at org.testng.internal.Invoker.invokeTestMethods(Invoker.java:1231)
	at org.testng.internal.TestMethodWorker.invokeTestMethods(TestMethodWorker.java:127)
	at org.testng.internal.TestMethodWorker.run(TestMethodWorker.java:111)
	at org.testng.TestRunner.privateRun(TestRunner.java:767)
	at org.testng.TestRunner.run(TestRunner.java:617)
	at org.testng.SuiteRunner.runTest(SuiteRunner.java:334)
	at org.testng.SuiteRunner.runSequentially(SuiteRunner.java:329)
	at org.testng.SuiteRunner.privateRun(SuiteRunner.java:291)
	at org.testng.SuiteRunner.run(SuiteRunner.java:240)
	at org.testng.SuiteRunnerWorker.runSuite(SuiteRunnerWorker.java:52)
	at org.testng.SuiteRunnerWorker.run(SuiteRunnerWorker.java:86)
	at org.testng.TestNG.runSuitesSequentially(TestNG.java:1224)
	at org.testng.TestNG.runSuitesLocally(TestNG.java:1149)
	at org.testng.TestNG.run(TestNG.java:1057)
	at org.apache.maven.surefire.testng.TestNGExecutor.run(TestNGExecutor.java:77)
	at org.apache.maven.surefire.testng.TestNGDirectoryTestSuite.executeMulti(TestNGDirectoryTestSuite.java:159)
	at org.apache.maven.surefire.testng.TestNGDirectoryTestSuite.execute(TestNGDirectoryTestSuite.java:99)
	at org.apache.maven.surefire.testng.TestNGProvider.invoke(TestNGProvider.java:106)
	at sun.reflect.NativeMethodAccessorImpl.invoke0(Native Method)
	at sun.reflect.NativeMethodAccessorImpl.invoke(NativeMethodAccessorImpl.java:57)
	at sun.reflect.DelegatingMethodAccessorImpl.invoke(DelegatingMethodAccessorImpl.java:43)
	at java.lang.reflect.Method.invoke(Method.java:601)
	at org.apache.maven.surefire.util.ReflectionUtils.invokeMethodWithArray(ReflectionUtils.java:189)
	at org.apache.maven.surefire.booter.ProviderFactory$ProviderProxy.invoke(ProviderFactory.java:165)
	at org.apache.maven.surefire.booter.ProviderFactory.invokeProvider(ProviderFactory.java:85)
	at org.apache.maven.surefire.booter.ForkedBooter.runSuitesInProcess(ForkedBooter.java:115)
	at org.apache.maven.surefire.booter.ForkedBooter.main(ForkedBooter.java:75)
</pre></div></td>
<td>0</td>
<td>storm.starter.tools.NthLastModifiedTimeTrackerTest@39e32cd6</td></tr>
<tr>
<td title='storm.starter.bolt.IntermediateRankingsBoltTest.negativeOrZeroTopNShouldThrowIAE()'><b>negativeOrZeroTopNShouldThrowIAE</b><br>Test class: storm.starter.bolt.IntermediateRankingsBoltTest<br>Parameters: -10</td>
<td><div><pre>java.lang.IllegalArgumentException: topN must be &gt;= 1 (you requested -10)
	at storm.starter.bolt.AbstractRankerBolt.&lt;init&gt;(AbstractRankerBolt.java:44)
	at storm.starter.bolt.AbstractRankerBolt.&lt;init&gt;(AbstractRankerBolt.java:39)
	at storm.starter.bolt.IntermediateRankingsBolt.&lt;init&gt;(IntermediateRankingsBolt.java:24)
	at storm.starter.bolt.IntermediateRankingsBoltTest.negativeOrZeroTopNShouldThrowIAE(IntermediateRankingsBoltTest.java:41)
... Removed 34 stack frames</pre></div><a href='#' onClick='toggleBox("stack-trace589903169", this, "Click to show all stack frames", "Click to hide stack frames")'>Click to show all stack frames</a>
<div class='stack-trace' id='stack-trace589903169'><pre>java.lang.IllegalArgumentException: topN must be &gt;= 1 (you requested -10)
	at storm.starter.bolt.AbstractRankerBolt.&lt;init&gt;(AbstractRankerBolt.java:44)
	at storm.starter.bolt.AbstractRankerBolt.&lt;init&gt;(AbstractRankerBolt.java:39)
	at storm.starter.bolt.IntermediateRankingsBolt.&lt;init&gt;(IntermediateRankingsBolt.java:24)
	at storm.starter.bolt.IntermediateRankingsBoltTest.negativeOrZeroTopNShouldThrowIAE(IntermediateRankingsBoltTest.java:41)
	at sun.reflect.NativeMethodAccessorImpl.invoke0(Native Method)
	at sun.reflect.NativeMethodAccessorImpl.invoke(NativeMethodAccessorImpl.java:57)
	at sun.reflect.DelegatingMethodAccessorImpl.invoke(DelegatingMethodAccessorImpl.java:43)
	at java.lang.reflect.Method.invoke(Method.java:601)
	at org.testng.internal.MethodInvocationHelper.invokeMethod(MethodInvocationHelper.java:84)
	at org.testng.internal.Invoker.invokeMethod(Invoker.java:714)
	at org.testng.internal.Invoker.invokeTestMethod(Invoker.java:901)
	at org.testng.internal.Invoker.invokeTestMethods(Invoker.java:1231)
	at org.testng.internal.TestMethodWorker.invokeTestMethods(TestMethodWorker.java:127)
	at org.testng.internal.TestMethodWorker.run(TestMethodWorker.java:111)
	at org.testng.TestRunner.privateRun(TestRunner.java:767)
	at org.testng.TestRunner.run(TestRunner.java:617)
	at org.testng.SuiteRunner.runTest(SuiteRunner.java:334)
	at org.testng.SuiteRunner.runSequentially(SuiteRunner.java:329)
	at org.testng.SuiteRunner.privateRun(SuiteRunner.java:291)
	at org.testng.SuiteRunner.run(SuiteRunner.java:240)
	at org.testng.SuiteRunnerWorker.runSuite(SuiteRunnerWorker.java:52)
	at org.testng.SuiteRunnerWorker.run(SuiteRunnerWorker.java:86)
	at org.testng.TestNG.runSuitesSequentially(TestNG.java:1224)
	at org.testng.TestNG.runSuitesLocally(TestNG.java:1149)
	at org.testng.TestNG.run(TestNG.java:1057)
	at org.apache.maven.surefire.testng.TestNGExecutor.run(TestNGExecutor.java:77)
	at org.apache.maven.surefire.testng.TestNGDirectoryTestSuite.executeMulti(TestNGDirectoryTestSuite.java:159)
	at org.apache.maven.surefire.testng.TestNGDirectoryTestSuite.execute(TestNGDirectoryTestSuite.java:99)
	at org.apache.maven.surefire.testng.TestNGProvider.invoke(TestNGProvider.java:106)
	at sun.reflect.NativeMethodAccessorImpl.invoke0(Native Method)
	at sun.reflect.NativeMethodAccessorImpl.invoke(NativeMethodAccessorImpl.java:57)
	at sun.reflect.DelegatingMethodAccessorImpl.invoke(DelegatingMethodAccessorImpl.java:43)
	at java.lang.reflect.Method.invoke(Method.java:601)
	at org.apache.maven.surefire.util.ReflectionUtils.invokeMethodWithArray(ReflectionUtils.java:189)
	at org.apache.maven.surefire.booter.ProviderFactory$ProviderProxy.invoke(ProviderFactory.java:165)
	at org.apache.maven.surefire.booter.ProviderFactory.invokeProvider(ProviderFactory.java:85)
	at org.apache.maven.surefire.booter.ForkedBooter.runSuitesInProcess(ForkedBooter.java:115)
	at org.apache.maven.surefire.booter.ForkedBooter.main(ForkedBooter.java:75)
</pre></div></td>
<td>0</td>
<td>storm.starter.bolt.IntermediateRankingsBoltTest@2b8aef48</td></tr>
<tr>
<td title='storm.starter.bolt.IntermediateRankingsBoltTest.negativeOrZeroTopNShouldThrowIAE()'><b>negativeOrZeroTopNShouldThrowIAE</b><br>Test class: storm.starter.bolt.IntermediateRankingsBoltTest<br>Parameters: -3</td>
<td><div><pre>java.lang.IllegalArgumentException: topN must be &gt;= 1 (you requested -3)
	at storm.starter.bolt.AbstractRankerBolt.&lt;init&gt;(AbstractRankerBolt.java:44)
	at storm.starter.bolt.AbstractRankerBolt.&lt;init&gt;(AbstractRankerBolt.java:39)
	at storm.starter.bolt.IntermediateRankingsBolt.&lt;init&gt;(IntermediateRankingsBolt.java:24)
	at storm.starter.bolt.IntermediateRankingsBoltTest.negativeOrZeroTopNShouldThrowIAE(IntermediateRankingsBoltTest.java:41)
... Removed 34 stack frames</pre></div><a href='#' onClick='toggleBox("stack-trace1718046831", this, "Click to show all stack frames", "Click to hide stack frames")'>Click to show all stack frames</a>
<div class='stack-trace' id='stack-trace1718046831'><pre>java.lang.IllegalArgumentException: topN must be &gt;= 1 (you requested -3)
	at storm.starter.bolt.AbstractRankerBolt.&lt;init&gt;(AbstractRankerBolt.java:44)
	at storm.starter.bolt.AbstractRankerBolt.&lt;init&gt;(AbstractRankerBolt.java:39)
	at storm.starter.bolt.IntermediateRankingsBolt.&lt;init&gt;(IntermediateRankingsBolt.java:24)
	at storm.starter.bolt.IntermediateRankingsBoltTest.negativeOrZeroTopNShouldThrowIAE(IntermediateRankingsBoltTest.java:41)
	at sun.reflect.NativeMethodAccessorImpl.invoke0(Native Method)
	at sun.reflect.NativeMethodAccessorImpl.invoke(NativeMethodAccessorImpl.java:57)
	at sun.reflect.DelegatingMethodAccessorImpl.invoke(DelegatingMethodAccessorImpl.java:43)
	at java.lang.reflect.Method.invoke(Method.java:601)
	at org.testng.internal.MethodInvocationHelper.invokeMethod(MethodInvocationHelper.java:84)
	at org.testng.internal.Invoker.invokeMethod(Invoker.java:714)
	at org.testng.internal.Invoker.invokeTestMethod(Invoker.java:901)
	at org.testng.internal.Invoker.invokeTestMethods(Invoker.java:1231)
	at org.testng.internal.TestMethodWorker.invokeTestMethods(TestMethodWorker.java:127)
	at org.testng.internal.TestMethodWorker.run(TestMethodWorker.java:111)
	at org.testng.TestRunner.privateRun(TestRunner.java:767)
	at org.testng.TestRunner.run(TestRunner.java:617)
	at org.testng.SuiteRunner.runTest(SuiteRunner.java:334)
	at org.testng.SuiteRunner.runSequentially(SuiteRunner.java:329)
	at org.testng.SuiteRunner.privateRun(SuiteRunner.java:291)
	at org.testng.SuiteRunner.run(SuiteRunner.java:240)
	at org.testng.SuiteRunnerWorker.runSuite(SuiteRunnerWorker.java:52)
	at org.testng.SuiteRunnerWorker.run(SuiteRunnerWorker.java:86)
	at org.testng.TestNG.runSuitesSequentially(TestNG.java:1224)
	at org.testng.TestNG.runSuitesLocally(TestNG.java:1149)
	at org.testng.TestNG.run(TestNG.java:1057)
	at org.apache.maven.surefire.testng.TestNGExecutor.run(TestNGExecutor.java:77)
	at org.apache.maven.surefire.testng.TestNGDirectoryTestSuite.executeMulti(TestNGDirectoryTestSuite.java:159)
	at org.apache.maven.surefire.testng.TestNGDirectoryTestSuite.execute(TestNGDirectoryTestSuite.java:99)
	at org.apache.maven.surefire.testng.TestNGProvider.invoke(TestNGProvider.java:106)
	at sun.reflect.NativeMethodAccessorImpl.invoke0(Native Method)
	at sun.reflect.NativeMethodAccessorImpl.invoke(NativeMethodAccessorImpl.java:57)
	at sun.reflect.DelegatingMethodAccessorImpl.invoke(DelegatingMethodAccessorImpl.java:43)
	at java.lang.reflect.Method.invoke(Method.java:601)
	at org.apache.maven.surefire.util.ReflectionUtils.invokeMethodWithArray(ReflectionUtils.java:189)
	at org.apache.maven.surefire.booter.ProviderFactory$ProviderProxy.invoke(ProviderFactory.java:165)
	at org.apache.maven.surefire.booter.ProviderFactory.invokeProvider(ProviderFactory.java:85)
	at org.apache.maven.surefire.booter.ForkedBooter.runSuitesInProcess(ForkedBooter.java:115)
	at org.apache.maven.surefire.booter.ForkedBooter.main(ForkedBooter.java:75)
</pre></div></td>
<td>0</td>
<td>storm.starter.bolt.IntermediateRankingsBoltTest@2b8aef48</td></tr>
<tr>
<td title='storm.starter.bolt.IntermediateRankingsBoltTest.negativeOrZeroTopNShouldThrowIAE()'><b>negativeOrZeroTopNShouldThrowIAE</b><br>Test class: storm.starter.bolt.IntermediateRankingsBoltTest<br>Parameters: -2</td>
<td><div><pre>java.lang.IllegalArgumentException: topN must be &gt;= 1 (you requested -2)
	at storm.starter.bolt.AbstractRankerBolt.&lt;init&gt;(AbstractRankerBolt.java:44)
	at storm.starter.bolt.AbstractRankerBolt.&lt;init&gt;(AbstractRankerBolt.java:39)
	at storm.starter.bolt.IntermediateRankingsBolt.&lt;init&gt;(IntermediateRankingsBolt.java:24)
	at storm.starter.bolt.IntermediateRankingsBoltTest.negativeOrZeroTopNShouldThrowIAE(IntermediateRankingsBoltTest.java:41)
... Removed 34 stack frames</pre></div><a href='#' onClick='toggleBox("stack-trace147971055", this, "Click to show all stack frames", "Click to hide stack frames")'>Click to show all stack frames</a>
<div class='stack-trace' id='stack-trace147971055'><pre>java.lang.IllegalArgumentException: topN must be &gt;= 1 (you requested -2)
	at storm.starter.bolt.AbstractRankerBolt.&lt;init&gt;(AbstractRankerBolt.java:44)
	at storm.starter.bolt.AbstractRankerBolt.&lt;init&gt;(AbstractRankerBolt.java:39)
	at storm.starter.bolt.IntermediateRankingsBolt.&lt;init&gt;(IntermediateRankingsBolt.java:24)
	at storm.starter.bolt.IntermediateRankingsBoltTest.negativeOrZeroTopNShouldThrowIAE(IntermediateRankingsBoltTest.java:41)
	at sun.reflect.NativeMethodAccessorImpl.invoke0(Native Method)
	at sun.reflect.NativeMethodAccessorImpl.invoke(NativeMethodAccessorImpl.java:57)
	at sun.reflect.DelegatingMethodAccessorImpl.invoke(DelegatingMethodAccessorImpl.java:43)
	at java.lang.reflect.Method.invoke(Method.java:601)
	at org.testng.internal.MethodInvocationHelper.invokeMethod(MethodInvocationHelper.java:84)
	at org.testng.internal.Invoker.invokeMethod(Invoker.java:714)
	at org.testng.internal.Invoker.invokeTestMethod(Invoker.java:901)
	at org.testng.internal.Invoker.invokeTestMethods(Invoker.java:1231)
	at org.testng.internal.TestMethodWorker.invokeTestMethods(TestMethodWorker.java:127)
	at org.testng.internal.TestMethodWorker.run(TestMethodWorker.java:111)
	at org.testng.TestRunner.privateRun(TestRunner.java:767)
	at org.testng.TestRunner.run(TestRunner.java:617)
	at org.testng.SuiteRunner.runTest(SuiteRunner.java:334)
	at org.testng.SuiteRunner.runSequentially(SuiteRunner.java:329)
	at org.testng.SuiteRunner.privateRun(SuiteRunner.java:291)
	at org.testng.SuiteRunner.run(SuiteRunner.java:240)
	at org.testng.SuiteRunnerWorker.runSuite(SuiteRunnerWorker.java:52)
	at org.testng.SuiteRunnerWorker.run(SuiteRunnerWorker.java:86)
	at org.testng.TestNG.runSuitesSequentially(TestNG.java:1224)
	at org.testng.TestNG.runSuitesLocally(TestNG.java:1149)
	at org.testng.TestNG.run(TestNG.java:1057)
	at org.apache.maven.surefire.testng.TestNGExecutor.run(TestNGExecutor.java:77)
	at org.apache.maven.surefire.testng.TestNGDirectoryTestSuite.executeMulti(TestNGDirectoryTestSuite.java:159)
	at org.apache.maven.surefire.testng.TestNGDirectoryTestSuite.execute(TestNGDirectoryTestSuite.java:99)
	at org.apache.maven.surefire.testng.TestNGProvider.invoke(TestNGProvider.java:106)
	at sun.reflect.NativeMethodAccessorImpl.invoke0(Native Method)
	at sun.reflect.NativeMethodAccessorImpl.invoke(NativeMethodAccessorImpl.java:57)
	at sun.reflect.DelegatingMethodAccessorImpl.invoke(DelegatingMethodAccessorImpl.java:43)
	at java.lang.reflect.Method.invoke(Method.java:601)
	at org.apache.maven.surefire.util.ReflectionUtils.invokeMethodWithArray(ReflectionUtils.java:189)
	at org.apache.maven.surefire.booter.ProviderFactory$ProviderProxy.invoke(ProviderFactory.java:165)
	at org.apache.maven.surefire.booter.ProviderFactory.invokeProvider(ProviderFactory.java:85)
	at org.apache.maven.surefire.booter.ForkedBooter.runSuitesInProcess(ForkedBooter.java:115)
	at org.apache.maven.surefire.booter.ForkedBooter.main(ForkedBooter.java:75)
</pre></div></td>
<td>0</td>
<td>storm.starter.bolt.IntermediateRankingsBoltTest@2b8aef48</td></tr>
<tr>
<td title='storm.starter.bolt.IntermediateRankingsBoltTest.negativeOrZeroTopNShouldThrowIAE()'><b>negativeOrZeroTopNShouldThrowIAE</b><br>Test class: storm.starter.bolt.IntermediateRankingsBoltTest<br>Parameters: -1</td>
<td><div><pre>java.lang.IllegalArgumentException: topN must be &gt;= 1 (you requested -1)
	at storm.starter.bolt.AbstractRankerBolt.&lt;init&gt;(AbstractRankerBolt.java:44)
	at storm.starter.bolt.AbstractRankerBolt.&lt;init&gt;(AbstractRankerBolt.java:39)
	at storm.starter.bolt.IntermediateRankingsBolt.&lt;init&gt;(IntermediateRankingsBolt.java:24)
	at storm.starter.bolt.IntermediateRankingsBoltTest.negativeOrZeroTopNShouldThrowIAE(IntermediateRankingsBoltTest.java:41)
... Removed 34 stack frames</pre></div><a href='#' onClick='toggleBox("stack-trace163458159", this, "Click to show all stack frames", "Click to hide stack frames")'>Click to show all stack frames</a>
<div class='stack-trace' id='stack-trace163458159'><pre>java.lang.IllegalArgumentException: topN must be &gt;= 1 (you requested -1)
	at storm.starter.bolt.AbstractRankerBolt.&lt;init&gt;(AbstractRankerBolt.java:44)
	at storm.starter.bolt.AbstractRankerBolt.&lt;init&gt;(AbstractRankerBolt.java:39)
	at storm.starter.bolt.IntermediateRankingsBolt.&lt;init&gt;(IntermediateRankingsBolt.java:24)
	at storm.starter.bolt.IntermediateRankingsBoltTest.negativeOrZeroTopNShouldThrowIAE(IntermediateRankingsBoltTest.java:41)
	at sun.reflect.NativeMethodAccessorImpl.invoke0(Native Method)
	at sun.reflect.NativeMethodAccessorImpl.invoke(NativeMethodAccessorImpl.java:57)
	at sun.reflect.DelegatingMethodAccessorImpl.invoke(DelegatingMethodAccessorImpl.java:43)
	at java.lang.reflect.Method.invoke(Method.java:601)
	at org.testng.internal.MethodInvocationHelper.invokeMethod(MethodInvocationHelper.java:84)
	at org.testng.internal.Invoker.invokeMethod(Invoker.java:714)
	at org.testng.internal.Invoker.invokeTestMethod(Invoker.java:901)
	at org.testng.internal.Invoker.invokeTestMethods(Invoker.java:1231)
	at org.testng.internal.TestMethodWorker.invokeTestMethods(TestMethodWorker.java:127)
	at org.testng.internal.TestMethodWorker.run(TestMethodWorker.java:111)
	at org.testng.TestRunner.privateRun(TestRunner.java:767)
	at org.testng.TestRunner.run(TestRunner.java:617)
	at org.testng.SuiteRunner.runTest(SuiteRunner.java:334)
	at org.testng.SuiteRunner.runSequentially(SuiteRunner.java:329)
	at org.testng.SuiteRunner.privateRun(SuiteRunner.java:291)
	at org.testng.SuiteRunner.run(SuiteRunner.java:240)
	at org.testng.SuiteRunnerWorker.runSuite(SuiteRunnerWorker.java:52)
	at org.testng.SuiteRunnerWorker.run(SuiteRunnerWorker.java:86)
	at org.testng.TestNG.runSuitesSequentially(TestNG.java:1224)
	at org.testng.TestNG.runSuitesLocally(TestNG.java:1149)
	at org.testng.TestNG.run(TestNG.java:1057)
	at org.apache.maven.surefire.testng.TestNGExecutor.run(TestNGExecutor.java:77)
	at org.apache.maven.surefire.testng.TestNGDirectoryTestSuite.executeMulti(TestNGDirectoryTestSuite.java:159)
	at org.apache.maven.surefire.testng.TestNGDirectoryTestSuite.execute(TestNGDirectoryTestSuite.java:99)
	at org.apache.maven.surefire.testng.TestNGProvider.invoke(TestNGProvider.java:106)
	at sun.reflect.NativeMethodAccessorImpl.invoke0(Native Method)
	at sun.reflect.NativeMethodAccessorImpl.invoke(NativeMethodAccessorImpl.java:57)
	at sun.reflect.DelegatingMethodAccessorImpl.invoke(DelegatingMethodAccessorImpl.java:43)
	at java.lang.reflect.Method.invoke(Method.java:601)
	at org.apache.maven.surefire.util.ReflectionUtils.invokeMethodWithArray(ReflectionUtils.java:189)
	at org.apache.maven.surefire.booter.ProviderFactory$ProviderProxy.invoke(ProviderFactory.java:165)
	at org.apache.maven.surefire.booter.ProviderFactory.invokeProvider(ProviderFactory.java:85)
	at org.apache.maven.surefire.booter.ForkedBooter.runSuitesInProcess(ForkedBooter.java:115)
	at org.apache.maven.surefire.booter.ForkedBooter.main(ForkedBooter.java:75)
</pre></div></td>
<td>0</td>
<td>storm.starter.bolt.IntermediateRankingsBoltTest@2b8aef48</td></tr>
<tr>
<td title='storm.starter.bolt.IntermediateRankingsBoltTest.negativeOrZeroTopNShouldThrowIAE()'><b>negativeOrZeroTopNShouldThrowIAE</b><br>Test class: storm.starter.bolt.IntermediateRankingsBoltTest<br>Parameters: 0</td>
<td><div><pre>java.lang.IllegalArgumentException: topN must be &gt;= 1 (you requested 0)
	at storm.starter.bolt.AbstractRankerBolt.&lt;init&gt;(AbstractRankerBolt.java:44)
	at storm.starter.bolt.AbstractRankerBolt.&lt;init&gt;(AbstractRankerBolt.java:39)
	at storm.starter.bolt.IntermediateRankingsBolt.&lt;init&gt;(IntermediateRankingsBolt.java:24)
	at storm.starter.bolt.IntermediateRankingsBoltTest.negativeOrZeroTopNShouldThrowIAE(IntermediateRankingsBoltTest.java:41)
... Removed 34 stack frames</pre></div><a href='#' onClick='toggleBox("stack-trace609693800", this, "Click to show all stack frames", "Click to hide stack frames")'>Click to show all stack frames</a>
<div class='stack-trace' id='stack-trace609693800'><pre>java.lang.IllegalArgumentException: topN must be &gt;= 1 (you requested 0)
	at storm.starter.bolt.AbstractRankerBolt.&lt;init&gt;(AbstractRankerBolt.java:44)
	at storm.starter.bolt.AbstractRankerBolt.&lt;init&gt;(AbstractRankerBolt.java:39)
	at storm.starter.bolt.IntermediateRankingsBolt.&lt;init&gt;(IntermediateRankingsBolt.java:24)
	at storm.starter.bolt.IntermediateRankingsBoltTest.negativeOrZeroTopNShouldThrowIAE(IntermediateRankingsBoltTest.java:41)
	at sun.reflect.NativeMethodAccessorImpl.invoke0(Native Method)
	at sun.reflect.NativeMethodAccessorImpl.invoke(NativeMethodAccessorImpl.java:57)
	at sun.reflect.DelegatingMethodAccessorImpl.invoke(DelegatingMethodAccessorImpl.java:43)
	at java.lang.reflect.Method.invoke(Method.java:601)
	at org.testng.internal.MethodInvocationHelper.invokeMethod(MethodInvocationHelper.java:84)
	at org.testng.internal.Invoker.invokeMethod(Invoker.java:714)
	at org.testng.internal.Invoker.invokeTestMethod(Invoker.java:901)
	at org.testng.internal.Invoker.invokeTestMethods(Invoker.java:1231)
	at org.testng.internal.TestMethodWorker.invokeTestMethods(TestMethodWorker.java:127)
	at org.testng.internal.TestMethodWorker.run(TestMethodWorker.java:111)
	at org.testng.TestRunner.privateRun(TestRunner.java:767)
	at org.testng.TestRunner.run(TestRunner.java:617)
	at org.testng.SuiteRunner.runTest(SuiteRunner.java:334)
	at org.testng.SuiteRunner.runSequentially(SuiteRunner.java:329)
	at org.testng.SuiteRunner.privateRun(SuiteRunner.java:291)
	at org.testng.SuiteRunner.run(SuiteRunner.java:240)
	at org.testng.SuiteRunnerWorker.runSuite(SuiteRunnerWorker.java:52)
	at org.testng.SuiteRunnerWorker.run(SuiteRunnerWorker.java:86)
	at org.testng.TestNG.runSuitesSequentially(TestNG.java:1224)
	at org.testng.TestNG.runSuitesLocally(TestNG.java:1149)
	at org.testng.TestNG.run(TestNG.java:1057)
	at org.apache.maven.surefire.testng.TestNGExecutor.run(TestNGExecutor.java:77)
	at org.apache.maven.surefire.testng.TestNGDirectoryTestSuite.executeMulti(TestNGDirectoryTestSuite.java:159)
	at org.apache.maven.surefire.testng.TestNGDirectoryTestSuite.execute(TestNGDirectoryTestSuite.java:99)
	at org.apache.maven.surefire.testng.TestNGProvider.invoke(TestNGProvider.java:106)
	at sun.reflect.NativeMethodAccessorImpl.invoke0(Native Method)
	at sun.reflect.NativeMethodAccessorImpl.invoke(NativeMethodAccessorImpl.java:57)
	at sun.reflect.DelegatingMethodAccessorImpl.invoke(DelegatingMethodAccessorImpl.java:43)
	at java.lang.reflect.Method.invoke(Method.java:601)
	at org.apache.maven.surefire.util.ReflectionUtils.invokeMethodWithArray(ReflectionUtils.java:189)
	at org.apache.maven.surefire.booter.ProviderFactory$ProviderProxy.invoke(ProviderFactory.java:165)
	at org.apache.maven.surefire.booter.ProviderFactory.invokeProvider(ProviderFactory.java:85)
	at org.apache.maven.surefire.booter.ForkedBooter.runSuitesInProcess(ForkedBooter.java:115)
	at org.apache.maven.surefire.booter.ForkedBooter.main(ForkedBooter.java:75)
</pre></div></td>
<td>0</td>
<td>storm.starter.bolt.IntermediateRankingsBoltTest@2b8aef48</td></tr>
<tr>
<td title='storm.starter.bolt.TotalRankingsBoltTest.negativeOrZeroTopNShouldThrowIAE()'><b>negativeOrZeroTopNShouldThrowIAE</b><br>Test class: storm.starter.bolt.TotalRankingsBoltTest<br>Parameters: -10</td>
<td><div><pre>java.lang.IllegalArgumentException: topN must be &gt;= 1 (you requested -10)
	at storm.starter.bolt.AbstractRankerBolt.&lt;init&gt;(AbstractRankerBolt.java:44)
	at storm.starter.bolt.AbstractRankerBolt.&lt;init&gt;(AbstractRankerBolt.java:39)
	at storm.starter.bolt.TotalRankingsBolt.&lt;init&gt;(TotalRankingsBolt.java:23)
	at storm.starter.bolt.TotalRankingsBoltTest.negativeOrZeroTopNShouldThrowIAE(TotalRankingsBoltTest.java:42)
... Removed 34 stack frames</pre></div><a href='#' onClick='toggleBox("stack-trace1603928569", this, "Click to show all stack frames", "Click to hide stack frames")'>Click to show all stack frames</a>
<div class='stack-trace' id='stack-trace1603928569'><pre>java.lang.IllegalArgumentException: topN must be &gt;= 1 (you requested -10)
	at storm.starter.bolt.AbstractRankerBolt.&lt;init&gt;(AbstractRankerBolt.java:44)
	at storm.starter.bolt.AbstractRankerBolt.&lt;init&gt;(AbstractRankerBolt.java:39)
	at storm.starter.bolt.TotalRankingsBolt.&lt;init&gt;(TotalRankingsBolt.java:23)
	at storm.starter.bolt.TotalRankingsBoltTest.negativeOrZeroTopNShouldThrowIAE(TotalRankingsBoltTest.java:42)
	at sun.reflect.NativeMethodAccessorImpl.invoke0(Native Method)
	at sun.reflect.NativeMethodAccessorImpl.invoke(NativeMethodAccessorImpl.java:57)
	at sun.reflect.DelegatingMethodAccessorImpl.invoke(DelegatingMethodAccessorImpl.java:43)
	at java.lang.reflect.Method.invoke(Method.java:601)
	at org.testng.internal.MethodInvocationHelper.invokeMethod(MethodInvocationHelper.java:84)
	at org.testng.internal.Invoker.invokeMethod(Invoker.java:714)
	at org.testng.internal.Invoker.invokeTestMethod(Invoker.java:901)
	at org.testng.internal.Invoker.invokeTestMethods(Invoker.java:1231)
	at org.testng.internal.TestMethodWorker.invokeTestMethods(TestMethodWorker.java:127)
	at org.testng.internal.TestMethodWorker.run(TestMethodWorker.java:111)
	at org.testng.TestRunner.privateRun(TestRunner.java:767)
	at org.testng.TestRunner.run(TestRunner.java:617)
	at org.testng.SuiteRunner.runTest(SuiteRunner.java:334)
	at org.testng.SuiteRunner.runSequentially(SuiteRunner.java:329)
	at org.testng.SuiteRunner.privateRun(SuiteRunner.java:291)
	at org.testng.SuiteRunner.run(SuiteRunner.java:240)
	at org.testng.SuiteRunnerWorker.runSuite(SuiteRunnerWorker.java:52)
	at org.testng.SuiteRunnerWorker.run(SuiteRunnerWorker.java:86)
	at org.testng.TestNG.runSuitesSequentially(TestNG.java:1224)
	at org.testng.TestNG.runSuitesLocally(TestNG.java:1149)
	at org.testng.TestNG.run(TestNG.java:1057)
	at org.apache.maven.surefire.testng.TestNGExecutor.run(TestNGExecutor.java:77)
	at org.apache.maven.surefire.testng.TestNGDirectoryTestSuite.executeMulti(TestNGDirectoryTestSuite.java:159)
	at org.apache.maven.surefire.testng.TestNGDirectoryTestSuite.execute(TestNGDirectoryTestSuite.java:99)
	at org.apache.maven.surefire.testng.TestNGProvider.invoke(TestNGProvider.java:106)
	at sun.reflect.NativeMethodAccessorImpl.invoke0(Native Method)
	at sun.reflect.NativeMethodAccessorImpl.invoke(NativeMethodAccessorImpl.java:57)
	at sun.reflect.DelegatingMethodAccessorImpl.invoke(DelegatingMethodAccessorImpl.java:43)
	at java.lang.reflect.Method.invoke(Method.java:601)
	at org.apache.maven.surefire.util.ReflectionUtils.invokeMethodWithArray(ReflectionUtils.java:189)
	at org.apache.maven.surefire.booter.ProviderFactory$ProviderProxy.invoke(ProviderFactory.java:165)
	at org.apache.maven.surefire.booter.ProviderFactory.invokeProvider(ProviderFactory.java:85)
	at org.apache.maven.surefire.booter.ForkedBooter.runSuitesInProcess(ForkedBooter.java:115)
	at org.apache.maven.surefire.booter.ForkedBooter.main(ForkedBooter.java:75)
</pre></div></td>
<td>0</td>
<td>storm.starter.bolt.TotalRankingsBoltTest@7194b34a</td></tr>
<tr>
<td title='storm.starter.bolt.TotalRankingsBoltTest.negativeOrZeroTopNShouldThrowIAE()'><b>negativeOrZeroTopNShouldThrowIAE</b><br>Test class: storm.starter.bolt.TotalRankingsBoltTest<br>Parameters: -3</td>
<td><div><pre>java.lang.IllegalArgumentException: topN must be &gt;= 1 (you requested -3)
	at storm.starter.bolt.AbstractRankerBolt.&lt;init&gt;(AbstractRankerBolt.java:44)
	at storm.starter.bolt.AbstractRankerBolt.&lt;init&gt;(AbstractRankerBolt.java:39)
	at storm.starter.bolt.TotalRankingsBolt.&lt;init&gt;(TotalRankingsBolt.java:23)
	at storm.starter.bolt.TotalRankingsBoltTest.negativeOrZeroTopNShouldThrowIAE(TotalRankingsBoltTest.java:42)
... Removed 34 stack frames</pre></div><a href='#' onClick='toggleBox("stack-trace2012722039", this, "Click to show all stack frames", "Click to hide stack frames")'>Click to show all stack frames</a>
<div class='stack-trace' id='stack-trace2012722039'><pre>java.lang.IllegalArgumentException: topN must be &gt;= 1 (you requested -3)
	at storm.starter.bolt.AbstractRankerBolt.&lt;init&gt;(AbstractRankerBolt.java:44)
	at storm.starter.bolt.AbstractRankerBolt.&lt;init&gt;(AbstractRankerBolt.java:39)
	at storm.starter.bolt.TotalRankingsBolt.&lt;init&gt;(TotalRankingsBolt.java:23)
	at storm.starter.bolt.TotalRankingsBoltTest.negativeOrZeroTopNShouldThrowIAE(TotalRankingsBoltTest.java:42)
	at sun.reflect.NativeMethodAccessorImpl.invoke0(Native Method)
	at sun.reflect.NativeMethodAccessorImpl.invoke(NativeMethodAccessorImpl.java:57)
	at sun.reflect.DelegatingMethodAccessorImpl.invoke(DelegatingMethodAccessorImpl.java:43)
	at java.lang.reflect.Method.invoke(Method.java:601)
	at org.testng.internal.MethodInvocationHelper.invokeMethod(MethodInvocationHelper.java:84)
	at org.testng.internal.Invoker.invokeMethod(Invoker.java:714)
	at org.testng.internal.Invoker.invokeTestMethod(Invoker.java:901)
	at org.testng.internal.Invoker.invokeTestMethods(Invoker.java:1231)
	at org.testng.internal.TestMethodWorker.invokeTestMethods(TestMethodWorker.java:127)
	at org.testng.internal.TestMethodWorker.run(TestMethodWorker.java:111)
	at org.testng.TestRunner.privateRun(TestRunner.java:767)
	at org.testng.TestRunner.run(TestRunner.java:617)
	at org.testng.SuiteRunner.runTest(SuiteRunner.java:334)
	at org.testng.SuiteRunner.runSequentially(SuiteRunner.java:329)
	at org.testng.SuiteRunner.privateRun(SuiteRunner.java:291)
	at org.testng.SuiteRunner.run(SuiteRunner.java:240)
	at org.testng.SuiteRunnerWorker.runSuite(SuiteRunnerWorker.java:52)
	at org.testng.SuiteRunnerWorker.run(SuiteRunnerWorker.java:86)
	at org.testng.TestNG.runSuitesSequentially(TestNG.java:1224)
	at org.testng.TestNG.runSuitesLocally(TestNG.java:1149)
	at org.testng.TestNG.run(TestNG.java:1057)
	at org.apache.maven.surefire.testng.TestNGExecutor.run(TestNGExecutor.java:77)
	at org.apache.maven.surefire.testng.TestNGDirectoryTestSuite.executeMulti(TestNGDirectoryTestSuite.java:159)
	at org.apache.maven.surefire.testng.TestNGDirectoryTestSuite.execute(TestNGDirectoryTestSuite.java:99)
	at org.apache.maven.surefire.testng.TestNGProvider.invoke(TestNGProvider.java:106)
	at sun.reflect.NativeMethodAccessorImpl.invoke0(Native Method)
	at sun.reflect.NativeMethodAccessorImpl.invoke(NativeMethodAccessorImpl.java:57)
	at sun.reflect.DelegatingMethodAccessorImpl.invoke(DelegatingMethodAccessorImpl.java:43)
	at java.lang.reflect.Method.invoke(Method.java:601)
	at org.apache.maven.surefire.util.ReflectionUtils.invokeMethodWithArray(ReflectionUtils.java:189)
	at org.apache.maven.surefire.booter.ProviderFactory$ProviderProxy.invoke(ProviderFactory.java:165)
	at org.apache.maven.surefire.booter.ProviderFactory.invokeProvider(ProviderFactory.java:85)
	at org.apache.maven.surefire.booter.ForkedBooter.runSuitesInProcess(ForkedBooter.java:115)
	at org.apache.maven.surefire.booter.ForkedBooter.main(ForkedBooter.java:75)
</pre></div></td>
<td>0</td>
<td>storm.starter.bolt.TotalRankingsBoltTest@7194b34a</td></tr>
<tr>
<td title='storm.starter.bolt.TotalRankingsBoltTest.negativeOrZeroTopNShouldThrowIAE()'><b>negativeOrZeroTopNShouldThrowIAE</b><br>Test class: storm.starter.bolt.TotalRankingsBoltTest<br>Parameters: -2</td>
<td><div><pre>java.lang.IllegalArgumentException: topN must be &gt;= 1 (you requested -2)
	at storm.starter.bolt.AbstractRankerBolt.&lt;init&gt;(AbstractRankerBolt.java:44)
	at storm.starter.bolt.AbstractRankerBolt.&lt;init&gt;(AbstractRankerBolt.java:39)
	at storm.starter.bolt.TotalRankingsBolt.&lt;init&gt;(TotalRankingsBolt.java:23)
	at storm.starter.bolt.TotalRankingsBoltTest.negativeOrZeroTopNShouldThrowIAE(TotalRankingsBoltTest.java:42)
... Removed 34 stack frames</pre></div><a href='#' onClick='toggleBox("stack-trace656901929", this, "Click to show all stack frames", "Click to hide stack frames")'>Click to show all stack frames</a>
<div class='stack-trace' id='stack-trace656901929'><pre>java.lang.IllegalArgumentException: topN must be &gt;= 1 (you requested -2)
	at storm.starter.bolt.AbstractRankerBolt.&lt;init&gt;(AbstractRankerBolt.java:44)
	at storm.starter.bolt.AbstractRankerBolt.&lt;init&gt;(AbstractRankerBolt.java:39)
	at storm.starter.bolt.TotalRankingsBolt.&lt;init&gt;(TotalRankingsBolt.java:23)
	at storm.starter.bolt.TotalRankingsBoltTest.negativeOrZeroTopNShouldThrowIAE(TotalRankingsBoltTest.java:42)
	at sun.reflect.NativeMethodAccessorImpl.invoke0(Native Method)
	at sun.reflect.NativeMethodAccessorImpl.invoke(NativeMethodAccessorImpl.java:57)
	at sun.reflect.DelegatingMethodAccessorImpl.invoke(DelegatingMethodAccessorImpl.java:43)
	at java.lang.reflect.Method.invoke(Method.java:601)
	at org.testng.internal.MethodInvocationHelper.invokeMethod(MethodInvocationHelper.java:84)
	at org.testng.internal.Invoker.invokeMethod(Invoker.java:714)
	at org.testng.internal.Invoker.invokeTestMethod(Invoker.java:901)
	at org.testng.internal.Invoker.invokeTestMethods(Invoker.java:1231)
	at org.testng.internal.TestMethodWorker.invokeTestMethods(TestMethodWorker.java:127)
	at org.testng.internal.TestMethodWorker.run(TestMethodWorker.java:111)
	at org.testng.TestRunner.privateRun(TestRunner.java:767)
	at org.testng.TestRunner.run(TestRunner.java:617)
	at org.testng.SuiteRunner.runTest(SuiteRunner.java:334)
	at org.testng.SuiteRunner.runSequentially(SuiteRunner.java:329)
	at org.testng.SuiteRunner.privateRun(SuiteRunner.java:291)
	at org.testng.SuiteRunner.run(SuiteRunner.java:240)
	at org.testng.SuiteRunnerWorker.runSuite(SuiteRunnerWorker.java:52)
	at org.testng.SuiteRunnerWorker.run(SuiteRunnerWorker.java:86)
	at org.testng.TestNG.runSuitesSequentially(TestNG.java:1224)
	at org.testng.TestNG.runSuitesLocally(TestNG.java:1149)
	at org.testng.TestNG.run(TestNG.java:1057)
	at org.apache.maven.surefire.testng.TestNGExecutor.run(TestNGExecutor.java:77)
	at org.apache.maven.surefire.testng.TestNGDirectoryTestSuite.executeMulti(TestNGDirectoryTestSuite.java:159)
	at org.apache.maven.surefire.testng.TestNGDirectoryTestSuite.execute(TestNGDirectoryTestSuite.java:99)
	at org.apache.maven.surefire.testng.TestNGProvider.invoke(TestNGProvider.java:106)
	at sun.reflect.NativeMethodAccessorImpl.invoke0(Native Method)
	at sun.reflect.NativeMethodAccessorImpl.invoke(NativeMethodAccessorImpl.java:57)
	at sun.reflect.DelegatingMethodAccessorImpl.invoke(DelegatingMethodAccessorImpl.java:43)
	at java.lang.reflect.Method.invoke(Method.java:601)
	at org.apache.maven.surefire.util.ReflectionUtils.invokeMethodWithArray(ReflectionUtils.java:189)
	at org.apache.maven.surefire.booter.ProviderFactory$ProviderProxy.invoke(ProviderFactory.java:165)
	at org.apache.maven.surefire.booter.ProviderFactory.invokeProvider(ProviderFactory.java:85)
	at org.apache.maven.surefire.booter.ForkedBooter.runSuitesInProcess(ForkedBooter.java:115)
	at org.apache.maven.surefire.booter.ForkedBooter.main(ForkedBooter.java:75)
</pre></div></td>
<td>0</td>
<td>storm.starter.bolt.TotalRankingsBoltTest@7194b34a</td></tr>
<tr>
<td title='storm.starter.bolt.TotalRankingsBoltTest.negativeOrZeroTopNShouldThrowIAE()'><b>negativeOrZeroTopNShouldThrowIAE</b><br>Test class: storm.starter.bolt.TotalRankingsBoltTest<br>Parameters: -1</td>
<td><div><pre>java.lang.IllegalArgumentException: topN must be &gt;= 1 (you requested -1)
	at storm.starter.bolt.AbstractRankerBolt.&lt;init&gt;(AbstractRankerBolt.java:44)
	at storm.starter.bolt.AbstractRankerBolt.&lt;init&gt;(AbstractRankerBolt.java:39)
	at storm.starter.bolt.TotalRankingsBolt.&lt;init&gt;(TotalRankingsBolt.java:23)
	at storm.starter.bolt.TotalRankingsBoltTest.negativeOrZeroTopNShouldThrowIAE(TotalRankingsBoltTest.java:42)
... Removed 34 stack frames</pre></div><a href='#' onClick='toggleBox("stack-trace337291476", this, "Click to show all stack frames", "Click to hide stack frames")'>Click to show all stack frames</a>
<div class='stack-trace' id='stack-trace337291476'><pre>java.lang.IllegalArgumentException: topN must be &gt;= 1 (you requested -1)
	at storm.starter.bolt.AbstractRankerBolt.&lt;init&gt;(AbstractRankerBolt.java:44)
	at storm.starter.bolt.AbstractRankerBolt.&lt;init&gt;(AbstractRankerBolt.java:39)
	at storm.starter.bolt.TotalRankingsBolt.&lt;init&gt;(TotalRankingsBolt.java:23)
	at storm.starter.bolt.TotalRankingsBoltTest.negativeOrZeroTopNShouldThrowIAE(TotalRankingsBoltTest.java:42)
	at sun.reflect.NativeMethodAccessorImpl.invoke0(Native Method)
	at sun.reflect.NativeMethodAccessorImpl.invoke(NativeMethodAccessorImpl.java:57)
	at sun.reflect.DelegatingMethodAccessorImpl.invoke(DelegatingMethodAccessorImpl.java:43)
	at java.lang.reflect.Method.invoke(Method.java:601)
	at org.testng.internal.MethodInvocationHelper.invokeMethod(MethodInvocationHelper.java:84)
	at org.testng.internal.Invoker.invokeMethod(Invoker.java:714)
	at org.testng.internal.Invoker.invokeTestMethod(Invoker.java:901)
	at org.testng.internal.Invoker.invokeTestMethods(Invoker.java:1231)
	at org.testng.internal.TestMethodWorker.invokeTestMethods(TestMethodWorker.java:127)
	at org.testng.internal.TestMethodWorker.run(TestMethodWorker.java:111)
	at org.testng.TestRunner.privateRun(TestRunner.java:767)
	at org.testng.TestRunner.run(TestRunner.java:617)
	at org.testng.SuiteRunner.runTest(SuiteRunner.java:334)
	at org.testng.SuiteRunner.runSequentially(SuiteRunner.java:329)
	at org.testng.SuiteRunner.privateRun(SuiteRunner.java:291)
	at org.testng.SuiteRunner.run(SuiteRunner.java:240)
	at org.testng.SuiteRunnerWorker.runSuite(SuiteRunnerWorker.java:52)
	at org.testng.SuiteRunnerWorker.run(SuiteRunnerWorker.java:86)
	at org.testng.TestNG.runSuitesSequentially(TestNG.java:1224)
	at org.testng.TestNG.runSuitesLocally(TestNG.java:1149)
	at org.testng.TestNG.run(TestNG.java:1057)
	at org.apache.maven.surefire.testng.TestNGExecutor.run(TestNGExecutor.java:77)
	at org.apache.maven.surefire.testng.TestNGDirectoryTestSuite.executeMulti(TestNGDirectoryTestSuite.java:159)
	at org.apache.maven.surefire.testng.TestNGDirectoryTestSuite.execute(TestNGDirectoryTestSuite.java:99)
	at org.apache.maven.surefire.testng.TestNGProvider.invoke(TestNGProvider.java:106)
	at sun.reflect.NativeMethodAccessorImpl.invoke0(Native Method)
	at sun.reflect.NativeMethodAccessorImpl.invoke(NativeMethodAccessorImpl.java:57)
	at sun.reflect.DelegatingMethodAccessorImpl.invoke(DelegatingMethodAccessorImpl.java:43)
	at java.lang.reflect.Method.invoke(Method.java:601)
	at org.apache.maven.surefire.util.ReflectionUtils.invokeMethodWithArray(ReflectionUtils.java:189)
	at org.apache.maven.surefire.booter.ProviderFactory$ProviderProxy.invoke(ProviderFactory.java:165)
	at org.apache.maven.surefire.booter.ProviderFactory.invokeProvider(ProviderFactory.java:85)
	at org.apache.maven.surefire.booter.ForkedBooter.runSuitesInProcess(ForkedBooter.java:115)
	at org.apache.maven.surefire.booter.ForkedBooter.main(ForkedBooter.java:75)
</pre></div></td>
<td>0</td>
<td>storm.starter.bolt.TotalRankingsBoltTest@7194b34a</td></tr>
<tr>
<td title='storm.starter.bolt.TotalRankingsBoltTest.negativeOrZeroTopNShouldThrowIAE()'><b>negativeOrZeroTopNShouldThrowIAE</b><br>Test class: storm.starter.bolt.TotalRankingsBoltTest<br>Parameters: 0</td>
<td><div><pre>java.lang.IllegalArgumentException: topN must be &gt;= 1 (you requested 0)
	at storm.starter.bolt.AbstractRankerBolt.&lt;init&gt;(AbstractRankerBolt.java:44)
	at storm.starter.bolt.AbstractRankerBolt.&lt;init&gt;(AbstractRankerBolt.java:39)
	at storm.starter.bolt.TotalRankingsBolt.&lt;init&gt;(TotalRankingsBolt.java:23)
	at storm.starter.bolt.TotalRankingsBoltTest.negativeOrZeroTopNShouldThrowIAE(TotalRankingsBoltTest.java:42)
... Removed 34 stack frames</pre></div><a href='#' onClick='toggleBox("stack-trace1648492699", this, "Click to show all stack frames", "Click to hide stack frames")'>Click to show all stack frames</a>
<div class='stack-trace' id='stack-trace1648492699'><pre>java.lang.IllegalArgumentException: topN must be &gt;= 1 (you requested 0)
	at storm.starter.bolt.AbstractRankerBolt.&lt;init&gt;(AbstractRankerBolt.java:44)
	at storm.starter.bolt.AbstractRankerBolt.&lt;init&gt;(AbstractRankerBolt.java:39)
	at storm.starter.bolt.TotalRankingsBolt.&lt;init&gt;(TotalRankingsBolt.java:23)
	at storm.starter.bolt.TotalRankingsBoltTest.negativeOrZeroTopNShouldThrowIAE(TotalRankingsBoltTest.java:42)
	at sun.reflect.NativeMethodAccessorImpl.invoke0(Native Method)
	at sun.reflect.NativeMethodAccessorImpl.invoke(NativeMethodAccessorImpl.java:57)
	at sun.reflect.DelegatingMethodAccessorImpl.invoke(DelegatingMethodAccessorImpl.java:43)
	at java.lang.reflect.Method.invoke(Method.java:601)
	at org.testng.internal.MethodInvocationHelper.invokeMethod(MethodInvocationHelper.java:84)
	at org.testng.internal.Invoker.invokeMethod(Invoker.java:714)
	at org.testng.internal.Invoker.invokeTestMethod(Invoker.java:901)
	at org.testng.internal.Invoker.invokeTestMethods(Invoker.java:1231)
	at org.testng.internal.TestMethodWorker.invokeTestMethods(TestMethodWorker.java:127)
	at org.testng.internal.TestMethodWorker.run(TestMethodWorker.java:111)
	at org.testng.TestRunner.privateRun(TestRunner.java:767)
	at org.testng.TestRunner.run(TestRunner.java:617)
	at org.testng.SuiteRunner.runTest(SuiteRunner.java:334)
	at org.testng.SuiteRunner.runSequentially(SuiteRunner.java:329)
	at org.testng.SuiteRunner.privateRun(SuiteRunner.java:291)
	at org.testng.SuiteRunner.run(SuiteRunner.java:240)
	at org.testng.SuiteRunnerWorker.runSuite(SuiteRunnerWorker.java:52)
	at org.testng.SuiteRunnerWorker.run(SuiteRunnerWorker.java:86)
	at org.testng.TestNG.runSuitesSequentially(TestNG.java:1224)
	at org.testng.TestNG.runSuitesLocally(TestNG.java:1149)
	at org.testng.TestNG.run(TestNG.java:1057)
	at org.apache.maven.surefire.testng.TestNGExecutor.run(TestNGExecutor.java:77)
	at org.apache.maven.surefire.testng.TestNGDirectoryTestSuite.executeMulti(TestNGDirectoryTestSuite.java:159)
	at org.apache.maven.surefire.testng.TestNGDirectoryTestSuite.execute(TestNGDirectoryTestSuite.java:99)
	at org.apache.maven.surefire.testng.TestNGProvider.invoke(TestNGProvider.java:106)
	at sun.reflect.NativeMethodAccessorImpl.invoke0(Native Method)
	at sun.reflect.NativeMethodAccessorImpl.invoke(NativeMethodAccessorImpl.java:57)
	at sun.reflect.DelegatingMethodAccessorImpl.invoke(DelegatingMethodAccessorImpl.java:43)
	at java.lang.reflect.Method.invoke(Method.java:601)
	at org.apache.maven.surefire.util.ReflectionUtils.invokeMethodWithArray(ReflectionUtils.java:189)
	at org.apache.maven.surefire.booter.ProviderFactory$ProviderProxy.invoke(ProviderFactory.java:165)
	at org.apache.maven.surefire.booter.ProviderFactory.invokeProvider(ProviderFactory.java:85)
	at org.apache.maven.surefire.booter.ForkedBooter.runSuitesInProcess(ForkedBooter.java:115)
	at org.apache.maven.surefire.booter.ForkedBooter.main(ForkedBooter.java:75)
</pre></div></td>
<td>0</td>
<td>storm.starter.bolt.TotalRankingsBoltTest@7194b34a</td></tr>
<tr>
<td title='storm.starter.tools.SlidingWindowCounterTest.newInstanceShouldHaveEmptyCounts()'><b>newInstanceShouldHaveEmptyCounts</b><br>Test class: storm.starter.tools.SlidingWindowCounterTest</td>
<td></td>
<td>0</td>
<td>storm.starter.tools.SlidingWindowCounterTest@2bb4d74</td></tr>
<tr>
<td title='storm.starter.tools.SlotBasedCounterTest.newInstanceShouldHaveEmptyCounts()'><b>newInstanceShouldHaveEmptyCounts</b><br>Test class: storm.starter.tools.SlotBasedCounterTest</td>
<td></td>
<td>0</td>
<td>storm.starter.tools.SlotBasedCounterTest@6ee7e2ec</td></tr>
<tr>
<td title='storm.starter.bolt.IntermediateRankingsBoltTest.positiveEmitFrequencyShouldBeOk()'><b>positiveEmitFrequencyShouldBeOk</b><br>Test class: storm.starter.bolt.IntermediateRankingsBoltTest<br>Parameters: 1</td>
<td></td>
<td>0</td>
<td>storm.starter.bolt.IntermediateRankingsBoltTest@2b8aef48</td></tr>
<tr>
<td title='storm.starter.bolt.IntermediateRankingsBoltTest.positiveEmitFrequencyShouldBeOk()'><b>positiveEmitFrequencyShouldBeOk</b><br>Test class: storm.starter.bolt.IntermediateRankingsBoltTest<br>Parameters: 2</td>
<td></td>
<td>0</td>
<td>storm.starter.bolt.IntermediateRankingsBoltTest@2b8aef48</td></tr>
<tr>
<td title='storm.starter.bolt.IntermediateRankingsBoltTest.positiveEmitFrequencyShouldBeOk()'><b>positiveEmitFrequencyShouldBeOk</b><br>Test class: storm.starter.bolt.IntermediateRankingsBoltTest<br>Parameters: 3</td>
<td></td>
<td>0</td>
<td>storm.starter.bolt.IntermediateRankingsBoltTest@2b8aef48</td></tr>
<tr>
<td title='storm.starter.bolt.IntermediateRankingsBoltTest.positiveEmitFrequencyShouldBeOk()'><b>positiveEmitFrequencyShouldBeOk</b><br>Test class: storm.starter.bolt.IntermediateRankingsBoltTest<br>Parameters: 20</td>
<td></td>
<td>0</td>
<td>storm.starter.bolt.IntermediateRankingsBoltTest@2b8aef48</td></tr>
<tr>
<td title='storm.starter.bolt.TotalRankingsBoltTest.positiveEmitFrequencyShouldBeOk()'><b>positiveEmitFrequencyShouldBeOk</b><br>Test class: storm.starter.bolt.TotalRankingsBoltTest<br>Parameters: 1</td>
<td></td>
<td>0</td>
<td>storm.starter.bolt.TotalRankingsBoltTest@7194b34a</td></tr>
<tr>
<td title='storm.starter.bolt.TotalRankingsBoltTest.positiveEmitFrequencyShouldBeOk()'><b>positiveEmitFrequencyShouldBeOk</b><br>Test class: storm.starter.bolt.TotalRankingsBoltTest<br>Parameters: 2</td>
<td></td>
<td>0</td>
<td>storm.starter.bolt.TotalRankingsBoltTest@7194b34a</td></tr>
<tr>
<td title='storm.starter.bolt.TotalRankingsBoltTest.positiveEmitFrequencyShouldBeOk()'><b>positiveEmitFrequencyShouldBeOk</b><br>Test class: storm.starter.bolt.TotalRankingsBoltTest<br>Parameters: 3</td>
<td></td>
<td>0</td>
<td>storm.starter.bolt.TotalRankingsBoltTest@7194b34a</td></tr>
<tr>
<td title='storm.starter.bolt.TotalRankingsBoltTest.positiveEmitFrequencyShouldBeOk()'><b>positiveEmitFrequencyShouldBeOk</b><br>Test class: storm.starter.bolt.TotalRankingsBoltTest<br>Parameters: 20</td>
<td></td>
<td>0</td>
<td>storm.starter.bolt.TotalRankingsBoltTest@7194b34a</td></tr>
<tr>
<td title='storm.starter.tools.SlotBasedCounterTest.positiveNumSlotsShouldBeOk()'><b>positiveNumSlotsShouldBeOk</b><br>Test class: storm.starter.tools.SlotBasedCounterTest<br>Parameters: 1</td>
<td></td>
<td>0</td>
<td>storm.starter.tools.SlotBasedCounterTest@6ee7e2ec</td></tr>
<tr>
<td title='storm.starter.tools.SlotBasedCounterTest.positiveNumSlotsShouldBeOk()'><b>positiveNumSlotsShouldBeOk</b><br>Test class: storm.starter.tools.SlotBasedCounterTest<br>Parameters: 2</td>
<td></td>
<td>0</td>
<td>storm.starter.tools.SlotBasedCounterTest@6ee7e2ec</td></tr>
<tr>
<td title='storm.starter.tools.SlotBasedCounterTest.positiveNumSlotsShouldBeOk()'><b>positiveNumSlotsShouldBeOk</b><br>Test class: storm.starter.tools.SlotBasedCounterTest<br>Parameters: 3</td>
<td></td>
<td>0</td>
<td>storm.starter.tools.SlotBasedCounterTest@6ee7e2ec</td></tr>
<tr>
<td title='storm.starter.tools.SlotBasedCounterTest.positiveNumSlotsShouldBeOk()'><b>positiveNumSlotsShouldBeOk</b><br>Test class: storm.starter.tools.SlotBasedCounterTest<br>Parameters: 20</td>
<td></td>
<td>0</td>
<td>storm.starter.tools.SlotBasedCounterTest@6ee7e2ec</td></tr>
<tr>
<td title='storm.starter.tools.NthLastModifiedTimeTrackerTest.positiveNumTimesToTrackShouldBeOk()'><b>positiveNumTimesToTrackShouldBeOk</b><br>Test class: storm.starter.tools.NthLastModifiedTimeTrackerTest<br>Parameters: 1</td>
<td></td>
<td>0</td>
<td>storm.starter.tools.NthLastModifiedTimeTrackerTest@39e32cd6</td></tr>
<tr>
<td title='storm.starter.tools.NthLastModifiedTimeTrackerTest.positiveNumTimesToTrackShouldBeOk()'><b>positiveNumTimesToTrackShouldBeOk</b><br>Test class: storm.starter.tools.NthLastModifiedTimeTrackerTest<br>Parameters: 2</td>
<td></td>
<td>0</td>
<td>storm.starter.tools.NthLastModifiedTimeTrackerTest@39e32cd6</td></tr>
<tr>
<td title='storm.starter.tools.NthLastModifiedTimeTrackerTest.positiveNumTimesToTrackShouldBeOk()'><b>positiveNumTimesToTrackShouldBeOk</b><br>Test class: storm.starter.tools.NthLastModifiedTimeTrackerTest<br>Parameters: 3</td>
<td></td>
<td>0</td>
<td>storm.starter.tools.NthLastModifiedTimeTrackerTest@39e32cd6</td></tr>
<tr>
<td title='storm.starter.tools.NthLastModifiedTimeTrackerTest.positiveNumTimesToTrackShouldBeOk()'><b>positiveNumTimesToTrackShouldBeOk</b><br>Test class: storm.starter.tools.NthLastModifiedTimeTrackerTest<br>Parameters: 20</td>
<td></td>
<td>0</td>
<td>storm.starter.tools.NthLastModifiedTimeTrackerTest@39e32cd6</td></tr>
<tr>
<td title='storm.starter.bolt.IntermediateRankingsBoltTest.positiveTopNShouldBeOk()'><b>positiveTopNShouldBeOk</b><br>Test class: storm.starter.bolt.IntermediateRankingsBoltTest<br>Parameters: 1</td>
<td></td>
<td>0</td>
<td>storm.starter.bolt.IntermediateRankingsBoltTest@2b8aef48</td></tr>
<tr>
<td title='storm.starter.bolt.IntermediateRankingsBoltTest.positiveTopNShouldBeOk()'><b>positiveTopNShouldBeOk</b><br>Test class: storm.starter.bolt.IntermediateRankingsBoltTest<br>Parameters: 2</td>
<td></td>
<td>0</td>
<td>storm.starter.bolt.IntermediateRankingsBoltTest@2b8aef48</td></tr>
<tr>
<td title='storm.starter.bolt.IntermediateRankingsBoltTest.positiveTopNShouldBeOk()'><b>positiveTopNShouldBeOk</b><br>Test class: storm.starter.bolt.IntermediateRankingsBoltTest<br>Parameters: 3</td>
<td></td>
<td>0</td>
<td>storm.starter.bolt.IntermediateRankingsBoltTest@2b8aef48</td></tr>
<tr>
<td title='storm.starter.bolt.IntermediateRankingsBoltTest.positiveTopNShouldBeOk()'><b>positiveTopNShouldBeOk</b><br>Test class: storm.starter.bolt.IntermediateRankingsBoltTest<br>Parameters: 20</td>
<td></td>
<td>0</td>
<td>storm.starter.bolt.IntermediateRankingsBoltTest@2b8aef48</td></tr>
<tr>
<td title='storm.starter.bolt.TotalRankingsBoltTest.positiveTopNShouldBeOk()'><b>positiveTopNShouldBeOk</b><br>Test class: storm.starter.bolt.TotalRankingsBoltTest<br>Parameters: 1</td>
<td></td>
<td>0</td>
<td>storm.starter.bolt.TotalRankingsBoltTest@7194b34a</td></tr>
<tr>
<td title='storm.starter.bolt.TotalRankingsBoltTest.positiveTopNShouldBeOk()'><b>positiveTopNShouldBeOk</b><br>Test class: storm.starter.bolt.TotalRankingsBoltTest<br>Parameters: 2</td>
<td></td>
<td>0</td>
<td>storm.starter.bolt.TotalRankingsBoltTest@7194b34a</td></tr>
<tr>
<td title='storm.starter.bolt.TotalRankingsBoltTest.positiveTopNShouldBeOk()'><b>positiveTopNShouldBeOk</b><br>Test class: storm.starter.bolt.TotalRankingsBoltTest<br>Parameters: 3</td>
<td></td>
<td>0</td>
<td>storm.starter.bolt.TotalRankingsBoltTest@7194b34a</td></tr>
<tr>
<td title='storm.starter.bolt.TotalRankingsBoltTest.positiveTopNShouldBeOk()'><b>positiveTopNShouldBeOk</b><br>Test class: storm.starter.bolt.TotalRankingsBoltTest<br>Parameters: 20</td>
<td></td>
<td>0</td>
<td>storm.starter.bolt.TotalRankingsBoltTest@7194b34a</td></tr>
<tr>
<td title='storm.starter.tools.RankableObjectWithFieldsTest.shouldBeEqualToItself()'><b>shouldBeEqualToItself</b><br>Test class: storm.starter.tools.RankableObjectWithFieldsTest</td>
<td></td>
<td>0</td>
<td>storm.starter.tools.RankableObjectWithFieldsTest@6f3a342a</td></tr>
<tr>
<td title='storm.starter.tools.RankableObjectWithFieldsTest.shouldBeEqualToTrueDuplicates()'><b>shouldBeEqualToTrueDuplicates</b><br>Test class: storm.starter.tools.RankableObjectWithFieldsTest<br>Parameters: [foo|0], [foo|0]</td>
<td></td>
<td>0</td>
<td>storm.starter.tools.RankableObjectWithFieldsTest@6f3a342a</td></tr>
<tr>
<td title='storm.starter.tools.RankableObjectWithFieldsTest.shouldBeEqualToTrueDuplicates()'><b>shouldBeEqualToTrueDuplicates</b><br>Test class: storm.starter.tools.RankableObjectWithFieldsTest<br>Parameters: [foo|0], [foo|0|someOtherField]</td>
<td></td>
<td>0</td>
<td>storm.starter.tools.RankableObjectWithFieldsTest@6f3a342a</td></tr>
<tr>
<td title='storm.starter.tools.RankableObjectWithFieldsTest.shouldBeEqualToTrueDuplicates()'><b>shouldBeEqualToTrueDuplicates</b><br>Test class: storm.starter.tools.RankableObjectWithFieldsTest<br>Parameters: [foo|0|someField], [foo|0|someOtherField]</td>
<td></td>
<td>0</td>
<td>storm.starter.tools.RankableObjectWithFieldsTest@6f3a342a</td></tr>
<tr>
<td title='storm.starter.tools.RankingsTest.shouldCorrectlyRankWhenEmptyAndUpdatedWithOtherRankings()'><b>shouldCorrectlyRankWhenEmptyAndUpdatedWithOtherRankings</b><br>Test class: storm.starter.tools.RankingsTest<br>Parameters: [[A|1]], [[A|1]]</td>
<td></td>
<td>0</td>
<td>storm.starter.tools.RankingsTest@2e63764d</td></tr>
<tr>
<td title='storm.starter.tools.RankingsTest.shouldCorrectlyRankWhenEmptyAndUpdatedWithOtherRankings()'><b>shouldCorrectlyRankWhenEmptyAndUpdatedWithOtherRankings</b><br>Test class: storm.starter.tools.RankingsTest<br>Parameters: [[B|2], [D|4], [A|1], [C|3]], [[D|4], [C|3], [B|2], [A|1]]</td>
<td></td>
<td>0</td>
<td>storm.starter.tools.RankingsTest@2e63764d</td></tr>
<tr>
<td title='storm.starter.tools.RankingsTest.shouldCorrectlyRankWhenEmptyAndUpdatedWithOtherRankings()'><b>shouldCorrectlyRankWhenEmptyAndUpdatedWithOtherRankings</b><br>Test class: storm.starter.tools.RankingsTest<br>Parameters: [[B|2], [F|6], [A|1], [C|3], [D|4], [E|5]], [[F|6], [E|5], [D|4], [C|3], [B|2], [A|1]]</td>
<td></td>
<td>0</td>
<td>storm.starter.tools.RankingsTest@2e63764d</td></tr>
<tr>
<td title='storm.starter.tools.RankingsTest.shouldCorrectlyRankWhenEmptyAndUpdatedWithOtherRankings()'><b>shouldCorrectlyRankWhenEmptyAndUpdatedWithOtherRankings</b><br>Test class: storm.starter.tools.RankingsTest<br>Parameters: [[G|7], [B|2], [F|6], [A|1], [C|3], [D|4], [E|5], [H|8]], [[H|8], [G|7], [F|6], [E|5], [D|4], [C|3], [B|2], [A|1]]</td>
<td></td>
<td>0</td>
<td>storm.starter.tools.RankingsTest@2e63764d</td></tr>
<tr>
<td title='storm.starter.tools.RankingsTest.shouldCorrectlyRankWhenNotEmptyAndUpdatedWithOtherRankings()'><b>shouldCorrectlyRankWhenNotEmptyAndUpdatedWithOtherRankings</b><br>Test class: storm.starter.tools.RankingsTest<br>Parameters: [[A|1]], [[A|1]], [[A|1]]</td>
<td></td>
<td>0</td>
<td>storm.starter.tools.RankingsTest@2e63764d</td></tr>
<tr>
<td title='storm.starter.tools.RankingsTest.shouldCorrectlyRankWhenNotEmptyAndUpdatedWithOtherRankings()'><b>shouldCorrectlyRankWhenNotEmptyAndUpdatedWithOtherRankings</b><br>Test class: storm.starter.tools.RankingsTest<br>Parameters: [[A|1], [C|3]], [[B|2], [D|4]], [[D|4], [C|3], [B|2], [A|1]]</td>
<td></td>
<td>0</td>
<td>storm.starter.tools.RankingsTest@2e63764d</td></tr>
<tr>
<td title='storm.starter.tools.RankingsTest.shouldCorrectlyRankWhenNotEmptyAndUpdatedWithOtherRankings()'><b>shouldCorrectlyRankWhenNotEmptyAndUpdatedWithOtherRankings</b><br>Test class: storm.starter.tools.RankingsTest<br>Parameters: [[B|2], [F|6], [A|1]], [[C|3], [D|4], [E|5]], [[F|6], [E|5], [D|4], [C|3], [B|2], [A|1]]</td>
<td></td>
<td>0</td>
<td>storm.starter.tools.RankingsTest@2e63764d</td></tr>
<tr>
<td title='storm.starter.tools.RankingsTest.shouldCorrectlyRankWhenNotEmptyAndUpdatedWithOtherRankings()'><b>shouldCorrectlyRankWhenNotEmptyAndUpdatedWithOtherRankings</b><br>Test class: storm.starter.tools.RankingsTest<br>Parameters: [[G|7], [B|2], [F|6], [A|1], [C|3]], [[D|4], [E|5], [H|8]], [[H|8], [G|7], [F|6], [E|5], [D|4], [C|3], [B|2], [A|1]]</td>
<td></td>
<td>0</td>
<td>storm.starter.tools.RankingsTest@2e63764d</td></tr>
<tr>
<td title='storm.starter.tools.RankingsTest.shouldCorrectlyRankWhenUpdatedWithEmptyOtherRankings()'><b>shouldCorrectlyRankWhenUpdatedWithEmptyOtherRankings</b><br>Test class: storm.starter.tools.RankingsTest<br>Parameters: [[A|1]], [[A|1]]</td>
<td></td>
<td>0</td>
<td>storm.starter.tools.RankingsTest@2e63764d</td></tr>
<tr>
<td title='storm.starter.tools.RankingsTest.shouldCorrectlyRankWhenUpdatedWithEmptyOtherRankings()'><b>shouldCorrectlyRankWhenUpdatedWithEmptyOtherRankings</b><br>Test class: storm.starter.tools.RankingsTest<br>Parameters: [[B|2], [D|4], [A|1], [C|3]], [[D|4], [C|3], [B|2], [A|1]]</td>
<td></td>
<td>0</td>
<td>storm.starter.tools.RankingsTest@2e63764d</td></tr>
<tr>
<td title='storm.starter.tools.RankingsTest.shouldCorrectlyRankWhenUpdatedWithEmptyOtherRankings()'><b>shouldCorrectlyRankWhenUpdatedWithEmptyOtherRankings</b><br>Test class: storm.starter.tools.RankingsTest<br>Parameters: [[B|2], [F|6], [A|1], [C|3], [D|4], [E|5]], [[F|6], [E|5], [D|4], [C|3], [B|2], [A|1]]</td>
<td></td>
<td>0</td>
<td>storm.starter.tools.RankingsTest@2e63764d</td></tr>
<tr>
<td title='storm.starter.tools.RankingsTest.shouldCorrectlyRankWhenUpdatedWithEmptyOtherRankings()'><b>shouldCorrectlyRankWhenUpdatedWithEmptyOtherRankings</b><br>Test class: storm.starter.tools.RankingsTest<br>Parameters: [[G|7], [B|2], [F|6], [A|1], [C|3], [D|4], [E|5], [H|8]], [[H|8], [G|7], [F|6], [E|5], [D|4], [C|3], [B|2], [A|1]]</td>
<td></td>
<td>0</td>
<td>storm.starter.tools.RankingsTest@2e63764d</td></tr>
<tr>
<td title='storm.starter.tools.RankingsTest.shouldCorrectlyRankWhenUpdatedWithRankables()'><b>shouldCorrectlyRankWhenUpdatedWithRankables</b><br>Test class: storm.starter.tools.RankingsTest<br>Parameters: [[A|1]], [[A|1]]</td>
<td></td>
<td>0</td>
<td>storm.starter.tools.RankingsTest@2e63764d</td></tr>
<tr>
<td title='storm.starter.tools.RankingsTest.shouldCorrectlyRankWhenUpdatedWithRankables()'><b>shouldCorrectlyRankWhenUpdatedWithRankables</b><br>Test class: storm.starter.tools.RankingsTest<br>Parameters: [[B|2], [D|4], [A|1], [C|3]], [[D|4], [C|3], [B|2], [A|1]]</td>
<td></td>
<td>0</td>
<td>storm.starter.tools.RankingsTest@2e63764d</td></tr>
<tr>
<td title='storm.starter.tools.RankingsTest.shouldCorrectlyRankWhenUpdatedWithRankables()'><b>shouldCorrectlyRankWhenUpdatedWithRankables</b><br>Test class: storm.starter.tools.RankingsTest<br>Parameters: [[B|2], [F|6], [A|1], [C|3], [D|4], [E|5]], [[F|6], [E|5], [D|4], [C|3], [B|2], [A|1]]</td>
<td></td>
<td>0</td>
<td>storm.starter.tools.RankingsTest@2e63764d</td></tr>
<tr>
<td title='storm.starter.tools.RankingsTest.shouldCorrectlyRankWhenUpdatedWithRankables()'><b>shouldCorrectlyRankWhenUpdatedWithRankables</b><br>Test class: storm.starter.tools.RankingsTest<br>Parameters: [[G|7], [B|2], [F|6], [A|1], [C|3], [D|4], [E|5], [H|8]], [[H|8], [G|7], [F|6], [E|5], [D|4], [C|3], [B|2], [A|1]]</td>
<td></td>
<td>0</td>
<td>storm.starter.tools.RankingsTest@2e63764d</td></tr>
<tr>
<td title='storm.starter.tools.RankableObjectWithFieldsTest.shouldCreateRankableObjectFromTuple()'><b>shouldCreateRankableObjectFromTuple</b><br>Test class: storm.starter.tools.RankableObjectWithFieldsTest</td>
<td></td>
<td>0</td>
<td>storm.starter.tools.RankableObjectWithFieldsTest@6f3a342a</td></tr>
<tr>
<td title='storm.starter.bolt.IntermediateRankingsBoltTest.shouldDeclareOutputFields()'><b>shouldDeclareOutputFields</b><br>Test class: storm.starter.bolt.IntermediateRankingsBoltTest</td>
<td></td>
<td>0</td>
<td>storm.starter.bolt.IntermediateRankingsBoltTest@2b8aef48</td></tr>
<tr>
<td title='storm.starter.bolt.RollingCountBoltTest.shouldDeclareOutputFields()'><b>shouldDeclareOutputFields</b><br>Test class: storm.starter.bolt.RollingCountBoltTest</td>
<td></td>
<td>0</td>
<td>storm.starter.bolt.RollingCountBoltTest@2c72dc45</td></tr>
<tr>
<td title='storm.starter.bolt.TotalRankingsBoltTest.shouldDeclareOutputFields()'><b>shouldDeclareOutputFields</b><br>Test class: storm.starter.bolt.TotalRankingsBoltTest</td>
<td></td>
<td>0</td>
<td>storm.starter.bolt.TotalRankingsBoltTest@7194b34a</td></tr>
<tr>
<td title='storm.starter.bolt.RollingCountBoltTest.shouldEmitNothingIfNoObjectHasBeenCountedYetAndTickTupleIsReceived()'><b>shouldEmitNothingIfNoObjectHasBeenCountedYetAndTickTupleIsReceived</b><br>Test class: storm.starter.bolt.RollingCountBoltTest</td>
<td></td>
<td>0</td>
<td>storm.starter.bolt.RollingCountBoltTest@2c72dc45</td></tr>
<tr>
<td title='storm.starter.bolt.IntermediateRankingsBoltTest.shouldEmitNothingIfNormalTupleIsReceived()'><b>shouldEmitNothingIfNormalTupleIsReceived</b><br>Test class: storm.starter.bolt.IntermediateRankingsBoltTest</td>
<td></td>
<td>0</td>
<td>storm.starter.bolt.IntermediateRankingsBoltTest@2b8aef48</td></tr>
<tr>
<td title='storm.starter.bolt.TotalRankingsBoltTest.shouldEmitNothingIfNormalTupleIsReceived()'><b>shouldEmitNothingIfNormalTupleIsReceived</b><br>Test class: storm.starter.bolt.TotalRankingsBoltTest</td>
<td></td>
<td>0</td>
<td>storm.starter.bolt.TotalRankingsBoltTest@7194b34a</td></tr>
<tr>
<td title='storm.starter.bolt.RollingCountBoltTest.shouldEmitSomethingIfAtLeastOneObjectWasCountedAndTickTupleIsReceived()'><b>shouldEmitSomethingIfAtLeastOneObjectWasCountedAndTickTupleIsReceived</b><br>Test class: storm.starter.bolt.RollingCountBoltTest</td>
<td></td>
<td>0</td>
<td>storm.starter.bolt.RollingCountBoltTest@2c72dc45</td></tr>
<tr>
<td title='storm.starter.bolt.IntermediateRankingsBoltTest.shouldEmitSomethingIfTickTupleIsReceived()'><b>shouldEmitSomethingIfTickTupleIsReceived</b><br>Test class: storm.starter.bolt.IntermediateRankingsBoltTest</td>
<td></td>
<td>0</td>
<td>storm.starter.bolt.IntermediateRankingsBoltTest@2b8aef48</td></tr>
<tr>
<td title='storm.starter.bolt.TotalRankingsBoltTest.shouldEmitSomethingIfTickTupleIsReceived()'><b>shouldEmitSomethingIfTickTupleIsReceived</b><br>Test class: storm.starter.bolt.TotalRankingsBoltTest</td>
<td></td>
<td>0</td>
<td>storm.starter.bolt.TotalRankingsBoltTest@7194b34a</td></tr>
<tr>
<td title='storm.starter.tools.RankingsTest.shouldHaveDefaultConstructor()'><b>shouldHaveDefaultConstructor</b><br>Test class: storm.starter.tools.RankingsTest</td>
<td></td>
<td>0</td>
<td>storm.starter.tools.RankingsTest@2e63764d</td></tr>
<tr>
<td title='storm.starter.tools.RankableObjectWithFieldsTest.shouldHaveDifferentHashCodeThanFalseDuplicates()'><b>shouldHaveDifferentHashCodeThanFalseDuplicates</b><br>Test class: storm.starter.tools.RankableObjectWithFieldsTest<br>Parameters: [foo|0], [foo|1]</td>
<td></td>
<td>0</td>
<td>storm.starter.tools.RankableObjectWithFieldsTest@6f3a342a</td></tr>
<tr>
<td title='storm.starter.tools.RankableObjectWithFieldsTest.shouldHaveDifferentHashCodeThanFalseDuplicates()'><b>shouldHaveDifferentHashCodeThanFalseDuplicates</b><br>Test class: storm.starter.tools.RankableObjectWithFieldsTest<br>Parameters: [foo|1], [Foo|1]</td>
<td></td>
<td>0</td>
<td>storm.starter.tools.RankableObjectWithFieldsTest@6f3a342a</td></tr>
<tr>
<td title='storm.starter.tools.RankableObjectWithFieldsTest.shouldHaveDifferentHashCodeThanFalseDuplicates()'><b>shouldHaveDifferentHashCodeThanFalseDuplicates</b><br>Test class: storm.starter.tools.RankableObjectWithFieldsTest<br>Parameters: [foo|1], [FOO|1]</td>
<td></td>
<td>0</td>
<td>storm.starter.tools.RankableObjectWithFieldsTest@6f3a342a</td></tr>
<tr>
<td title='storm.starter.tools.RankableObjectWithFieldsTest.shouldHaveDifferentHashCodeThanFalseDuplicates()'><b>shouldHaveDifferentHashCodeThanFalseDuplicates</b><br>Test class: storm.starter.tools.RankableObjectWithFieldsTest<br>Parameters: [foo|1], [bar|1]</td>
<td></td>
<td>0</td>
<td>storm.starter.tools.RankableObjectWithFieldsTest@6f3a342a</td></tr>
<tr>
<td title='storm.starter.tools.RankableObjectWithFieldsTest.shouldHaveDifferentHashCodeThanFalseDuplicates()'><b>shouldHaveDifferentHashCodeThanFalseDuplicates</b><br>Test class: storm.starter.tools.RankableObjectWithFieldsTest<br>Parameters: [|0], [|1]</td>
<td></td>
<td>0</td>
<td>storm.starter.tools.RankableObjectWithFieldsTest@6f3a342a</td></tr>
<tr>
<td title='storm.starter.tools.RankableObjectWithFieldsTest.shouldHaveDifferentHashCodeThanFalseDuplicates()'><b>shouldHaveDifferentHashCodeThanFalseDuplicates</b><br>Test class: storm.starter.tools.RankableObjectWithFieldsTest<br>Parameters: [|1], [bar|1]</td>
<td></td>
<td>0</td>
<td>storm.starter.tools.RankableObjectWithFieldsTest@6f3a342a</td></tr>
<tr>
<td title='storm.starter.tools.RankableObjectWithFieldsTest.shouldHaveSameHashCodeAsTrueDuplicates()'><b>shouldHaveSameHashCodeAsTrueDuplicates</b><br>Test class: storm.starter.tools.RankableObjectWithFieldsTest<br>Parameters: [foo|0], [foo|0]</td>
<td></td>
<td>0</td>
<td>storm.starter.tools.RankableObjectWithFieldsTest@6f3a342a</td></tr>
<tr>
<td title='storm.starter.tools.RankableObjectWithFieldsTest.shouldHaveSameHashCodeAsTrueDuplicates()'><b>shouldHaveSameHashCodeAsTrueDuplicates</b><br>Test class: storm.starter.tools.RankableObjectWithFieldsTest<br>Parameters: [foo|0], [foo|0|someOtherField]</td>
<td></td>
<td>0</td>
<td>storm.starter.tools.RankableObjectWithFieldsTest@6f3a342a</td></tr>
<tr>
<td title='storm.starter.tools.RankableObjectWithFieldsTest.shouldHaveSameHashCodeAsTrueDuplicates()'><b>shouldHaveSameHashCodeAsTrueDuplicates</b><br>Test class: storm.starter.tools.RankableObjectWithFieldsTest<br>Parameters: [foo|0|someField], [foo|0|someOtherField]</td>
<td></td>
<td>0</td>
<td>storm.starter.tools.RankableObjectWithFieldsTest@6f3a342a</td></tr>
<tr>
<td title='storm.starter.tools.SlotBasedCounterTest.shouldIncrementCount()'><b>shouldIncrementCount</b><br>Test class: storm.starter.tools.SlotBasedCounterTest<br>Parameters: [Ljava.lang.String;@79a1b224, [I@66b697de</td>
<td></td>
<td>0</td>
<td>storm.starter.tools.SlotBasedCounterTest@6ee7e2ec</td></tr>
<tr>
<td title='storm.starter.tools.SlotBasedCounterTest.shouldIncrementCountOnlyOneSlotAtATime()'><b>shouldIncrementCountOnlyOneSlotAtATime</b><br>Test class: storm.starter.tools.SlotBasedCounterTest</td>
<td></td>
<td>0</td>
<td>storm.starter.tools.SlotBasedCounterTest@6ee7e2ec</td></tr>
<tr>
<td title='storm.starter.tools.RankableObjectWithFieldsTest.shouldNotBeEqualToFalseDuplicates()'><b>shouldNotBeEqualToFalseDuplicates</b><br>Test class: storm.starter.tools.RankableObjectWithFieldsTest<br>Parameters: [foo|0], [foo|1]</td>
<td></td>
<td>0</td>
<td>storm.starter.tools.RankableObjectWithFieldsTest@6f3a342a</td></tr>
<tr>
<td title='storm.starter.tools.RankableObjectWithFieldsTest.shouldNotBeEqualToFalseDuplicates()'><b>shouldNotBeEqualToFalseDuplicates</b><br>Test class: storm.starter.tools.RankableObjectWithFieldsTest<br>Parameters: [foo|1], [Foo|1]</td>
<td></td>
<td>0</td>
<td>storm.starter.tools.RankableObjectWithFieldsTest@6f3a342a</td></tr>
<tr>
<td title='storm.starter.tools.RankableObjectWithFieldsTest.shouldNotBeEqualToFalseDuplicates()'><b>shouldNotBeEqualToFalseDuplicates</b><br>Test class: storm.starter.tools.RankableObjectWithFieldsTest<br>Parameters: [foo|1], [FOO|1]</td>
<td></td>
<td>0</td>
<td>storm.starter.tools.RankableObjectWithFieldsTest@6f3a342a</td></tr>
<tr>
<td title='storm.starter.tools.RankableObjectWithFieldsTest.shouldNotBeEqualToFalseDuplicates()'><b>shouldNotBeEqualToFalseDuplicates</b><br>Test class: storm.starter.tools.RankableObjectWithFieldsTest<br>Parameters: [foo|1], [bar|1]</td>
<td></td>
<td>0</td>
<td>storm.starter.tools.RankableObjectWithFieldsTest@6f3a342a</td></tr>
<tr>
<td title='storm.starter.tools.RankableObjectWithFieldsTest.shouldNotBeEqualToFalseDuplicates()'><b>shouldNotBeEqualToFalseDuplicates</b><br>Test class: storm.starter.tools.RankableObjectWithFieldsTest<br>Parameters: [|0], [|1]</td>
<td></td>
<td>0</td>
<td>storm.starter.tools.RankableObjectWithFieldsTest@6f3a342a</td></tr>
<tr>
<td title='storm.starter.tools.RankableObjectWithFieldsTest.shouldNotBeEqualToFalseDuplicates()'><b>shouldNotBeEqualToFalseDuplicates</b><br>Test class: storm.starter.tools.RankableObjectWithFieldsTest<br>Parameters: [|1], [bar|1]</td>
<td></td>
<td>0</td>
<td>storm.starter.tools.RankableObjectWithFieldsTest@6f3a342a</td></tr>
<tr>
<td title='storm.starter.tools.RankableObjectWithFieldsTest.shouldNotBeEqualToInstancesOfOtherClasses()'><b>shouldNotBeEqualToInstancesOfOtherClasses</b><br>Test class: storm.starter.tools.RankableObjectWithFieldsTest<br>Parameters: foo</td>
<td></td>
<td>0</td>
<td>storm.starter.tools.RankableObjectWithFieldsTest@6f3a342a</td></tr>
<tr>
<td title='storm.starter.tools.RankableObjectWithFieldsTest.shouldNotBeEqualToInstancesOfOtherClasses()'><b>shouldNotBeEqualToInstancesOfOtherClasses</b><br>Test class: storm.starter.tools.RankableObjectWithFieldsTest<br>Parameters: java.lang.Object@f395158</td>
<td></td>
<td>0</td>
<td>storm.starter.tools.RankableObjectWithFieldsTest@6f3a342a</td></tr>
<tr>
<td title='storm.starter.tools.RankableObjectWithFieldsTest.shouldNotBeEqualToInstancesOfOtherClasses()'><b>shouldNotBeEqualToInstancesOfOtherClasses</b><br>Test class: storm.starter.tools.RankableObjectWithFieldsTest<br>Parameters: 4</td>
<td></td>
<td>0</td>
<td>storm.starter.tools.RankableObjectWithFieldsTest@6f3a342a</td></tr>
<tr>
<td title='storm.starter.tools.RankableObjectWithFieldsTest.shouldNotBeEqualToInstancesOfOtherClasses()'><b>shouldNotBeEqualToInstancesOfOtherClasses</b><br>Test class: storm.starter.tools.RankableObjectWithFieldsTest<br>Parameters: [7, 8, 9]</td>
<td></td>
<td>0</td>
<td>storm.starter.tools.RankableObjectWithFieldsTest@6f3a342a</td></tr>
<tr>
<td title='storm.starter.tools.RankingsTest.shouldNotRankDuplicateObjectsMoreThanOnce()'><b>shouldNotRankDuplicateObjectsMoreThanOnce</b><br>Test class: storm.starter.tools.RankingsTest<br>Parameters: [[someObject|42], [someObject|42], [someObject|42]]</td>
<td></td>
<td>0</td>
<td>storm.starter.tools.RankingsTest@2e63764d</td></tr>
<tr>
<td title='storm.starter.tools.RankingsTest.shouldNotRankDuplicateObjectsMoreThanOnce()'><b>shouldNotRankDuplicateObjectsMoreThanOnce</b><br>Test class: storm.starter.tools.RankingsTest<br>Parameters: [[A|1], [A|2], [A|3]]</td>
<td></td>
<td>0</td>
<td>storm.starter.tools.RankingsTest@2e63764d</td></tr>
<tr>
<td title='storm.starter.tools.RankingsTest.shouldRemoveZeroCounts()'><b>shouldRemoveZeroCounts</b><br>Test class: storm.starter.tools.RankingsTest<br>Parameters: [[A|1], [ZERO_COUNT|0]], [[A|1]]</td>
<td></td>
<td>0</td>
<td>storm.starter.tools.RankingsTest@2e63764d</td></tr>
<tr>
<td title='storm.starter.tools.RankingsTest.shouldRemoveZeroCounts()'><b>shouldRemoveZeroCounts</b><br>Test class: storm.starter.tools.RankingsTest<br>Parameters: [[A|1]], [[A|1]]</td>
<td></td>
<td>0</td>
<td>storm.starter.tools.RankingsTest@2e63764d</td></tr>
<tr>
<td title='storm.starter.tools.RankingsTest.shouldRemoveZeroCounts()'><b>shouldRemoveZeroCounts</b><br>Test class: storm.starter.tools.RankingsTest<br>Parameters: [[ZERO_COUNT|0], [A|1]], [[A|1]]</td>
<td></td>
<td>0</td>
<td>storm.starter.tools.RankingsTest@2e63764d</td></tr>
<tr>
<td title='storm.starter.tools.RankingsTest.shouldRemoveZeroCounts()'><b>shouldRemoveZeroCounts</b><br>Test class: storm.starter.tools.RankingsTest<br>Parameters: [[ZERO_COUNT|0]], []</td>
<td></td>
<td>0</td>
<td>storm.starter.tools.RankingsTest@2e63764d</td></tr>
<tr>
<td title='storm.starter.tools.RankingsTest.shouldRemoveZeroCounts()'><b>shouldRemoveZeroCounts</b><br>Test class: storm.starter.tools.RankingsTest<br>Parameters: [[ZERO_COUNT|0], [ZERO2|0]], []</td>
<td></td>
<td>0</td>
<td>storm.starter.tools.RankingsTest@2e63764d</td></tr>
<tr>
<td title='storm.starter.tools.RankingsTest.shouldRemoveZeroCounts()'><b>shouldRemoveZeroCounts</b><br>Test class: storm.starter.tools.RankingsTest<br>Parameters: [[B|2], [ZERO_COUNT|0], [ZERO2|0], [D|4], [ZERO3|0], [ZERO4|0], [C|3]], [[D|4], [C|3], [B|2]]</td>
<td></td>
<td>0</td>
<td>storm.starter.tools.RankingsTest@2e63764d</td></tr>
<tr>
<td title='storm.starter.tools.RankingsTest.shouldRemoveZeroCounts()'><b>shouldRemoveZeroCounts</b><br>Test class: storm.starter.tools.RankingsTest<br>Parameters: [[A|1], [ZERO_COUNT|0], [B|2]], [[B|2], [A|1]]</td>
<td></td>
<td>0</td>
<td>storm.starter.tools.RankingsTest@2e63764d</td></tr>
<tr>
<td title='storm.starter.tools.NthLastModifiedTimeTrackerTest.shouldReturnCorrectModifiedTimeEvenWhenNotYetMarkedAsModified()'><b>shouldReturnCorrectModifiedTimeEvenWhenNotYetMarkedAsModified</b><br>Test class: storm.starter.tools.NthLastModifiedTimeTrackerTest<br>Parameters: 0</td>
<td></td>
<td>0</td>
<td>storm.starter.tools.NthLastModifiedTimeTrackerTest@39e32cd6</td></tr>
<tr>
<td title='storm.starter.tools.NthLastModifiedTimeTrackerTest.shouldReturnCorrectModifiedTimeEvenWhenNotYetMarkedAsModified()'><b>shouldReturnCorrectModifiedTimeEvenWhenNotYetMarkedAsModified</b><br>Test class: storm.starter.tools.NthLastModifiedTimeTrackerTest<br>Parameters: 1</td>
<td></td>
<td>0</td>
<td>storm.starter.tools.NthLastModifiedTimeTrackerTest@39e32cd6</td></tr>
<tr>
<td title='storm.starter.tools.NthLastModifiedTimeTrackerTest.shouldReturnCorrectModifiedTimeEvenWhenNotYetMarkedAsModified()'><b>shouldReturnCorrectModifiedTimeEvenWhenNotYetMarkedAsModified</b><br>Test class: storm.starter.tools.NthLastModifiedTimeTrackerTest<br>Parameters: 2</td>
<td></td>
<td>0</td>
<td>storm.starter.tools.NthLastModifiedTimeTrackerTest@39e32cd6</td></tr>
<tr>
<td title='storm.starter.tools.NthLastModifiedTimeTrackerTest.shouldReturnCorrectModifiedTimeEvenWhenNotYetMarkedAsModified()'><b>shouldReturnCorrectModifiedTimeEvenWhenNotYetMarkedAsModified</b><br>Test class: storm.starter.tools.NthLastModifiedTimeTrackerTest<br>Parameters: 3</td>
<td></td>
<td>0</td>
<td>storm.starter.tools.NthLastModifiedTimeTrackerTest@39e32cd6</td></tr>
<tr>
<td title='storm.starter.tools.NthLastModifiedTimeTrackerTest.shouldReturnCorrectModifiedTimeEvenWhenNotYetMarkedAsModified()'><b>shouldReturnCorrectModifiedTimeEvenWhenNotYetMarkedAsModified</b><br>Test class: storm.starter.tools.NthLastModifiedTimeTrackerTest<br>Parameters: 4</td>
<td></td>
<td>0</td>
<td>storm.starter.tools.NthLastModifiedTimeTrackerTest@39e32cd6</td></tr>
<tr>
<td title='storm.starter.tools.NthLastModifiedTimeTrackerTest.shouldReturnCorrectModifiedTimeEvenWhenNotYetMarkedAsModified()'><b>shouldReturnCorrectModifiedTimeEvenWhenNotYetMarkedAsModified</b><br>Test class: storm.starter.tools.NthLastModifiedTimeTrackerTest<br>Parameters: 5</td>
<td></td>
<td>0</td>
<td>storm.starter.tools.NthLastModifiedTimeTrackerTest@39e32cd6</td></tr>
<tr>
<td title='storm.starter.tools.NthLastModifiedTimeTrackerTest.shouldReturnCorrectModifiedTimeEvenWhenNotYetMarkedAsModified()'><b>shouldReturnCorrectModifiedTimeEvenWhenNotYetMarkedAsModified</b><br>Test class: storm.starter.tools.NthLastModifiedTimeTrackerTest<br>Parameters: 8</td>
<td></td>
<td>0</td>
<td>storm.starter.tools.NthLastModifiedTimeTrackerTest@39e32cd6</td></tr>
<tr>
<td title='storm.starter.tools.NthLastModifiedTimeTrackerTest.shouldReturnCorrectModifiedTimeEvenWhenNotYetMarkedAsModified()'><b>shouldReturnCorrectModifiedTimeEvenWhenNotYetMarkedAsModified</b><br>Test class: storm.starter.tools.NthLastModifiedTimeTrackerTest<br>Parameters: 10</td>
<td></td>
<td>0</td>
<td>storm.starter.tools.NthLastModifiedTimeTrackerTest@39e32cd6</td></tr>
<tr>
<td title='storm.starter.tools.NthLastModifiedTimeTrackerTest.shouldReturnCorrectModifiedTimeWhenMarkedAsModified()'><b>shouldReturnCorrectModifiedTimeWhenMarkedAsModified</b><br>Test class: storm.starter.tools.NthLastModifiedTimeTrackerTest<br>Parameters: 1, [I@5daca480, [I@7163ff8b</td>
<td></td>
<td>0</td>
<td>storm.starter.tools.NthLastModifiedTimeTrackerTest@39e32cd6</td></tr>
<tr>
<td title='storm.starter.tools.NthLastModifiedTimeTrackerTest.shouldReturnCorrectModifiedTimeWhenMarkedAsModified()'><b>shouldReturnCorrectModifiedTimeWhenMarkedAsModified</b><br>Test class: storm.starter.tools.NthLastModifiedTimeTrackerTest<br>Parameters: 1, [I@5c1e38d5, [I@44255732</td>
<td></td>
<td>0</td>
<td>storm.starter.tools.NthLastModifiedTimeTrackerTest@39e32cd6</td></tr>
<tr>
<td title='storm.starter.tools.NthLastModifiedTimeTrackerTest.shouldReturnCorrectModifiedTimeWhenMarkedAsModified()'><b>shouldReturnCorrectModifiedTimeWhenMarkedAsModified</b><br>Test class: storm.starter.tools.NthLastModifiedTimeTrackerTest<br>Parameters: 2, [I@6f7fb691, [I@29ab22c7</td>
<td></td>
<td>0</td>
<td>storm.starter.tools.NthLastModifiedTimeTrackerTest@39e32cd6</td></tr>
<tr>
<td title='storm.starter.tools.NthLastModifiedTimeTrackerTest.shouldReturnCorrectModifiedTimeWhenMarkedAsModified()'><b>shouldReturnCorrectModifiedTimeWhenMarkedAsModified</b><br>Test class: storm.starter.tools.NthLastModifiedTimeTrackerTest<br>Parameters: 2, [I@22784c30, [I@7d1f4fe</td>
<td></td>
<td>0</td>
<td>storm.starter.tools.NthLastModifiedTimeTrackerTest@39e32cd6</td></tr>
<tr>
<td title='storm.starter.tools.NthLastModifiedTimeTrackerTest.shouldReturnCorrectModifiedTimeWhenMarkedAsModified()'><b>shouldReturnCorrectModifiedTimeWhenMarkedAsModified</b><br>Test class: storm.starter.tools.NthLastModifiedTimeTrackerTest<br>Parameters: 1, [I@692b53b4, [I@1b84845d</td>
<td></td>
<td>0</td>
<td>storm.starter.tools.NthLastModifiedTimeTrackerTest@39e32cd6</td></tr>
<tr>
<td title='storm.starter.tools.NthLastModifiedTimeTrackerTest.shouldReturnCorrectModifiedTimeWhenMarkedAsModified()'><b>shouldReturnCorrectModifiedTimeWhenMarkedAsModified</b><br>Test class: storm.starter.tools.NthLastModifiedTimeTrackerTest<br>Parameters: 1, [I@190e03c8, [I@671a4c51</td>
<td></td>
<td>0</td>
<td>storm.starter.tools.NthLastModifiedTimeTrackerTest@39e32cd6</td></tr>
<tr>
<td title='storm.starter.tools.NthLastModifiedTimeTrackerTest.shouldReturnCorrectModifiedTimeWhenMarkedAsModified()'><b>shouldReturnCorrectModifiedTimeWhenMarkedAsModified</b><br>Test class: storm.starter.tools.NthLastModifiedTimeTrackerTest<br>Parameters: 2, [I@6f888eb8, [I@6e520b3c</td>
<td></td>
<td>0</td>
<td>storm.starter.tools.NthLastModifiedTimeTrackerTest@39e32cd6</td></tr>
<tr>
<td title='storm.starter.tools.NthLastModifiedTimeTrackerTest.shouldReturnCorrectModifiedTimeWhenMarkedAsModified()'><b>shouldReturnCorrectModifiedTimeWhenMarkedAsModified</b><br>Test class: storm.starter.tools.NthLastModifiedTimeTrackerTest<br>Parameters: 2, [I@4c5fc8b9, [I@247310db</td>
<td></td>
<td>0</td>
<td>storm.starter.tools.NthLastModifiedTimeTrackerTest@39e32cd6</td></tr>
<tr>
<td title='storm.starter.tools.NthLastModifiedTimeTrackerTest.shouldReturnCorrectModifiedTimeWhenMarkedAsModified()'><b>shouldReturnCorrectModifiedTimeWhenMarkedAsModified</b><br>Test class: storm.starter.tools.NthLastModifiedTimeTrackerTest<br>Parameters: 2, [I@7e57ac8e, [I@2e01df6f</td>
<td></td>
<td>0</td>
<td>storm.starter.tools.NthLastModifiedTimeTrackerTest@39e32cd6</td></tr>
<tr>
<td title='storm.starter.tools.NthLastModifiedTimeTrackerTest.shouldReturnCorrectModifiedTimeWhenMarkedAsModified()'><b>shouldReturnCorrectModifiedTimeWhenMarkedAsModified</b><br>Test class: storm.starter.tools.NthLastModifiedTimeTrackerTest<br>Parameters: 3, [I@7cf40801, [I@7939b9bd</td>
<td></td>
<td>0</td>
<td>storm.starter.tools.NthLastModifiedTimeTrackerTest@39e32cd6</td></tr>
<tr>
<td title='storm.starter.tools.NthLastModifiedTimeTrackerTest.shouldReturnCorrectModifiedTimeWhenMarkedAsModified()'><b>shouldReturnCorrectModifiedTimeWhenMarkedAsModified</b><br>Test class: storm.starter.tools.NthLastModifiedTimeTrackerTest<br>Parameters: 3, [I@3cd16578, [I@575cc879</td>
<td></td>
<td>0</td>
<td>storm.starter.tools.NthLastModifiedTimeTrackerTest@39e32cd6</td></tr>
<tr>
<td title='storm.starter.tools.NthLastModifiedTimeTrackerTest.shouldReturnCorrectModifiedTimeWhenMarkedAsModified()'><b>shouldReturnCorrectModifiedTimeWhenMarkedAsModified</b><br>Test class: storm.starter.tools.NthLastModifiedTimeTrackerTest<br>Parameters: 3, [I@c6dacbe, [I@7467f451</td>
<td></td>
<td>0</td>
<td>storm.starter.tools.NthLastModifiedTimeTrackerTest@39e32cd6</td></tr>
<tr>
<td title='storm.starter.tools.NthLastModifiedTimeTrackerTest.shouldReturnCorrectModifiedTimeWhenMarkedAsModified()'><b>shouldReturnCorrectModifiedTimeWhenMarkedAsModified</b><br>Test class: storm.starter.tools.NthLastModifiedTimeTrackerTest<br>Parameters: 4, [I@54d92d8b, [I@7e3d2c31</td>
<td></td>
<td>0</td>
<td>storm.starter.tools.NthLastModifiedTimeTrackerTest@39e32cd6</td></tr>
<tr>
<td title='storm.starter.tools.NthLastModifiedTimeTrackerTest.shouldReturnCorrectModifiedTimeWhenMarkedAsModified()'><b>shouldReturnCorrectModifiedTimeWhenMarkedAsModified</b><br>Test class: storm.starter.tools.NthLastModifiedTimeTrackerTest<br>Parameters: 4, [I@622085b6, [I@452aa20e</td>
<td></td>
<td>0</td>
<td>storm.starter.tools.NthLastModifiedTimeTrackerTest@39e32cd6</td></tr>
<tr>
<td title='storm.starter.tools.NthLastModifiedTimeTrackerTest.shouldReturnCorrectModifiedTimeWhenMarkedAsModified()'><b>shouldReturnCorrectModifiedTimeWhenMarkedAsModified</b><br>Test class: storm.starter.tools.NthLastModifiedTimeTrackerTest<br>Parameters: 4, [I@71f5689b, [I@26a6d290</td>
<td></td>
<td>0</td>
<td>storm.starter.tools.NthLastModifiedTimeTrackerTest@39e32cd6</td></tr>
<tr>
<td title='storm.starter.tools.NthLastModifiedTimeTrackerTest.shouldReturnCorrectModifiedTimeWhenMarkedAsModified()'><b>shouldReturnCorrectModifiedTimeWhenMarkedAsModified</b><br>Test class: storm.starter.tools.NthLastModifiedTimeTrackerTest<br>Parameters: 5, [I@1249ffc3, [I@38366496</td>
<td></td>
<td>0</td>
<td>storm.starter.tools.NthLastModifiedTimeTrackerTest@39e32cd6</td></tr>
<tr>
<td title='storm.starter.tools.NthLastModifiedTimeTrackerTest.shouldReturnCorrectModifiedTimeWhenMarkedAsModified()'><b>shouldReturnCorrectModifiedTimeWhenMarkedAsModified</b><br>Test class: storm.starter.tools.NthLastModifiedTimeTrackerTest<br>Parameters: 5, [I@7b05d0ae, [I@3ac78e9b</td>
<td></td>
<td>0</td>
<td>storm.starter.tools.NthLastModifiedTimeTrackerTest@39e32cd6</td></tr>
<tr>
<td title='storm.starter.tools.NthLastModifiedTimeTrackerTest.shouldReturnCorrectModifiedTimeWhenMarkedAsModified()'><b>shouldReturnCorrectModifiedTimeWhenMarkedAsModified</b><br>Test class: storm.starter.tools.NthLastModifiedTimeTrackerTest<br>Parameters: 5, [I@3638043, [I@7979b071</td>
<td></td>
<td>0</td>
<td>storm.starter.tools.NthLastModifiedTimeTrackerTest@39e32cd6</td></tr>
<tr>
<td title='storm.starter.tools.NthLastModifiedTimeTrackerTest.shouldReturnCorrectModifiedTimeWhenMarkedAsModified()'><b>shouldReturnCorrectModifiedTimeWhenMarkedAsModified</b><br>Test class: storm.starter.tools.NthLastModifiedTimeTrackerTest<br>Parameters: 6, [I@242f0905, [I@bf939d2</td>
<td></td>
<td>0</td>
<td>storm.starter.tools.NthLastModifiedTimeTrackerTest@39e32cd6</td></tr>
<tr>
<td title='storm.starter.tools.NthLastModifiedTimeTrackerTest.shouldReturnCorrectModifiedTimeWhenMarkedAsModified()'><b>shouldReturnCorrectModifiedTimeWhenMarkedAsModified</b><br>Test class: storm.starter.tools.NthLastModifiedTimeTrackerTest<br>Parameters: 6, [I@17431022, [I@33d8341c</td>
<td></td>
<td>0</td>
<td>storm.starter.tools.NthLastModifiedTimeTrackerTest@39e32cd6</td></tr>
<tr>
<td title='storm.starter.tools.NthLastModifiedTimeTrackerTest.shouldReturnCorrectModifiedTimeWhenMarkedAsModified()'><b>shouldReturnCorrectModifiedTimeWhenMarkedAsModified</b><br>Test class: storm.starter.tools.NthLastModifiedTimeTrackerTest<br>Parameters: 6, [I@374534db, [I@20913236</td>
<td></td>
<td>0</td>
<td>storm.starter.tools.NthLastModifiedTimeTrackerTest@39e32cd6</td></tr>
<tr>
<td title='storm.starter.tools.NthLastModifiedTimeTrackerTest.shouldReturnCorrectModifiedTimeWhenMarkedAsModified()'><b>shouldReturnCorrectModifiedTimeWhenMarkedAsModified</b><br>Test class: storm.starter.tools.NthLastModifiedTimeTrackerTest<br>Parameters: 3, [I@1c7787ee, [I@6b7d28db</td>
<td></td>
<td>0</td>
<td>storm.starter.tools.NthLastModifiedTimeTrackerTest@39e32cd6</td></tr>
<tr>
<td title='storm.starter.tools.SlotBasedCounterTest.shouldReturnNonEmptyCountsWhenAtLeastOneObjectWasCounted()'><b>shouldReturnNonEmptyCountsWhenAtLeastOneObjectWasCounted</b><br>Test class: storm.starter.tools.SlotBasedCounterTest</td>
<td></td>
<td>0</td>
<td>storm.starter.tools.SlotBasedCounterTest@6ee7e2ec</td></tr>
<tr>
<td title='storm.starter.tools.RankableObjectWithFieldsTest.shouldReturnTheCount()'><b>shouldReturnTheCount</b><br>Test class: storm.starter.tools.RankableObjectWithFieldsTest</td>
<td></td>
<td>0</td>
<td>storm.starter.tools.RankableObjectWithFieldsTest@6f3a342a</td></tr>
<tr>
<td title='storm.starter.tools.RankableObjectWithFieldsTest.shouldReturnTheFields()'><b>shouldReturnTheFields</b><br>Test class: storm.starter.tools.RankableObjectWithFieldsTest<br>Parameters: java.lang.Object@a54d24d, 271, [Ljava.lang.Object;@660578fe</td>
<td></td>
<td>0</td>
<td>storm.starter.tools.RankableObjectWithFieldsTest@6f3a342a</td></tr>
<tr>
<td title='storm.starter.tools.RankableObjectWithFieldsTest.shouldReturnTheFields()'><b>shouldReturnTheFields</b><br>Test class: storm.starter.tools.RankableObjectWithFieldsTest<br>Parameters: quux, 42, [Ljava.lang.Object;@714aa005</td>
<td></td>
<td>0</td>
<td>storm.starter.tools.RankableObjectWithFieldsTest@6f3a342a</td></tr>
<tr>
<td title='storm.starter.tools.RankableObjectWithFieldsTest.shouldReturnTheObject()'><b>shouldReturnTheObject</b><br>Test class: storm.starter.tools.RankableObjectWithFieldsTest</td>
<td></td>
<td>0</td>
<td>storm.starter.tools.RankableObjectWithFieldsTest@6f3a342a</td></tr>
<tr>
<td title='storm.starter.tools.SlotBasedCounterTest.shouldReturnZeroForNonexistentObject()'><b>shouldReturnZeroForNonexistentObject</b><br>Test class: storm.starter.tools.SlotBasedCounterTest</td>
<td></td>
<td>0</td>
<td>storm.starter.tools.SlotBasedCounterTest@6ee7e2ec</td></tr>
<tr>
<td title='storm.starter.bolt.IntermediateRankingsBoltTest.shouldSetTickTupleFrequencyInComponentConfigurationToNonZeroValue()'><b>shouldSetTickTupleFrequencyInComponentConfigurationToNonZeroValue</b><br>Test class: storm.starter.bolt.IntermediateRankingsBoltTest</td>
<td></td>
<td>0</td>
<td>storm.starter.bolt.IntermediateRankingsBoltTest@2b8aef48</td></tr>
<tr>
<td title='storm.starter.bolt.RollingCountBoltTest.shouldSetTickTupleFrequencyInComponentConfigurationToNonZeroValue()'><b>shouldSetTickTupleFrequencyInComponentConfigurationToNonZeroValue</b><br>Test class: storm.starter.bolt.RollingCountBoltTest</td>
<td></td>
<td>0</td>
<td>storm.starter.bolt.RollingCountBoltTest@2c72dc45</td></tr>
<tr>
<td title='storm.starter.bolt.TotalRankingsBoltTest.shouldSetTickTupleFrequencyInComponentConfigurationToNonZeroValue()'><b>shouldSetTickTupleFrequencyInComponentConfigurationToNonZeroValue</b><br>Test class: storm.starter.bolt.TotalRankingsBoltTest</td>
<td></td>
<td>0</td>
<td>storm.starter.bolt.TotalRankingsBoltTest@7194b34a</td></tr>
<tr>
<td title='storm.starter.tools.RankingsTest.sizeOfRankingsShouldNotGrowBeyondTopN()'><b>sizeOfRankingsShouldNotGrowBeyondTopN</b><br>Test class: storm.starter.tools.RankingsTest<br>Parameters: 2, [[A|1], [B|2], [C|3]]</td>
<td></td>
<td>0</td>
<td>storm.starter.tools.RankingsTest@2e63764d</td></tr>
<tr>
<td title='storm.starter.tools.RankingsTest.sizeOfRankingsShouldNotGrowBeyondTopN()'><b>sizeOfRankingsShouldNotGrowBeyondTopN</b><br>Test class: storm.starter.tools.RankingsTest<br>Parameters: 2, [[A|1], [B|2], [C|3], [D|4]]</td>
<td></td>
<td>0</td>
<td>storm.starter.tools.RankingsTest@2e63764d</td></tr>
<tr>
<td title='storm.starter.tools.SlidingWindowCounterTest.testCounterWithSimulatedRuns()'><b>testCounterWithSimulatedRuns</b><br>Test class: storm.starter.tools.SlidingWindowCounterTest<br>Parameters: 2, [I@5a4fe25e, [J@3296b7a4</td>
<td></td>
<td>0</td>
<td>storm.starter.tools.SlidingWindowCounterTest@2bb4d74</td></tr>
<tr>
<td title='storm.starter.tools.SlidingWindowCounterTest.testCounterWithSimulatedRuns()'><b>testCounterWithSimulatedRuns</b><br>Test class: storm.starter.tools.SlidingWindowCounterTest<br>Parameters: 3, [I@44f289ee, [J@f3d8b9f</td>
<td></td>
<td>0</td>
<td>storm.starter.tools.SlidingWindowCounterTest@2bb4d74</td></tr>
<tr>
<td title='storm.starter.tools.SlidingWindowCounterTest.testCounterWithSimulatedRuns()'><b>testCounterWithSimulatedRuns</b><br>Test class: storm.starter.tools.SlidingWindowCounterTest<br>Parameters: 4, [I@11997b8a, [J@737daa0c</td>
<td></td>
<td>0</td>
<td>storm.starter.tools.SlidingWindowCounterTest@2bb4d74</td></tr>
<tr>
<td title='storm.starter.tools.SlidingWindowCounterTest.testCounterWithSimulatedRuns()'><b>testCounterWithSimulatedRuns</b><br>Test class: storm.starter.tools.SlidingWindowCounterTest<br>Parameters: 5, [I@3f273510, [J@270ccdd4</td>
<td></td>
<td>0</td>
<td>storm.starter.tools.SlidingWindowCounterTest@2bb4d74</td></tr>
<tr>
<td title='storm.starter.tools.SlidingWindowCounterTest.testCounterWithSimulatedRuns()'><b>testCounterWithSimulatedRuns</b><br>Test class: storm.starter.tools.SlidingWindowCounterTest<br>Parameters: 5, [I@399d2d53, [J@7e0ac1b1</td>
<td></td>
<td>0</td>
<td>storm.starter.tools.SlidingWindowCounterTest@2bb4d74</td></tr>
<tr>
<td title='storm.starter.tools.RankableObjectWithFieldsTest.toStringShouldContainStringRepresentationsOfObjectAndCount()'><b>toStringShouldContainStringRepresentationsOfObjectAndCount</b><br>Test class: storm.starter.tools.RankableObjectWithFieldsTest<br>Parameters: foo, 0</td>
<td></td>
<td>0</td>
<td>storm.starter.tools.RankableObjectWithFieldsTest@6f3a342a</td></tr>
<tr>
<td title='storm.starter.tools.RankableObjectWithFieldsTest.toStringShouldContainStringRepresentationsOfObjectAndCount()'><b>toStringShouldContainStringRepresentationsOfObjectAndCount</b><br>Test class: storm.starter.tools.RankableObjectWithFieldsTest<br>Parameters: BAR, 8</td>
<td></td>
<td>0</td>
<td>storm.starter.tools.RankableObjectWithFieldsTest@6f3a342a</td></tr>
<tr>
<td title='storm.starter.tools.SlidingWindowCounterTest.twoOrMoreSlotsShouldBeValid()'><b>twoOrMoreSlotsShouldBeValid</b><br>Test class: storm.starter.tools.SlidingWindowCounterTest<br>Parameters: 2</td>
<td></td>
<td>0</td>
<td>storm.starter.tools.SlidingWindowCounterTest@2bb4d74</td></tr>
<tr>
<td title='storm.starter.tools.SlidingWindowCounterTest.twoOrMoreSlotsShouldBeValid()'><b>twoOrMoreSlotsShouldBeValid</b><br>Test class: storm.starter.tools.SlidingWindowCounterTest<br>Parameters: 3</td>
<td></td>
<td>0</td>
<td>storm.starter.tools.SlidingWindowCounterTest@2bb4d74</td></tr>
<tr>
<td title='storm.starter.tools.SlidingWindowCounterTest.twoOrMoreSlotsShouldBeValid()'><b>twoOrMoreSlotsShouldBeValid</b><br>Test class: storm.starter.tools.SlidingWindowCounterTest<br>Parameters: 20</td>
<td></td>
<td>0</td>
<td>storm.starter.tools.SlidingWindowCounterTest@2bb4d74</td></tr>
<tr>
<td title='storm.starter.tools.RankingsTest.updatingWithNewRankablesShouldBeThreadSafe()'><b>updatingWithNewRankablesShouldBeThreadSafe</b><br>Test class: storm.starter.tools.RankingsTest</td>
<td></td>
<td>0</td>
<td>storm.starter.tools.RankingsTest@2e63764d</td></tr>
<tr>
<td title='storm.starter.tools.RankableObjectWithFieldsTest.verifyCompareTo()'><b>verifyCompareTo</b><br>Test class: storm.starter.tools.RankableObjectWithFieldsTest<br>Parameters: [foo|1000], [foo|0], 1</td>
<td></td>
<td>0</td>
<td>storm.starter.tools.RankableObjectWithFieldsTest@6f3a342a</td></tr>
<tr>
<td title='storm.starter.tools.RankableObjectWithFieldsTest.verifyCompareTo()'><b>verifyCompareTo</b><br>Test class: storm.starter.tools.RankableObjectWithFieldsTest<br>Parameters: [foo|1], [foo|0], 1</td>
<td></td>
<td>0</td>
<td>storm.starter.tools.RankableObjectWithFieldsTest@6f3a342a</td></tr>
<tr>
<td title='storm.starter.tools.RankableObjectWithFieldsTest.verifyCompareTo()'><b>verifyCompareTo</b><br>Test class: storm.starter.tools.RankableObjectWithFieldsTest<br>Parameters: [foo|1000], [bar|0], 1</td>
<td></td>
<td>0</td>
<td>storm.starter.tools.RankableObjectWithFieldsTest@6f3a342a</td></tr>
<tr>
<td title='storm.starter.tools.RankableObjectWithFieldsTest.verifyCompareTo()'><b>verifyCompareTo</b><br>Test class: storm.starter.tools.RankableObjectWithFieldsTest<br>Parameters: [foo|1], [bar|0], 1</td>
<td></td>
<td>0</td>
<td>storm.starter.tools.RankableObjectWithFieldsTest@6f3a342a</td></tr>
<tr>
<td title='storm.starter.tools.RankableObjectWithFieldsTest.verifyCompareTo()'><b>verifyCompareTo</b><br>Test class: storm.starter.tools.RankableObjectWithFieldsTest<br>Parameters: [foo|0], [foo|0], 0</td>
<td></td>
<td>0</td>
<td>storm.starter.tools.RankableObjectWithFieldsTest@6f3a342a</td></tr>
<tr>
<td title='storm.starter.tools.RankableObjectWithFieldsTest.verifyCompareTo()'><b>verifyCompareTo</b><br>Test class: storm.starter.tools.RankableObjectWithFieldsTest<br>Parameters: [foo|0], [bar|0], 0</td>
<td></td>
<td>0</td>
<td>storm.starter.tools.RankableObjectWithFieldsTest@6f3a342a</td></tr>
<tr>
<td title='storm.starter.tools.RankableObjectWithFieldsTest.verifyCompareTo()'><b>verifyCompareTo</b><br>Test class: storm.starter.tools.RankableObjectWithFieldsTest<br>Parameters: [foo|0], [foo|1000], -1</td>
<td></td>
<td>0</td>
<td>storm.starter.tools.RankableObjectWithFieldsTest@6f3a342a</td></tr>
<tr>
<td title='storm.starter.tools.RankableObjectWithFieldsTest.verifyCompareTo()'><b>verifyCompareTo</b><br>Test class: storm.starter.tools.RankableObjectWithFieldsTest<br>Parameters: [foo|0], [foo|1], -1</td>
<td></td>
<td>0</td>
<td>storm.starter.tools.RankableObjectWithFieldsTest@6f3a342a</td></tr>
<tr>
<td title='storm.starter.tools.RankableObjectWithFieldsTest.verifyCompareTo()'><b>verifyCompareTo</b><br>Test class: storm.starter.tools.RankableObjectWithFieldsTest<br>Parameters: [foo|0], [bar|1], -1</td>
<td></td>
<td>0</td>
<td>storm.starter.tools.RankableObjectWithFieldsTest@6f3a342a</td></tr>
<tr>
<td title='storm.starter.tools.RankableObjectWithFieldsTest.verifyCompareTo()'><b>verifyCompareTo</b><br>Test class: storm.starter.tools.RankableObjectWithFieldsTest<br>Parameters: [foo|0], [bar|1000], -1</td>
<td></td>
<td>0</td>
<td>storm.starter.tools.RankableObjectWithFieldsTest@6f3a342a</td></tr>
<tr>
<td title='storm.starter.tools.SlotBasedCounterTest.wipeSlotShouldSetAllCountsInSlotToZero()'><b>wipeSlotShouldSetAllCountsInSlotToZero</b><br>Test class: storm.starter.tools.SlotBasedCounterTest</td>
<td></td>
<td>0</td>
<td>storm.starter.tools.SlotBasedCounterTest@6ee7e2ec</td></tr>
<tr>
<td title='storm.starter.tools.SlotBasedCounterTest.wipeZerosShouldRemoveAnyObjectsWithZeroTotalCount()'><b>wipeZerosShouldRemoveAnyObjectsWithZeroTotalCount</b><br>Test class: storm.starter.tools.SlotBasedCounterTest</td>
<td></td>
<td>0</td>
<td>storm.starter.tools.SlotBasedCounterTest@6ee7e2ec</td></tr>
</table><p>
</body>
</html>